{
  level: 'info',
  message: 'HTTP GET /api/v1/appdata/get_landing_page_data',
  metadata: {
    meta: {
      req: {
        url: '/api/v1/appdata/get_landing_page_data',
        headers: {
          authorization: 'Bearer eyJhbGciOiJIUzI1NiIsInR5cCI6IkpXVCJ9.eyJhZG1pbl9pZCI6IjYzYWMzNDliMjE4OTk0NTYyZjdhNTY3NSIsImlhdCI6MTY4MDE3MTM5OCwiZXhwIjoxNzExNzA3Mzk4fQ.Y_yllG_VXuC90cgcYxXdoFHRt0vyAABf87pMklxskVA',
          'user-agent': 'PostmanRuntime/7.31.3',
          accept: '*/*',
          'postman-token': 'b2d23444-ac8c-4bf1-80ae-873f4f144ce6',
          host: 'localhost:3001',
          'accept-encoding': 'gzip, deflate, br',
          connection: 'keep-alive'
        },
        method: 'GET',
        httpVersion: '1.1',
        originalUrl: '/api/v1/appdata/get_landing_page_data',
        query: {}
      },
      res: { statusCode: 200 },
      responseTime: 693
    },
    timestamp: '2023-03-31T06:00:27.558Z'
  }
}
{
  level: 'info',
  message: 'HTTP POST /api/v1/admin/get_dashboard_data_by_admin',
  metadata: {
    meta: {
      req: {
        url: '/api/v1/admin/get_dashboard_data_by_admin',
        headers: {
          authorization: 'Bearer eyJhbGciOiJIUzI1NiIsInR5cCI6IkpXVCJ9.eyJhZG1pbl9pZCI6IjYzYWMzNDliMjE4OTk0NTYyZjdhNTY3NSIsImlhdCI6MTY4MDE3MTM5OCwiZXhwIjoxNzExNzA3Mzk4fQ.Y_yllG_VXuC90cgcYxXdoFHRt0vyAABf87pMklxskVA',
          'user-agent': 'PostmanRuntime/7.31.3',
          accept: '*/*',
          'postman-token': '48b06536-135a-462e-9297-81655ecc045d',
          host: 'localhost:3001',
          'accept-encoding': 'gzip, deflate, br',
          connection: 'keep-alive',
          'content-type': 'application/x-www-form-urlencoded',
          'content-length': '18'
        },
        method: 'POST',
        httpVersion: '1.1',
        originalUrl: '/api/v1/admin/get_dashboard_data_by_admin',
        query: {}
      },
      res: { statusCode: 200 },
      responseTime: 1101
    },
    timestamp: '2023-03-31T06:00:47.308Z'
  }
}
