{
  level: 'info',
  message: 'HTTP GET /api/v1/appdata/get_landing_page_data',
  metadata: {
    meta: {
      req: {
        url: '/api/v1/appdata/get_landing_page_data',
        headers: {
          authorization: 'Bearer eyJhbGciOiJIUzI1NiIsInR5cCI6IkpXVCJ9.eyJhZG1pbl9pZCI6IjYzYWMzNDliMjE4OTk0NTYyZjdhNTY3NSIsImlhdCI6MTY4MDE3MTM5OCwiZXhwIjoxNzExNzA3Mzk4fQ.Y_yllG_VXuC90cgcYxXdoFHRt0vyAABf87pMklxskVA',
          'user-agent': 'PostmanRuntime/7.31.3',
          accept: '*/*',
          'postman-token': 'b2d23444-ac8c-4bf1-80ae-873f4f144ce6',
          host: 'localhost:3001',
          'accept-encoding': 'gzip, deflate, br',
          connection: 'keep-alive'
        },
        method: 'GET',
        httpVersion: '1.1',
        originalUrl: '/api/v1/appdata/get_landing_page_data',
        query: {}
      },
      res: { statusCode: 200 },
      responseTime: 693
    },
    timestamp: '2023-03-31T06:00:27.558Z'
  }
}
{
  level: 'info',
  message: 'HTTP POST /api/v1/admin/get_dashboard_data_by_admin',
  metadata: {
    meta: {
      req: {
        url: '/api/v1/admin/get_dashboard_data_by_admin',
        headers: {
          authorization: 'Bearer eyJhbGciOiJIUzI1NiIsInR5cCI6IkpXVCJ9.eyJhZG1pbl9pZCI6IjYzYWMzNDliMjE4OTk0NTYyZjdhNTY3NSIsImlhdCI6MTY4MDE3MTM5OCwiZXhwIjoxNzExNzA3Mzk4fQ.Y_yllG_VXuC90cgcYxXdoFHRt0vyAABf87pMklxskVA',
          'user-agent': 'PostmanRuntime/7.31.3',
          accept: '*/*',
          'postman-token': '48b06536-135a-462e-9297-81655ecc045d',
          host: 'localhost:3001',
          'accept-encoding': 'gzip, deflate, br',
          connection: 'keep-alive',
          'content-type': 'application/x-www-form-urlencoded',
          'content-length': '18'
        },
        method: 'POST',
        httpVersion: '1.1',
        originalUrl: '/api/v1/admin/get_dashboard_data_by_admin',
        query: {}
      },
      res: { statusCode: 200 },
      responseTime: 1101
    },
    timestamp: '2023-03-31T06:00:47.308Z'
  }
}
{
  level: 'info',
  message: 'HTTP POST /api/v1/admin/get_all_users_details_admin',
  metadata: {
    meta: {
      req: {
        url: '/api/v1/admin/get_all_users_details_admin',
        headers: {
          authorization: 'Bearer eyJhbGciOiJIUzI1NiIsInR5cCI6IkpXVCJ9.eyJhZG1pbl9pZCI6IjYzYWMzNDliMjE4OTk0NTYyZjdhNTY3NSIsImlhdCI6MTY4MDE3MTM5OCwiZXhwIjoxNzExNzA3Mzk4fQ.Y_yllG_VXuC90cgcYxXdoFHRt0vyAABf87pMklxskVA',
          'user-agent': 'PostmanRuntime/7.31.3',
          accept: '*/*',
          'postman-token': '449d5390-439f-41bb-98c4-cbcd84a1de3d',
          host: 'localhost:3001',
          'accept-encoding': 'gzip, deflate, br',
          connection: 'keep-alive',
          'content-length': '0'
        },
        method: 'POST',
        httpVersion: '1.1',
        originalUrl: '/api/v1/admin/get_all_users_details_admin',
        query: {}
      },
      res: { statusCode: 200 },
      responseTime: 1600
    },
    timestamp: '2023-03-31T10:23:57.177Z'
  }
}
{
  level: 'warn',
  message: 'HTTP POST /api/v1/bookings/update_booking_number',
  metadata: {
    meta: {
      req: {
        url: '/api/v1/bookings/update_booking_number',
        headers: {
          'user-agent': 'PostmanRuntime/7.31.3',
          accept: '*/*',
          'postman-token': '240c41ca-a65d-4868-bf3d-5120dbddd428',
          host: 'localhost:3001',
          'accept-encoding': 'gzip, deflate, br',
          connection: 'keep-alive',
          'content-length': '0'
        },
        method: 'POST',
        httpVersion: '1.1',
        originalUrl: '/api/v1/bookings/update_booking_number',
        query: {}
      },
      res: { statusCode: 401 },
      responseTime: 13
    },
    timestamp: '2023-03-31T10:59:49.220Z'
  }
}
{
  level: 'warn',
  message: 'HTTP POST /api/v1/bookings/update_booking_number',
  metadata: {
    meta: {
      req: {
        url: '/api/v1/bookings/update_booking_number',
        headers: {
          authorization: 'Bearer eyJhbGciOiJIUzI1NiIsInR5cCI6IkpXVCJ9.eyJhZG1pbl9pZCI6IjYzYWMzNDliMjE4OTk0NTYyZjdhNTY3NSIsImlhdCI6MTY4MDE3MTM5OCwiZXhwIjoxNzExNzA3Mzk4fQ.Y_yllG_VXuC90cgcYxXdoFHRt0vyAABf87pMklxskVA',
          'user-agent': 'PostmanRuntime/7.31.3',
          accept: '*/*',
          'postman-token': '1d3f3b55-dea9-45ef-84ab-16ac80b6229a',
          host: 'localhost:3001',
          'accept-encoding': 'gzip, deflate, br',
          connection: 'keep-alive',
          'content-length': '0'
        },
        method: 'POST',
        httpVersion: '1.1',
        originalUrl: '/api/v1/bookings/update_booking_number',
        query: {}
      },
      res: { statusCode: 423 },
      responseTime: 342
    },
    timestamp: '2023-03-31T10:59:58.134Z'
  }
}
{
  level: 'info',
  message: 'HTTP POST /api/v1/user/login',
  metadata: {
    meta: {
      req: {
        url: '/api/v1/user/login',
        headers: {
          'content-type': 'application/json',
          'user-agent': 'PostmanRuntime/7.31.3',
          accept: '*/*',
          'postman-token': '49b4ae2b-d199-4043-90a6-37bc9584f4de',
          host: 'localhost:3001',
          'accept-encoding': 'gzip, deflate, br',
          connection: 'keep-alive',
          'content-length': '87'
        },
        method: 'POST',
        httpVersion: '1.1',
        originalUrl: '/api/v1/user/login',
        query: {}
      },
      res: { statusCode: 200 },
      responseTime: 1061
    },
    timestamp: '2023-03-31T11:00:08.481Z'
  }
}
{
  level: 'info',
  message: 'HTTP POST /api/v1/bookings/update_booking_number',
  metadata: {
    meta: {
      req: {
        url: '/api/v1/bookings/update_booking_number',
        headers: {
          authorization: 'Bearer eyJhbGciOiJIUzI1NiIsInR5cCI6IkpXVCJ9.eyJlbWFpbCI6InlvZ2VzaEB5b3BtYWlsLmNvbSIsIl9pZCI6IjY0MTk0NmI5ZTJiYTg5MzFiMjJjMjgxOSIsImlhdCI6MTY4MDI2MDQwOCwiZXhwIjoxNzExNzk2NDA4fQ.6H93FLBaw-i_lwhZcB8d9NHEieLDXldmONJRxmtpTsQ',
          'user-agent': 'PostmanRuntime/7.31.3',
          accept: '*/*',
          'postman-token': 'fa37044c-be43-402f-b01b-f729d55cf06c',
          host: 'localhost:3001',
          'accept-encoding': 'gzip, deflate, br',
          connection: 'keep-alive',
          'content-length': '0'
        },
        method: 'POST',
        httpVersion: '1.1',
        originalUrl: '/api/v1/bookings/update_booking_number',
        query: {}
      },
      res: { statusCode: 203 },
      responseTime: 336
    },
    timestamp: '2023-03-31T11:00:13.289Z'
  }
}
{
  level: 'info',
  message: 'HTTP POST /api/v1/bookings/update_booking_number',
  metadata: {
    meta: {
      req: {
        url: '/api/v1/bookings/update_booking_number',
        headers: {
          authorization: 'Bearer eyJhbGciOiJIUzI1NiIsInR5cCI6IkpXVCJ9.eyJlbWFpbCI6InlvZ2VzaEB5b3BtYWlsLmNvbSIsIl9pZCI6IjY0MTk0NmI5ZTJiYTg5MzFiMjJjMjgxOSIsImlhdCI6MTY4MDI2MDQwOCwiZXhwIjoxNzExNzk2NDA4fQ.6H93FLBaw-i_lwhZcB8d9NHEieLDXldmONJRxmtpTsQ',
          'user-agent': 'PostmanRuntime/7.31.3',
          accept: '*/*',
          'postman-token': 'b9d9eb1e-b3d3-4e9c-b0e1-5b4f536d2655',
          host: 'localhost:3001',
          'accept-encoding': 'gzip, deflate, br',
          connection: 'keep-alive',
          'content-type': 'application/x-www-form-urlencoded',
          'content-length': '49'
        },
        method: 'POST',
        httpVersion: '1.1',
        originalUrl: '/api/v1/bookings/update_booking_number',
        query: {}
      },
      res: { statusCode: 200 },
      responseTime: 1283
    },
    timestamp: '2023-03-31T11:18:24.328Z'
  }
}
{
  level: 'info',
  message: 'HTTP POST /api/v1/bookings/update_booking_number',
  metadata: {
    meta: {
      req: {
        url: '/api/v1/bookings/update_booking_number',
        headers: {
          authorization: 'Bearer eyJhbGciOiJIUzI1NiIsInR5cCI6IkpXVCJ9.eyJlbWFpbCI6InlvZ2VzaEB5b3BtYWlsLmNvbSIsIl9pZCI6IjY0MTk0NmI5ZTJiYTg5MzFiMjJjMjgxOSIsImlhdCI6MTY4MDI2MDQwOCwiZXhwIjoxNzExNzk2NDA4fQ.6H93FLBaw-i_lwhZcB8d9NHEieLDXldmONJRxmtpTsQ',
          'user-agent': 'PostmanRuntime/7.31.3',
          accept: '*/*',
          'postman-token': '20b28ba0-d848-461f-8d25-b931f504a5cd',
          host: 'localhost:3001',
          'accept-encoding': 'gzip, deflate, br',
          connection: 'keep-alive',
          'content-type': 'application/x-www-form-urlencoded',
          'content-length': '49'
        },
        method: 'POST',
        httpVersion: '1.1',
        originalUrl: '/api/v1/bookings/update_booking_number',
        query: {}
      },
      res: { statusCode: 200 },
      responseTime: 1237
    },
    timestamp: '2023-03-31T11:18:33.690Z'
  }
}
{
  level: 'info',
  message: 'HTTP POST /api/v1/bookings/update_booking_number',
  metadata: {
    meta: {
      req: {
        url: '/api/v1/bookings/update_booking_number',
        headers: {
          authorization: 'Bearer eyJhbGciOiJIUzI1NiIsInR5cCI6IkpXVCJ9.eyJlbWFpbCI6InlvZ2VzaEB5b3BtYWlsLmNvbSIsIl9pZCI6IjY0MTk0NmI5ZTJiYTg5MzFiMjJjMjgxOSIsImlhdCI6MTY4MDI2MDQwOCwiZXhwIjoxNzExNzk2NDA4fQ.6H93FLBaw-i_lwhZcB8d9NHEieLDXldmONJRxmtpTsQ',
          'user-agent': 'PostmanRuntime/7.31.3',
          accept: '*/*',
          'postman-token': '2c85421c-a3b0-41a3-bbf6-64da567efaaf',
          host: 'localhost:3001',
          'accept-encoding': 'gzip, deflate, br',
          connection: 'keep-alive',
          'content-type': 'application/x-www-form-urlencoded',
          'content-length': '50'
        },
        method: 'POST',
        httpVersion: '1.1',
        originalUrl: '/api/v1/bookings/update_booking_number',
        query: {}
      },
      res: { statusCode: 200 },
      responseTime: 1020
    },
    timestamp: '2023-03-31T11:19:00.189Z'
  }
}
{
  level: 'info',
  message: 'HTTP POST /api/v1/bookings/update_booking_number',
  metadata: {
    meta: {
      req: {
        url: '/api/v1/bookings/update_booking_number',
        headers: {
          authorization: 'Bearer eyJhbGciOiJIUzI1NiIsInR5cCI6IkpXVCJ9.eyJlbWFpbCI6InlvZ2VzaEB5b3BtYWlsLmNvbSIsIl9pZCI6IjY0MTk0NmI5ZTJiYTg5MzFiMjJjMjgxOSIsImlhdCI6MTY4MDI2NjUzOSwiZXhwIjoxNzExODAyNTM5fQ.dyDzsb_pHZjB7gp-jEBdTnkX56w1OmRLhFquuyg-Zac',
          'user-agent': 'PostmanRuntime/7.31.3',
          accept: '*/*',
          'postman-token': 'c01651de-3d88-481d-a4e5-1f4a65e9c592',
          host: 'localhost:3001',
          'accept-encoding': 'gzip, deflate, br',
          connection: 'keep-alive',
          'content-type': 'application/x-www-form-urlencoded',
          'content-length': '50'
        },
        method: 'POST',
        httpVersion: '1.1',
        originalUrl: '/api/v1/bookings/update_booking_number',
        query: {}
      },
      res: { statusCode: 200 },
      responseTime: 663
    },
    timestamp: '2023-03-31T12:49:42.725Z'
  }
}
{
  level: 'info',
  message: 'HTTP POST /api/v1/common/fire_notification_on_active_bookings',
  metadata: {
    meta: {
      req: {
        url: '/api/v1/common/fire_notification_on_active_bookings',
        headers: {
          'user-agent': 'PostmanRuntime/7.31.3',
          accept: '*/*',
          'postman-token': 'e897b8cb-a697-4339-ba11-817626c77cef',
          host: 'localhost:3001',
          'accept-encoding': 'gzip, deflate, br',
          connection: 'keep-alive',
          'content-length': '0'
        },
        method: 'POST',
        httpVersion: '1.1',
        originalUrl: '/api/v1/common/fire_notification_on_active_bookings',
        query: {}
      },
      res: { statusCode: 200 },
      responseTime: 2414
    },
    timestamp: '2023-03-31T13:26:57.867Z'
  }
}
{
  level: 'info',
  message: 'HTTP POST /api/v1/common/fire_notification_on_active_bookings',
  metadata: {
    meta: {
      req: {
        url: '/api/v1/common/fire_notification_on_active_bookings',
        headers: {
          'user-agent': 'PostmanRuntime/7.31.3',
          accept: '*/*',
          'postman-token': '8bdf1fe9-3fb9-427b-b1fb-7ea9968bd571',
          host: 'localhost:3001',
          'accept-encoding': 'gzip, deflate, br',
          connection: 'keep-alive',
          'content-length': '0'
        },
        method: 'POST',
        httpVersion: '1.1',
        originalUrl: '/api/v1/common/fire_notification_on_active_bookings',
        query: {}
      },
      res: { statusCode: 200 },
      responseTime: 1268
    },
    timestamp: '2023-03-31T13:27:27.266Z'
  }
}
{
  level: 'info',
  message: 'HTTP POST /api/v1/bookings/update_booking_number',
  metadata: {
    meta: {
      req: {
        url: '/api/v1/bookings/update_booking_number',
        headers: {
          authorization: 'Bearer eyJhbGciOiJIUzI1NiIsInR5cCI6IkpXVCJ9.eyJlbWFpbCI6InlvZ2VzaEB5b3BtYWlsLmNvbSIsIl9pZCI6IjY0MTk0NmI5ZTJiYTg5MzFiMjJjMjgxOSIsImlhdCI6MTY4MDI2NjUzOSwiZXhwIjoxNzExODAyNTM5fQ.dyDzsb_pHZjB7gp-jEBdTnkX56w1OmRLhFquuyg-Zac',
          'user-agent': 'PostmanRuntime/7.31.3',
          accept: '*/*',
          'postman-token': 'd6f896c4-fe04-4c04-9bf4-b0bab18387bb',
          host: 'localhost:3001',
          'accept-encoding': 'gzip, deflate, br',
          connection: 'keep-alive',
          'content-type': 'application/x-www-form-urlencoded',
          'content-length': '49'
        },
        method: 'POST',
        httpVersion: '1.1',
        originalUrl: '/api/v1/bookings/update_booking_number',
        query: {}
      },
      res: { statusCode: 200 },
      responseTime: 2586
    },
    timestamp: '2023-03-31T14:05:55.599Z'
  }
}
{
  level: 'info',
  message: 'HTTP POST /api/v1/bookings/update_booking_number',
  metadata: {
    meta: {
      req: {
        url: '/api/v1/bookings/update_booking_number',
        headers: {
          authorization: 'Bearer eyJhbGciOiJIUzI1NiIsInR5cCI6IkpXVCJ9.eyJlbWFpbCI6InlvZ2VzaEB5b3BtYWlsLmNvbSIsIl9pZCI6IjY0MTk0NmI5ZTJiYTg5MzFiMjJjMjgxOSIsImlhdCI6MTY4MDI2NjUzOSwiZXhwIjoxNzExODAyNTM5fQ.dyDzsb_pHZjB7gp-jEBdTnkX56w1OmRLhFquuyg-Zac',
          'user-agent': 'PostmanRuntime/7.31.3',
          accept: '*/*',
          'postman-token': 'cf5bf468-6b46-4768-aca1-eb2f9a732081',
          host: 'localhost:3001',
          'accept-encoding': 'gzip, deflate, br',
          connection: 'keep-alive',
          'content-type': 'application/x-www-form-urlencoded',
          'content-length': '50'
        },
        method: 'POST',
        httpVersion: '1.1',
        originalUrl: '/api/v1/bookings/update_booking_number',
        query: {}
      },
      res: { statusCode: 200 },
      responseTime: 1921
    },
    timestamp: '2023-03-31T14:06:06.160Z'
  }
}
{
  level: 'info',
  message: 'HTTP POST /api/v1/bookings/update_booking_number',
  metadata: {
    meta: {
      req: {
        url: '/api/v1/bookings/update_booking_number',
        headers: {
          authorization: 'Bearer eyJhbGciOiJIUzI1NiIsInR5cCI6IkpXVCJ9.eyJlbWFpbCI6InlvZ2VzaEB5b3BtYWlsLmNvbSIsIl9pZCI6IjY0MTk0NmI5ZTJiYTg5MzFiMjJjMjgxOSIsImlhdCI6MTY4MDI2NjUzOSwiZXhwIjoxNzExODAyNTM5fQ.dyDzsb_pHZjB7gp-jEBdTnkX56w1OmRLhFquuyg-Zac',
          'user-agent': 'PostmanRuntime/7.31.3',
          accept: '*/*',
          'postman-token': '77e2b570-843d-45f5-97bf-2d6442a425b0',
          host: 'localhost:3001',
          'accept-encoding': 'gzip, deflate, br',
          connection: 'keep-alive',
          'content-type': 'application/x-www-form-urlencoded',
          'content-length': '50'
        },
        method: 'POST',
        httpVersion: '1.1',
        originalUrl: '/api/v1/bookings/update_booking_number',
        query: {}
      },
      res: { statusCode: 200 },
      responseTime: 962
    },
    timestamp: '2023-03-31T14:06:11.610Z'
  }
}
{
  level: 'info',
  message: 'HTTP POST /api/v1/bookings/update_booking_number',
  metadata: {
    meta: {
      req: {
        url: '/api/v1/bookings/update_booking_number',
        headers: {
          authorization: 'Bearer eyJhbGciOiJIUzI1NiIsInR5cCI6IkpXVCJ9.eyJlbWFpbCI6InlvZ2VzaEB5b3BtYWlsLmNvbSIsIl9pZCI6IjY0MTk0NmI5ZTJiYTg5MzFiMjJjMjgxOSIsImlhdCI6MTY4MDI2NjUzOSwiZXhwIjoxNzExODAyNTM5fQ.dyDzsb_pHZjB7gp-jEBdTnkX56w1OmRLhFquuyg-Zac',
          'user-agent': 'PostmanRuntime/7.31.3',
          accept: '*/*',
          'postman-token': '4a47156f-b8eb-4f40-b611-230b45cdbdca',
          host: 'localhost:3001',
          'accept-encoding': 'gzip, deflate, br',
          connection: 'keep-alive',
          'content-type': 'application/x-www-form-urlencoded',
          'content-length': '50'
        },
        method: 'POST',
        httpVersion: '1.1',
        originalUrl: '/api/v1/bookings/update_booking_number',
        query: {}
      },
      res: { statusCode: 200 },
      responseTime: 960
    },
    timestamp: '2023-03-31T14:06:15.962Z'
  }
}
{
  level: 'warn',
  message: 'HTTP GET /api/v1/admin/get_prices_and_slots_admin',
  metadata: {
    meta: {
      req: {
        url: '/api/v1/admin/get_prices_and_slots_admin',
        headers: {
          'user-agent': 'PostmanRuntime/7.31.3',
          accept: '*/*',
          'postman-token': '9488fba5-14eb-454e-bb02-8add05af8f22',
          host: 'localhost:3001',
          'accept-encoding': 'gzip, deflate, br',
          connection: 'keep-alive'
        },
        method: 'GET',
        httpVersion: '1.1',
        originalUrl: '/api/v1/admin/get_prices_and_slots_admin',
        query: {}
      },
      res: { statusCode: 401 },
      responseTime: 8
    },
    timestamp: '2023-03-31T14:09:45.085Z'
  }
}
{
  level: 'warn',
  message: 'HTTP GET /api/v1/admin/get_prices_and_slots_admin',
  metadata: {
    meta: {
      req: {
        url: '/api/v1/admin/get_prices_and_slots_admin',
        headers: {
          authorization: 'Bearer eyJhbGciOiJIUzI1NiIsInR5cCI6IkpXVCJ9.eyJlbWFpbCI6InlvZ2VzaEB5b3BtYWlsLmNvbSIsIl9pZCI6IjY0MTk0NmI5ZTJiYTg5MzFiMjJjMjgxOSIsImlhdCI6MTY4MDI2NjUzOSwiZXhwIjoxNzExODAyNTM5fQ.dyDzsb_pHZjB7gp-jEBdTnkX56w1OmRLhFquuyg-Zac',
          'user-agent': 'PostmanRuntime/7.31.3',
          accept: '*/*',
          'postman-token': '343abb1d-9954-4efc-9d4b-9201074ab0a0',
          host: 'localhost:3001',
          'accept-encoding': 'gzip, deflate, br',
          connection: 'keep-alive'
        },
        method: 'GET',
        httpVersion: '1.1',
        originalUrl: '/api/v1/admin/get_prices_and_slots_admin',
        query: {}
      },
      res: { statusCode: 451 },
      responseTime: 329
    },
    timestamp: '2023-03-31T14:09:52.921Z'
  }
}
{
  level: 'info',
  message: 'HTTP POST /api/v1/admin/login',
  metadata: {
    meta: {
      req: {
        url: '/api/v1/admin/login',
        headers: {
          'user-agent': 'PostmanRuntime/7.31.3',
          accept: '*/*',
          'postman-token': '4f2237c5-4c7e-44da-a0e0-eaed661dc741',
          host: 'localhost:3001',
          'accept-encoding': 'gzip, deflate, br',
          connection: 'keep-alive',
          'content-type': 'application/x-www-form-urlencoded',
          'content-length': '45'
        },
        method: 'POST',
        httpVersion: '1.1',
        originalUrl: '/api/v1/admin/login',
        query: {}
      },
      res: { statusCode: 200 },
      responseTime: 373
    },
    timestamp: '2023-03-31T14:10:12.500Z'
  }
}
{
  level: 'info',
  message: 'HTTP GET /api/v1/admin/get_prices_and_slots_admin',
  metadata: {
    meta: {
      req: {
        url: '/api/v1/admin/get_prices_and_slots_admin',
        headers: {
          authorization: 'Bearer eyJhbGciOiJIUzI1NiIsInR5cCI6IkpXVCJ9.eyJhZG1pbl9pZCI6IjYzYWMzNDliMjE4OTk0NTYyZjdhNTY3NSIsImlhdCI6MTY4MDI3MTgxMiwiZXhwIjoxNzExODA3ODEyfQ.OFUdgJSJZhcJoRA7hx01ZwJ_yg6XyjJ7bX3rV6muqsM',
          'user-agent': 'PostmanRuntime/7.31.3',
          accept: '*/*',
          'postman-token': '6d291a97-2049-4801-9475-728e41c2f548',
          host: 'localhost:3001',
          'accept-encoding': 'gzip, deflate, br',
          connection: 'keep-alive'
        },
        method: 'GET',
        httpVersion: '1.1',
        originalUrl: '/api/v1/admin/get_prices_and_slots_admin',
        query: {}
      },
      res: { statusCode: 200 },
      responseTime: 2833
    },
    timestamp: '2023-03-31T14:11:35.993Z'
  }
}
{
  level: 'warn',
  message: 'HTTP GET /api/v1/admin/get_truck_make_and_color',
  metadata: {
    meta: {
      req: {
        url: '/api/v1/admin/get_truck_make_and_color',
        headers: {
          'user-agent': 'PostmanRuntime/7.31.3',
          accept: '*/*',
          'postman-token': '07c32736-106d-4895-88ef-a0f1972019cd',
          host: 'localhost:3001',
          'accept-encoding': 'gzip, deflate, br',
          connection: 'keep-alive'
        },
        method: 'GET',
        httpVersion: '1.1',
        originalUrl: '/api/v1/admin/get_truck_make_and_color',
        query: {}
      },
      res: { statusCode: 401 },
      responseTime: 12
    },
    timestamp: '2023-03-31T14:14:47.514Z'
  }
}
{
  level: 'info',
  message: 'HTTP GET /api/v1/admin/get_truck_make_and_color',
  metadata: {
    meta: {
      req: {
        url: '/api/v1/admin/get_truck_make_and_color',
        headers: {
          authorization: 'Bearer eyJhbGciOiJIUzI1NiIsInR5cCI6IkpXVCJ9.eyJhZG1pbl9pZCI6IjYzYWMzNDliMjE4OTk0NTYyZjdhNTY3NSIsImlhdCI6MTY4MDI3MTgxMiwiZXhwIjoxNzExODA3ODEyfQ.OFUdgJSJZhcJoRA7hx01ZwJ_yg6XyjJ7bX3rV6muqsM',
          'user-agent': 'PostmanRuntime/7.31.3',
          accept: '*/*',
          'postman-token': '034a9a3d-7890-45f1-9897-c61e460700d3',
          host: 'localhost:3001',
          'accept-encoding': 'gzip, deflate, br',
          connection: 'keep-alive'
        },
        method: 'GET',
        httpVersion: '1.1',
        originalUrl: '/api/v1/admin/get_truck_make_and_color',
        query: {}
      },
      res: { statusCode: 200 },
      responseTime: 2479
    },
    timestamp: '2023-03-31T14:16:45.490Z'
  }
}
{
  level: 'warn',
  message: 'HTTP POST /api/v1/bookings/update_booking_number',
  metadata: {
    meta: {
      req: {
        url: '/api/v1/bookings/update_booking_number',
        headers: {
          authorization: 'Bearer eyJhbGciOiJIUzI1NiIsInR5cCI6IkpXVCJ9.eyJhZG1pbl9pZCI6IjYzYWMzNDliMjE4OTk0NTYyZjdhNTY3NSIsImlhdCI6MTY4MDI3MTgxMiwiZXhwIjoxNzExODA3ODEyfQ.OFUdgJSJZhcJoRA7hx01ZwJ_yg6XyjJ7bX3rV6muqsM',
          'user-agent': 'PostmanRuntime/7.31.3',
          accept: '*/*',
          'postman-token': '62c752d7-38a8-4bb8-9aad-828bc9253ffa',
          host: 'localhost:3001',
          'accept-encoding': 'gzip, deflate, br',
          connection: 'keep-alive',
          'content-type': 'application/x-www-form-urlencoded',
          'content-length': '50'
        },
        method: 'POST',
        httpVersion: '1.1',
        originalUrl: '/api/v1/bookings/update_booking_number',
        query: {}
      },
      res: { statusCode: 423 },
      responseTime: 339
    },
    timestamp: '2023-04-03T06:44:29.998Z'
  }
}
{
  level: 'info',
  message: 'HTTP POST /api/v1/user/login',
  metadata: {
    meta: {
      req: {
        url: '/api/v1/user/login',
        headers: {
          'content-type': 'application/json',
          'user-agent': 'PostmanRuntime/7.31.3',
          accept: '*/*',
          'postman-token': 'c5e2b259-a47c-48d4-9072-0b2659d7f1c4',
          host: 'localhost:3001',
          'accept-encoding': 'gzip, deflate, br',
          connection: 'keep-alive',
          'content-length': '87'
        },
        method: 'POST',
        httpVersion: '1.1',
        originalUrl: '/api/v1/user/login',
        query: {}
      },
      res: { statusCode: 200 },
      responseTime: 943
    },
    timestamp: '2023-04-03T06:44:42.427Z'
  }
}
{
  level: 'info',
  message: 'HTTP POST /api/v1/bookings/update_booking_number',
  metadata: {
    meta: {
      req: {
        url: '/api/v1/bookings/update_booking_number',
        headers: {
          authorization: 'Bearer eyJhbGciOiJIUzI1NiIsInR5cCI6IkpXVCJ9.eyJlbWFpbCI6InlvZ2VzaEB5b3BtYWlsLmNvbSIsIl9pZCI6IjY0MTk0NmI5ZTJiYTg5MzFiMjJjMjgxOSIsImlhdCI6MTY4MDUwNDI4MiwiZXhwIjoxNzEyMDQwMjgyfQ.Kj8mlBj72xtAB1c_gfVv4HyiGSiSk6dIuA7qtJrG-Hs',
          'user-agent': 'PostmanRuntime/7.31.3',
          accept: '*/*',
          'postman-token': 'e6c18fbc-05bb-4b93-b0c9-45d437baed50',
          host: 'localhost:3001',
          'accept-encoding': 'gzip, deflate, br',
          connection: 'keep-alive',
          'content-type': 'application/x-www-form-urlencoded',
          'content-length': '50'
        },
        method: 'POST',
        httpVersion: '1.1',
        originalUrl: '/api/v1/bookings/update_booking_number',
        query: {}
      },
      res: { statusCode: 200 },
      responseTime: 1244
    },
    timestamp: '2023-04-03T06:44:55.596Z'
  }
}
{
  level: 'info',
  message: 'HTTP POST /api/v1/bookings/update_booking_number',
  metadata: {
    meta: {
      req: {
        url: '/api/v1/bookings/update_booking_number',
        headers: {
          authorization: 'Bearer eyJhbGciOiJIUzI1NiIsInR5cCI6IkpXVCJ9.eyJlbWFpbCI6InlvZ2VzaEB5b3BtYWlsLmNvbSIsIl9pZCI6IjY0MTk0NmI5ZTJiYTg5MzFiMjJjMjgxOSIsImlhdCI6MTY4MDUwNDI4MiwiZXhwIjoxNzEyMDQwMjgyfQ.Kj8mlBj72xtAB1c_gfVv4HyiGSiSk6dIuA7qtJrG-Hs',
          'user-agent': 'PostmanRuntime/7.31.3',
          accept: '*/*',
          'postman-token': '686fc6e3-697f-4761-8887-e68d22747338',
          host: 'localhost:3001',
          'accept-encoding': 'gzip, deflate, br',
          connection: 'keep-alive',
          'content-type': 'application/x-www-form-urlencoded',
          'content-length': '50'
        },
        method: 'POST',
        httpVersion: '1.1',
        originalUrl: '/api/v1/bookings/update_booking_number',
        query: {}
      },
      res: { statusCode: 200 },
      responseTime: 1269
    },
    timestamp: '2023-04-03T06:45:46.412Z'
  }
}
{
  level: 'warn',
  message: 'HTTP POST /api/v1/admin/update_price_slot',
  metadata: {
    meta: {
      req: {
        url: '/api/v1/admin/update_price_slot',
        headers: {
          'user-agent': 'PostmanRuntime/7.31.3',
          accept: '*/*',
          'postman-token': '11740b73-be0f-47e5-8aec-1b7770ce4676',
          host: 'localhost:3001',
          'accept-encoding': 'gzip, deflate, br',
          connection: 'keep-alive',
          'content-length': '0'
        },
        method: 'POST',
        httpVersion: '1.1',
        originalUrl: '/api/v1/admin/update_price_slot',
        query: {}
      },
      res: { statusCode: 401 },
      responseTime: 16
    },
    timestamp: '2023-04-03T13:02:22.764Z'
  }
}
{
  level: 'warn',
  message: 'HTTP POST /api/v1/admin/update_price_slot',
  metadata: {
    meta: {
      req: {
        url: '/api/v1/admin/update_price_slot',
        headers: {
          authorization: 'Bearer eyJhbGciOiJIUzI1NiIsInR5cCI6IkpXVCJ9.eyJlbWFpbCI6InlvZ2VzaDEyM0B5b3BtYWlsLmNvbSIsIl9pZCI6IjY0MmFiMWEwZmNmMjBmNzRjY2UwMDJiZiIsImlhdCI6MTY4MDUyNTc0NiwiZXhwIjoxNzEyMDYxNzQ2fQ.b5u14pqdDivYPDd102RcAeoCq5lrtlI0UDXdMY3gLAE',
          'user-agent': 'PostmanRuntime/7.31.3',
          accept: '*/*',
          'postman-token': 'c19166fa-e69d-4c8a-b1a5-20d670edbc90',
          host: 'localhost:3001',
          'accept-encoding': 'gzip, deflate, br',
          connection: 'keep-alive',
          'content-length': '0'
        },
        method: 'POST',
        httpVersion: '1.1',
        originalUrl: '/api/v1/admin/update_price_slot',
        query: {}
      },
      res: { statusCode: 451 },
      responseTime: 333
    },
    timestamp: '2023-04-03T13:02:35.086Z'
  }
}
{
  level: 'info',
  message: 'HTTP POST /api/v1/admin/login',
  metadata: {
    meta: {
      req: {
        url: '/api/v1/admin/login',
        headers: {
          'user-agent': 'PostmanRuntime/7.31.3',
          accept: '*/*',
          'postman-token': '7bb28547-fd1a-4294-a1ec-9046bd73784a',
          host: 'localhost:3001',
          'accept-encoding': 'gzip, deflate, br',
          connection: 'keep-alive',
          'content-type': 'application/x-www-form-urlencoded',
          'content-length': '45'
        },
        method: 'POST',
        httpVersion: '1.1',
        originalUrl: '/api/v1/admin/login',
        query: {}
      },
      res: { statusCode: 200 },
      responseTime: 352
    },
    timestamp: '2023-04-03T13:02:47.238Z'
  }
}
{
  level: 'warn',
  message: 'HTTP GET /api/v1/admin/get_dashboard_data_by_admin',
  metadata: {
    meta: {
      req: {
        url: '/api/v1/admin/get_dashboard_data_by_admin',
        headers: {
          authorization: 'Bearer eyJhbGciOiJIUzI1NiIsInR5cCI6IkpXVCJ9.eyJhZG1pbl9pZCI6IjYzYWMzNDliMjE4OTk0NTYyZjdhNTY3NSIsImlhdCI6MTY4MDc4ODY0MCwiZXhwIjoxNzEyMzI0NjQwfQ.SzKEr2C8TzC6m_n6lfRBRdojbpDvFuzK-FPZIlpg-Uo',
          'user-agent': 'PostmanRuntime/7.31.3',
          accept: '*/*',
          'postman-token': '0059c517-1a05-49ab-be7b-021faed4c977',
          host: 'localhost:3001',
          'accept-encoding': 'gzip, deflate, br',
          connection: 'keep-alive',
          'content-type': 'application/x-www-form-urlencoded',
          'content-length': '85'
        },
        method: 'GET',
        httpVersion: '1.1',
        originalUrl: '/api/v1/admin/get_dashboard_data_by_admin',
        query: {}
      },
      res: { statusCode: 405 },
      responseTime: 36
    },
    timestamp: '2023-04-06T13:49:10.349Z'
  }
}
{
  level: 'info',
  message: 'HTTP POST /api/v1/admin/get_dashboard_data_by_admin',
  metadata: {
    meta: {
      req: {
        url: '/api/v1/admin/get_dashboard_data_by_admin',
        headers: {
          authorization: 'Bearer eyJhbGciOiJIUzI1NiIsInR5cCI6IkpXVCJ9.eyJhZG1pbl9pZCI6IjYzYWMzNDliMjE4OTk0NTYyZjdhNTY3NSIsImlhdCI6MTY4MDc4ODY0MCwiZXhwIjoxNzEyMzI0NjQwfQ.SzKEr2C8TzC6m_n6lfRBRdojbpDvFuzK-FPZIlpg-Uo',
          'user-agent': 'PostmanRuntime/7.31.3',
          accept: '*/*',
          'postman-token': '5a4ce678-576b-4ce1-9d23-4becdb1564f8',
          host: 'localhost:3001',
          'accept-encoding': 'gzip, deflate, br',
          connection: 'keep-alive',
          'content-length': '0'
        },
        method: 'POST',
        httpVersion: '1.1',
        originalUrl: '/api/v1/admin/get_dashboard_data_by_admin',
        query: {}
      },
      res: { statusCode: 203 },
      responseTime: 321
    },
    timestamp: '2023-04-06T13:49:18.074Z'
  }
}
{
  level: 'info',
  message: 'HTTP POST /api/v1/admin/get_dashboard_data_by_admin',
  metadata: {
    meta: {
      req: {
        url: '/api/v1/admin/get_dashboard_data_by_admin',
        headers: {
          authorization: 'Bearer eyJhbGciOiJIUzI1NiIsInR5cCI6IkpXVCJ9.eyJhZG1pbl9pZCI6IjYzYWMzNDliMjE4OTk0NTYyZjdhNTY3NSIsImlhdCI6MTY4MDc4ODY0MCwiZXhwIjoxNzEyMzI0NjQwfQ.SzKEr2C8TzC6m_n6lfRBRdojbpDvFuzK-FPZIlpg-Uo',
          'user-agent': 'PostmanRuntime/7.31.3',
          accept: '*/*',
          'postman-token': '93dcfe96-3fe1-4b40-9d5b-677dc56f7fc7',
          host: 'localhost:3001',
          'accept-encoding': 'gzip, deflate, br',
          connection: 'keep-alive',
          'content-type': 'application/x-www-form-urlencoded',
          'content-length': '43'
        },
        method: 'POST',
        httpVersion: '1.1',
        originalUrl: '/api/v1/admin/get_dashboard_data_by_admin',
        query: {}
      },
      res: { statusCode: 203 },
      responseTime: 321
    },
    timestamp: '2023-04-06T13:49:25.748Z'
  }
}
{
  level: 'info',
  message: 'HTTP POST /api/v1/admin/get_dashboard_data_by_admin',
  metadata: {
    meta: {
      req: {
        url: '/api/v1/admin/get_dashboard_data_by_admin',
        headers: {
          authorization: 'Bearer eyJhbGciOiJIUzI1NiIsInR5cCI6IkpXVCJ9.eyJhZG1pbl9pZCI6IjYzYWMzNDliMjE4OTk0NTYyZjdhNTY3NSIsImlhdCI6MTY4MDc4ODY0MCwiZXhwIjoxNzEyMzI0NjQwfQ.SzKEr2C8TzC6m_n6lfRBRdojbpDvFuzK-FPZIlpg-Uo',
          'user-agent': 'PostmanRuntime/7.31.3',
          accept: '*/*',
          'postman-token': '8bfdd620-9ac0-4d54-9ec3-da63824895ee',
          host: 'localhost:3001',
          'accept-encoding': 'gzip, deflate, br',
          connection: 'keep-alive',
          'content-type': 'application/x-www-form-urlencoded',
          'content-length': '85'
        },
        method: 'POST',
        httpVersion: '1.1',
        originalUrl: '/api/v1/admin/get_dashboard_data_by_admin',
        query: {}
      },
      res: { statusCode: 200 },
      responseTime: 677
    },
    timestamp: '2023-04-06T14:21:10.392Z'
  }
}
{
  level: 'warn',
  message: 'HTTP GET /api/v1/admin/get_dashboard_data_by_admin',
  metadata: {
    meta: {
      req: {
        url: '/api/v1/admin/get_dashboard_data_by_admin',
        headers: {
          'user-agent': 'PostmanRuntime/7.31.3',
          accept: '*/*',
          'postman-token': '4cd80317-e63c-45f9-86fe-387d13e9fd81',
          host: 'localhost:3001',
          'accept-encoding': 'gzip, deflate, br',
          connection: 'keep-alive'
        },
        method: 'GET',
        httpVersion: '1.1',
        originalUrl: '/api/v1/admin/get_dashboard_data_by_admin',
        query: {}
      },
      res: { statusCode: 405 },
      responseTime: 5
    },
    timestamp: '2023-04-06T14:22:17.269Z'
  }
}
{
  level: 'warn',
  message: 'HTTP POST /api/v1/admin/get_dashboard_data_by_admin',
  metadata: {
    meta: {
      req: {
        url: '/api/v1/admin/get_dashboard_data_by_admin',
        headers: {
          'user-agent': 'PostmanRuntime/7.31.3',
          accept: '*/*',
          'postman-token': '535b83f2-c234-45a8-ab57-b6dbb18f8ce5',
          host: 'localhost:3001',
          'accept-encoding': 'gzip, deflate, br',
          connection: 'keep-alive',
          'content-length': '0'
        },
        method: 'POST',
        httpVersion: '1.1',
        originalUrl: '/api/v1/admin/get_dashboard_data_by_admin',
        query: {}
      },
      res: { statusCode: 401 },
      responseTime: 0
    },
    timestamp: '2023-04-06T14:22:21.004Z'
  }
}
{
  level: 'info',
  message: 'HTTP POST /api/v1/admin/get_dashboard_data_by_admin',
  metadata: {
    meta: {
      req: {
        url: '/api/v1/admin/get_dashboard_data_by_admin',
        headers: {
          authorization: 'Bearer eyJhbGciOiJIUzI1NiIsInR5cCI6IkpXVCJ9.eyJhZG1pbl9pZCI6IjYzYWMzNDliMjE4OTk0NTYyZjdhNTY3NSIsImlhdCI6MTY4MDc4ODY0MCwiZXhwIjoxNzEyMzI0NjQwfQ.SzKEr2C8TzC6m_n6lfRBRdojbpDvFuzK-FPZIlpg-Uo',
          'user-agent': 'PostmanRuntime/7.31.3',
          accept: '*/*',
          'postman-token': '24810975-ed0b-4da4-afc6-52c172fab873',
          host: 'localhost:3001',
          'accept-encoding': 'gzip, deflate, br',
          connection: 'keep-alive',
          'content-length': '0'
        },
        method: 'POST',
        httpVersion: '1.1',
        originalUrl: '/api/v1/admin/get_dashboard_data_by_admin',
        query: {}
      },
      res: { statusCode: 203 },
      responseTime: 337
    },
    timestamp: '2023-04-06T14:22:29.608Z'
  }
}
{
  level: 'info',
  message: 'HTTP POST /api/v1/admin/get_dashboard_data_by_admin',
  metadata: {
    meta: {
      req: {
        url: '/api/v1/admin/get_dashboard_data_by_admin',
        headers: {
          authorization: 'Bearer eyJhbGciOiJIUzI1NiIsInR5cCI6IkpXVCJ9.eyJhZG1pbl9pZCI6IjYzYWMzNDliMjE4OTk0NTYyZjdhNTY3NSIsImlhdCI6MTY4MDc4ODY0MCwiZXhwIjoxNzEyMzI0NjQwfQ.SzKEr2C8TzC6m_n6lfRBRdojbpDvFuzK-FPZIlpg-Uo',
          'user-agent': 'PostmanRuntime/7.31.3',
          accept: '*/*',
          'postman-token': 'cf331567-4b8c-4241-9ed5-8673da0791c3',
          host: 'localhost:3001',
          'accept-encoding': 'gzip, deflate, br',
          connection: 'keep-alive',
          'content-type': 'application/x-www-form-urlencoded',
          'content-length': '85'
        },
        method: 'POST',
        httpVersion: '1.1',
        originalUrl: '/api/v1/admin/get_dashboard_data_by_admin',
        query: {}
      },
      res: { statusCode: 200 },
      responseTime: 664
    },
    timestamp: '2023-04-06T14:22:49.697Z'
  }
}
{
  level: 'info',
  message: 'HTTP POST /api/v1/admin/get_all_bookings_admin',
  metadata: {
    meta: {
      req: {
        url: '/api/v1/admin/get_all_bookings_admin',
        headers: {
          authorization: 'Bearer eyJhbGciOiJIUzI1NiIsInR5cCI6IkpXVCJ9.eyJhZG1pbl9pZCI6IjYzYWMzNDliMjE4OTk0NTYyZjdhNTY3NSIsImlhdCI6MTY4MDc4ODY0MCwiZXhwIjoxNzEyMzI0NjQwfQ.SzKEr2C8TzC6m_n6lfRBRdojbpDvFuzK-FPZIlpg-Uo',
          'user-agent': 'PostmanRuntime/7.31.3',
          accept: '*/*',
          'postman-token': 'b081adec-75af-4c50-be44-1465f93571fe',
          host: 'localhost:3001',
          'accept-encoding': 'gzip, deflate, br',
          connection: 'keep-alive',
          'content-length': '0'
        },
        method: 'POST',
        httpVersion: '1.1',
        originalUrl: '/api/v1/admin/get_all_bookings_admin',
        query: {}
      },
      res: { statusCode: 200 },
      responseTime: 3212
    },
    timestamp: '2023-04-06T15:00:50.315Z'
  }
}
{
  level: 'info',
  message: 'HTTP POST /api/v1/admin/get_all_bookings_admin',
  metadata: {
    meta: {
      req: {
        url: '/api/v1/admin/get_all_bookings_admin',
        headers: {
          authorization: 'Bearer eyJhbGciOiJIUzI1NiIsInR5cCI6IkpXVCJ9.eyJhZG1pbl9pZCI6IjYzYWMzNDliMjE4OTk0NTYyZjdhNTY3NSIsImlhdCI6MTY4MDc4ODY0MCwiZXhwIjoxNzEyMzI0NjQwfQ.SzKEr2C8TzC6m_n6lfRBRdojbpDvFuzK-FPZIlpg-Uo',
          'user-agent': 'PostmanRuntime/7.31.3',
          accept: '*/*',
          'postman-token': '866c6db1-4613-41cd-bbfb-c4e61c71f5ee',
          host: 'localhost:3001',
          'accept-encoding': 'gzip, deflate, br',
          connection: 'keep-alive',
          'content-length': '0'
        },
        method: 'POST',
        httpVersion: '1.1',
        originalUrl: '/api/v1/admin/get_all_bookings_admin',
        query: {}
      },
      res: { statusCode: 200 },
      responseTime: 1006
    },
    timestamp: '2023-04-06T15:01:35.685Z'
  }
}
{
  level: 'info',
  message: 'HTTP POST /api/v1/admin/get_all_bookings_admin',
  metadata: {
    meta: {
      req: {
        url: '/api/v1/admin/get_all_bookings_admin',
        headers: {
          authorization: 'Bearer eyJhbGciOiJIUzI1NiIsInR5cCI6IkpXVCJ9.eyJhZG1pbl9pZCI6IjYzYWMzNDliMjE4OTk0NTYyZjdhNTY3NSIsImlhdCI6MTY4MDc5NDQ0OCwiZXhwIjoxNzEyMzMwNDQ4fQ.DXjj9-xCjxTdHTXt4R7WJ374OymVvrOfyC6cHqCt8NA',
          'user-agent': 'PostmanRuntime/7.31.3',
          accept: '*/*',
          'postman-token': '326aebaf-df19-4200-96a0-fdf1053c054f',
          host: 'localhost:3001',
          'accept-encoding': 'gzip, deflate, br',
          connection: 'keep-alive',
          'content-length': '0'
        },
        method: 'POST',
        httpVersion: '1.1',
        originalUrl: '/api/v1/admin/get_all_bookings_admin',
        query: {}
      },
      res: { statusCode: 203 },
      responseTime: 355
    },
    timestamp: '2023-04-06T15:26:20.607Z'
  }
}
{
  level: 'info',
  message: 'HTTP POST /api/v1/admin/get_all_bookings_admin',
  metadata: {
    meta: {
      req: {
        url: '/api/v1/admin/get_all_bookings_admin',
        headers: {
          authorization: 'Bearer eyJhbGciOiJIUzI1NiIsInR5cCI6IkpXVCJ9.eyJhZG1pbl9pZCI6IjYzYWMzNDliMjE4OTk0NTYyZjdhNTY3NSIsImlhdCI6MTY4MDc5NDQ0OCwiZXhwIjoxNzEyMzMwNDQ4fQ.DXjj9-xCjxTdHTXt4R7WJ374OymVvrOfyC6cHqCt8NA',
          'user-agent': 'PostmanRuntime/7.31.3',
          accept: '*/*',
          'postman-token': '59d00999-a678-46ee-9bdf-a3ff5ab4992f',
          host: 'localhost:3001',
          'accept-encoding': 'gzip, deflate, br',
          connection: 'keep-alive',
          'content-type': 'application/x-www-form-urlencoded',
          'content-length': '10'
        },
        method: 'POST',
        httpVersion: '1.1',
        originalUrl: '/api/v1/admin/get_all_bookings_admin',
        query: {}
      },
      res: { statusCode: 203 },
      responseTime: 3664
    },
    timestamp: '2023-04-06T15:31:55.749Z'
  }
}
{
  level: 'info',
  message: 'HTTP POST /api/v1/admin/get_all_bookings_admin',
  metadata: {
    meta: {
      req: {
        url: '/api/v1/admin/get_all_bookings_admin',
        headers: {
          authorization: 'Bearer eyJhbGciOiJIUzI1NiIsInR5cCI6IkpXVCJ9.eyJhZG1pbl9pZCI6IjYzYWMzNDliMjE4OTk0NTYyZjdhNTY3NSIsImlhdCI6MTY4MDc5NDQ0OCwiZXhwIjoxNzEyMzMwNDQ4fQ.DXjj9-xCjxTdHTXt4R7WJ374OymVvrOfyC6cHqCt8NA',
          'user-agent': 'PostmanRuntime/7.31.3',
          accept: '*/*',
          'postman-token': '7637ffba-bb9d-4934-b3b7-826ce02dc434',
          host: 'localhost:3001',
          'accept-encoding': 'gzip, deflate, br',
          connection: 'keep-alive',
          'content-type': 'application/x-www-form-urlencoded',
          'content-length': '28'
        },
        method: 'POST',
        httpVersion: '1.1',
        originalUrl: '/api/v1/admin/get_all_bookings_admin',
        query: {}
      },
      res: { statusCode: 200 },
      responseTime: 2835
    },
    timestamp: '2023-04-06T15:51:16.823Z'
  }
}
{
  level: 'info',
  message: 'HTTP POST /api/v1/admin/get_all_bookings_admin',
  metadata: {
    meta: {
      req: {
        url: '/api/v1/admin/get_all_bookings_admin',
        headers: {
          authorization: 'Bearer eyJhbGciOiJIUzI1NiIsInR5cCI6IkpXVCJ9.eyJhZG1pbl9pZCI6IjYzYWMzNDliMjE4OTk0NTYyZjdhNTY3NSIsImlhdCI6MTY4MDc5NDQ0OCwiZXhwIjoxNzEyMzMwNDQ4fQ.DXjj9-xCjxTdHTXt4R7WJ374OymVvrOfyC6cHqCt8NA',
          'user-agent': 'PostmanRuntime/7.31.3',
          accept: '*/*',
          'postman-token': '8925bd5b-0e1d-4980-a12a-7a12276c8949',
          host: 'localhost:3001',
          'accept-encoding': 'gzip, deflate, br',
          connection: 'keep-alive',
          'content-type': 'application/x-www-form-urlencoded',
          'content-length': '28'
        },
        method: 'POST',
        httpVersion: '1.1',
        originalUrl: '/api/v1/admin/get_all_bookings_admin',
        query: {}
      },
      res: { statusCode: 200 },
      responseTime: 1022
    },
    timestamp: '2023-04-06T15:51:55.914Z'
  }
}
{
  level: 'info',
  message: 'HTTP POST /api/v1/admin/get_all_bookings_admin',
  metadata: {
    meta: {
      req: {
        url: '/api/v1/admin/get_all_bookings_admin',
        headers: {
          authorization: 'Bearer eyJhbGciOiJIUzI1NiIsInR5cCI6IkpXVCJ9.eyJhZG1pbl9pZCI6IjYzYWMzNDliMjE4OTk0NTYyZjdhNTY3NSIsImlhdCI6MTY4MDc5NDQ0OCwiZXhwIjoxNzEyMzMwNDQ4fQ.DXjj9-xCjxTdHTXt4R7WJ374OymVvrOfyC6cHqCt8NA',
          'user-agent': 'PostmanRuntime/7.31.3',
          accept: '*/*',
          'postman-token': '79dd3c76-b2b0-4a5a-87fb-f0524bf61ad6',
          host: 'localhost:3001',
          'accept-encoding': 'gzip, deflate, br',
          connection: 'keep-alive',
          'content-type': 'application/x-www-form-urlencoded',
          'content-length': '28'
        },
        method: 'POST',
        httpVersion: '1.1',
        originalUrl: '/api/v1/admin/get_all_bookings_admin',
        query: {}
      },
      res: { statusCode: 200 },
      responseTime: 2230
    },
    timestamp: '2023-04-06T15:57:00.006Z'
  }
}
{
  level: 'info',
  message: 'HTTP POST /api/v1/admin/get_all_bookings_admin',
  metadata: {
    meta: {
      req: {
        url: '/api/v1/admin/get_all_bookings_admin',
        headers: {
          authorization: 'Bearer eyJhbGciOiJIUzI1NiIsInR5cCI6IkpXVCJ9.eyJhZG1pbl9pZCI6IjYzYWMzNDliMjE4OTk0NTYyZjdhNTY3NSIsImlhdCI6MTY4MDc5NDQ0OCwiZXhwIjoxNzEyMzMwNDQ4fQ.DXjj9-xCjxTdHTXt4R7WJ374OymVvrOfyC6cHqCt8NA',
          'user-agent': 'PostmanRuntime/7.31.3',
          accept: '*/*',
          'postman-token': 'c60ead9b-abcb-4822-8713-abd707ab4058',
          host: 'localhost:3001',
          'accept-encoding': 'gzip, deflate, br',
          connection: 'keep-alive',
          'content-type': 'application/x-www-form-urlencoded',
          'content-length': '28'
        },
        method: 'POST',
        httpVersion: '1.1',
        originalUrl: '/api/v1/admin/get_all_bookings_admin',
        query: {}
      },
      res: { statusCode: 200 },
      responseTime: 2515
    },
    timestamp: '2023-04-06T15:58:22.806Z'
  }
}
{
  level: 'info',
  message: 'HTTP POST /api/v1/admin/get_all_bookings_admin',
  metadata: {
    meta: {
      req: {
        url: '/api/v1/admin/get_all_bookings_admin',
        headers: {
          authorization: 'Bearer eyJhbGciOiJIUzI1NiIsInR5cCI6IkpXVCJ9.eyJhZG1pbl9pZCI6IjYzYWMzNDliMjE4OTk0NTYyZjdhNTY3NSIsImlhdCI6MTY4MDc5NDQ0OCwiZXhwIjoxNzEyMzMwNDQ4fQ.DXjj9-xCjxTdHTXt4R7WJ374OymVvrOfyC6cHqCt8NA',
          'user-agent': 'PostmanRuntime/7.31.3',
          accept: '*/*',
          'postman-token': 'dc61c975-e115-45ba-9de7-5be779069f4f',
          host: 'localhost:3001',
          'accept-encoding': 'gzip, deflate, br',
          connection: 'keep-alive',
          'content-type': 'application/x-www-form-urlencoded',
          'content-length': '28'
        },
        method: 'POST',
        httpVersion: '1.1',
        originalUrl: '/api/v1/admin/get_all_bookings_admin',
        query: {}
      },
      res: { statusCode: 200 },
      responseTime: 3914
    },
    timestamp: '2023-04-06T15:58:57.964Z'
  }
}
{
  level: 'info',
  message: 'HTTP POST /api/v1/admin/get_all_bookings_admin',
  metadata: {
    meta: {
      req: {
        url: '/api/v1/admin/get_all_bookings_admin',
        headers: {
          authorization: 'Bearer eyJhbGciOiJIUzI1NiIsInR5cCI6IkpXVCJ9.eyJhZG1pbl9pZCI6IjYzYWMzNDliMjE4OTk0NTYyZjdhNTY3NSIsImlhdCI6MTY4MDc5NDQ0OCwiZXhwIjoxNzEyMzMwNDQ4fQ.DXjj9-xCjxTdHTXt4R7WJ374OymVvrOfyC6cHqCt8NA',
          'user-agent': 'PostmanRuntime/7.31.3',
          accept: '*/*',
          'postman-token': 'd08c25d0-48c8-4d8b-bde7-614e29ef1721',
          host: 'localhost:3001',
          'accept-encoding': 'gzip, deflate, br',
          connection: 'keep-alive',
          'content-type': 'application/x-www-form-urlencoded',
          'content-length': '28'
        },
        method: 'POST',
        httpVersion: '1.1',
        originalUrl: '/api/v1/admin/get_all_bookings_admin',
        query: {}
      },
      res: { statusCode: 200 },
      responseTime: 1047
    },
    timestamp: '2023-04-06T16:46:06.537Z'
  }
}
{
  level: 'info',
  message: 'HTTP POST /api/v1/admin/get_all_bookings_admin',
  metadata: {
    meta: {
      req: {
        url: '/api/v1/admin/get_all_bookings_admin',
        headers: {
          authorization: 'Bearer eyJhbGciOiJIUzI1NiIsInR5cCI6IkpXVCJ9.eyJhZG1pbl9pZCI6IjYzYWMzNDliMjE4OTk0NTYyZjdhNTY3NSIsImlhdCI6MTY4MDc5NDQ0OCwiZXhwIjoxNzEyMzMwNDQ4fQ.DXjj9-xCjxTdHTXt4R7WJ374OymVvrOfyC6cHqCt8NA',
          'user-agent': 'PostmanRuntime/7.31.3',
          accept: '*/*',
          'postman-token': 'e64b5b30-de58-4d98-9a9b-5bdc5fd62cba',
          host: 'localhost:3001',
          'accept-encoding': 'gzip, deflate, br',
          connection: 'keep-alive',
          'content-type': 'application/x-www-form-urlencoded',
          'content-length': '28'
        },
        method: 'POST',
        httpVersion: '1.1',
        originalUrl: '/api/v1/admin/get_all_bookings_admin',
        query: {}
      },
      res: { statusCode: 203 },
      responseTime: 474
    },
    timestamp: '2023-04-07T05:44:16.228Z'
  }
}
{
  level: 'info',
  message: 'HTTP POST /api/v1/admin/get_dashboard_data_by_admin',
  metadata: {
    meta: {
      req: {
        url: '/api/v1/admin/get_dashboard_data_by_admin',
        headers: {
          authorization: 'Bearer eyJhbGciOiJIUzI1NiIsInR5cCI6IkpXVCJ9.eyJhZG1pbl9pZCI6IjYzYWMzNDliMjE4OTk0NTYyZjdhNTY3NSIsImlhdCI6MTY4MDc5NDQ0OCwiZXhwIjoxNzEyMzMwNDQ4fQ.DXjj9-xCjxTdHTXt4R7WJ374OymVvrOfyC6cHqCt8NA',
          'user-agent': 'PostmanRuntime/7.31.3',
          accept: '*/*',
          'postman-token': 'c12e2843-ee40-4b1d-a8a9-05f99a57dab7',
          host: 'localhost:3001',
          'accept-encoding': 'gzip, deflate, br',
          connection: 'keep-alive',
          'content-length': '0'
        },
        method: 'POST',
        httpVersion: '1.1',
        originalUrl: '/api/v1/admin/get_dashboard_data_by_admin',
        query: {}
      },
      res: { statusCode: 203 },
      responseTime: 339
    },
    timestamp: '2023-04-07T06:26:28.052Z'
  }
}
{
  level: 'info',
  message: 'HTTP POST /api/v1/admin/get_all_bookings_admin',
  metadata: {
    meta: {
      req: {
        url: '/api/v1/admin/get_all_bookings_admin',
        headers: {
          authorization: 'Bearer eyJhbGciOiJIUzI1NiIsInR5cCI6IkpXVCJ9.eyJhZG1pbl9pZCI6IjYzYWMzNDliMjE4OTk0NTYyZjdhNTY3NSIsImlhdCI6MTY4MDc5NDQ0OCwiZXhwIjoxNzEyMzMwNDQ4fQ.DXjj9-xCjxTdHTXt4R7WJ374OymVvrOfyC6cHqCt8NA',
          'user-agent': 'PostmanRuntime/7.31.3',
          accept: '*/*',
          'postman-token': '565a4ad9-06aa-4ec8-8715-707ecee447ed',
          host: 'localhost:3001',
          'accept-encoding': 'gzip, deflate, br',
          connection: 'keep-alive',
          'content-type': 'application/x-www-form-urlencoded',
          'content-length': '66'
        },
        method: 'POST',
        httpVersion: '1.1',
        originalUrl: '/api/v1/admin/get_all_bookings_admin',
        query: {}
      },
      res: { statusCode: 200 },
      responseTime: 1028
    },
    timestamp: '2023-04-07T06:40:56.154Z'
  }
}
{
  level: 'info',
  message: 'HTTP POST /api/v1/admin/get_all_bookings_admin',
  metadata: {
    meta: {
      req: {
        url: '/api/v1/admin/get_all_bookings_admin',
        headers: {
          authorization: 'Bearer eyJhbGciOiJIUzI1NiIsInR5cCI6IkpXVCJ9.eyJhZG1pbl9pZCI6IjYzYWMzNDliMjE4OTk0NTYyZjdhNTY3NSIsImlhdCI6MTY4MDc5NDQ0OCwiZXhwIjoxNzEyMzMwNDQ4fQ.DXjj9-xCjxTdHTXt4R7WJ374OymVvrOfyC6cHqCt8NA',
          'user-agent': 'PostmanRuntime/7.31.3',
          accept: '*/*',
          'postman-token': '3e1f1c9b-f713-4b32-9860-003c99b48cfb',
          host: 'localhost:3001',
          'accept-encoding': 'gzip, deflate, br',
          connection: 'keep-alive',
          'content-type': 'application/x-www-form-urlencoded',
          'content-length': '70'
        },
        method: 'POST',
        httpVersion: '1.1',
        originalUrl: '/api/v1/admin/get_all_bookings_admin',
        query: {}
      },
      res: { statusCode: 200 },
      responseTime: 4337
    },
    timestamp: '2023-04-07T06:50:43.095Z'
  }
}
{
  level: 'info',
  message: 'HTTP POST /api/v1/admin/get_all_bookings_admin',
  metadata: {
    meta: {
      req: {
        url: '/api/v1/admin/get_all_bookings_admin',
        headers: {
          authorization: 'Bearer eyJhbGciOiJIUzI1NiIsInR5cCI6IkpXVCJ9.eyJhZG1pbl9pZCI6IjYzYWMzNDliMjE4OTk0NTYyZjdhNTY3NSIsImlhdCI6MTY4MDc5NDQ0OCwiZXhwIjoxNzEyMzMwNDQ4fQ.DXjj9-xCjxTdHTXt4R7WJ374OymVvrOfyC6cHqCt8NA',
          'user-agent': 'PostmanRuntime/7.31.3',
          accept: '*/*',
          'postman-token': '6f8a6cd6-3d35-4132-b971-d2a79c2792da',
          host: 'localhost:3001',
          'accept-encoding': 'gzip, deflate, br',
          connection: 'keep-alive',
          'content-type': 'application/x-www-form-urlencoded',
          'content-length': '70'
        },
        method: 'POST',
        httpVersion: '1.1',
        originalUrl: '/api/v1/admin/get_all_bookings_admin',
        query: {}
      },
      res: { statusCode: 200 },
      responseTime: 4038
    },
    timestamp: '2023-04-07T06:52:32.734Z'
  }
}
{
  level: 'info',
  message: 'HTTP POST /api/v1/admin/get_all_bookings_admin',
  metadata: {
    meta: {
      req: {
        url: '/api/v1/admin/get_all_bookings_admin',
        headers: {
          authorization: 'Bearer eyJhbGciOiJIUzI1NiIsInR5cCI6IkpXVCJ9.eyJhZG1pbl9pZCI6IjYzYWMzNDliMjE4OTk0NTYyZjdhNTY3NSIsImlhdCI6MTY4MDc5NDQ0OCwiZXhwIjoxNzEyMzMwNDQ4fQ.DXjj9-xCjxTdHTXt4R7WJ374OymVvrOfyC6cHqCt8NA',
          'user-agent': 'PostmanRuntime/7.31.3',
          accept: '*/*',
          'postman-token': 'df221638-9df6-4952-b693-6499a16bf785',
          host: 'localhost:3001',
          'accept-encoding': 'gzip, deflate, br',
          connection: 'keep-alive',
          'content-type': 'application/x-www-form-urlencoded',
          'content-length': '66'
        },
        method: 'POST',
        httpVersion: '1.1',
        originalUrl: '/api/v1/admin/get_all_bookings_admin',
        query: {}
      },
      res: { statusCode: 200 },
      responseTime: 712
    },
    timestamp: '2023-04-07T06:53:39.466Z'
  }
}
{
  level: 'info',
  message: 'HTTP POST /api/v1/admin/get_all_bookings_admin',
  metadata: {
    meta: {
      req: {
        url: '/api/v1/admin/get_all_bookings_admin',
        headers: {
          authorization: 'Bearer eyJhbGciOiJIUzI1NiIsInR5cCI6IkpXVCJ9.eyJhZG1pbl9pZCI6IjYzYWMzNDliMjE4OTk0NTYyZjdhNTY3NSIsImlhdCI6MTY4MDc5NDQ0OCwiZXhwIjoxNzEyMzMwNDQ4fQ.DXjj9-xCjxTdHTXt4R7WJ374OymVvrOfyC6cHqCt8NA',
          'user-agent': 'PostmanRuntime/7.31.3',
          accept: '*/*',
          'postman-token': 'b302277b-7dcf-4b95-a7de-ec19aa0464c4',
          host: 'localhost:3001',
          'accept-encoding': 'gzip, deflate, br',
          connection: 'keep-alive',
          'content-type': 'application/x-www-form-urlencoded',
          'content-length': '66'
        },
        method: 'POST',
        httpVersion: '1.1',
        originalUrl: '/api/v1/admin/get_all_bookings_admin',
        query: {}
      },
      res: { statusCode: 200 },
      responseTime: 1016
    },
    timestamp: '2023-04-07T06:53:51.339Z'
  }
}
{
  level: 'info',
  message: 'HTTP POST /api/v1/admin/get_all_bookings_admin',
  metadata: {
    meta: {
      req: {
        url: '/api/v1/admin/get_all_bookings_admin',
        headers: {
          authorization: 'Bearer eyJhbGciOiJIUzI1NiIsInR5cCI6IkpXVCJ9.eyJhZG1pbl9pZCI6IjYzYWMzNDliMjE4OTk0NTYyZjdhNTY3NSIsImlhdCI6MTY4MDc5NDQ0OCwiZXhwIjoxNzEyMzMwNDQ4fQ.DXjj9-xCjxTdHTXt4R7WJ374OymVvrOfyC6cHqCt8NA',
          'user-agent': 'PostmanRuntime/7.31.3',
          accept: '*/*',
          'postman-token': 'f7ad38d7-0acb-4c49-a793-3bd1a9e7392f',
          host: 'localhost:3001',
          'accept-encoding': 'gzip, deflate, br',
          connection: 'keep-alive',
          'content-type': 'application/x-www-form-urlencoded',
          'content-length': '70'
        },
        method: 'POST',
        httpVersion: '1.1',
        originalUrl: '/api/v1/admin/get_all_bookings_admin',
        query: {}
      },
      res: { statusCode: 200 },
      responseTime: 965
    },
    timestamp: '2023-04-07T06:57:06.073Z'
  }
}
{
  level: 'info',
  message: 'HTTP POST /api/v1/admin/get_all_bookings_admin',
  metadata: {
    meta: {
      req: {
        url: '/api/v1/admin/get_all_bookings_admin',
        headers: {
          authorization: 'Bearer eyJhbGciOiJIUzI1NiIsInR5cCI6IkpXVCJ9.eyJhZG1pbl9pZCI6IjYzYWMzNDliMjE4OTk0NTYyZjdhNTY3NSIsImlhdCI6MTY4MDc5NDQ0OCwiZXhwIjoxNzEyMzMwNDQ4fQ.DXjj9-xCjxTdHTXt4R7WJ374OymVvrOfyC6cHqCt8NA',
          'user-agent': 'PostmanRuntime/7.31.3',
          accept: '*/*',
          'postman-token': 'de662443-2faf-4836-a674-0732f5330998',
          host: 'localhost:3001',
          'accept-encoding': 'gzip, deflate, br',
          connection: 'keep-alive',
          'content-type': 'application/x-www-form-urlencoded',
          'content-length': '70'
        },
        method: 'POST',
        httpVersion: '1.1',
        originalUrl: '/api/v1/admin/get_all_bookings_admin',
        query: {}
      },
      res: { statusCode: 200 },
      responseTime: 1002
    },
    timestamp: '2023-04-07T06:59:25.590Z'
  }
}
{
  level: 'info',
  message: 'HTTP POST /api/v1/admin/get_all_bookings_admin',
  metadata: {
    meta: {
      req: {
        url: '/api/v1/admin/get_all_bookings_admin',
        headers: {
          authorization: 'Bearer eyJhbGciOiJIUzI1NiIsInR5cCI6IkpXVCJ9.eyJhZG1pbl9pZCI6IjYzYWMzNDliMjE4OTk0NTYyZjdhNTY3NSIsImlhdCI6MTY4MDc5NDQ0OCwiZXhwIjoxNzEyMzMwNDQ4fQ.DXjj9-xCjxTdHTXt4R7WJ374OymVvrOfyC6cHqCt8NA',
          'user-agent': 'PostmanRuntime/7.31.3',
          accept: '*/*',
          'postman-token': '27eb0ba1-752b-4134-96c2-42e484cafe20',
          host: 'localhost:3001',
          'accept-encoding': 'gzip, deflate, br',
          connection: 'keep-alive',
          'content-type': 'application/x-www-form-urlencoded',
          'content-length': '70'
        },
        method: 'POST',
        httpVersion: '1.1',
        originalUrl: '/api/v1/admin/get_all_bookings_admin',
        query: {}
      },
      res: { statusCode: 200 },
      responseTime: 974
    },
    timestamp: '2023-04-07T07:00:17.613Z'
  }
}
{
  level: 'info',
  message: 'HTTP POST /api/v1/admin/get_all_bookings_admin',
  metadata: {
    meta: {
      req: {
        url: '/api/v1/admin/get_all_bookings_admin',
        headers: {
          authorization: 'Bearer eyJhbGciOiJIUzI1NiIsInR5cCI6IkpXVCJ9.eyJhZG1pbl9pZCI6IjYzYWMzNDliMjE4OTk0NTYyZjdhNTY3NSIsImlhdCI6MTY4MDc5NDQ0OCwiZXhwIjoxNzEyMzMwNDQ4fQ.DXjj9-xCjxTdHTXt4R7WJ374OymVvrOfyC6cHqCt8NA',
          'user-agent': 'PostmanRuntime/7.31.3',
          accept: '*/*',
          'postman-token': '06433ac5-a620-496a-8a6a-d252b8b9981c',
          host: 'localhost:3001',
          'accept-encoding': 'gzip, deflate, br',
          connection: 'keep-alive',
          'content-type': 'application/x-www-form-urlencoded',
          'content-length': '70'
        },
        method: 'POST',
        httpVersion: '1.1',
        originalUrl: '/api/v1/admin/get_all_bookings_admin',
        query: {}
      },
      res: { statusCode: 200 },
      responseTime: 969
    },
    timestamp: '2023-04-07T07:01:33.428Z'
  }
}
{
  level: 'info',
  message: 'HTTP POST /api/v1/admin/get_all_bookings_admin',
  metadata: {
    meta: {
      req: {
        url: '/api/v1/admin/get_all_bookings_admin',
        headers: {
          authorization: 'Bearer eyJhbGciOiJIUzI1NiIsInR5cCI6IkpXVCJ9.eyJhZG1pbl9pZCI6IjYzYWMzNDliMjE4OTk0NTYyZjdhNTY3NSIsImlhdCI6MTY4MDc5NDQ0OCwiZXhwIjoxNzEyMzMwNDQ4fQ.DXjj9-xCjxTdHTXt4R7WJ374OymVvrOfyC6cHqCt8NA',
          'user-agent': 'PostmanRuntime/7.31.3',
          accept: '*/*',
          'postman-token': 'd506fbe2-f722-4080-96af-f242f721962c',
          host: 'localhost:3001',
          'accept-encoding': 'gzip, deflate, br',
          connection: 'keep-alive',
          'content-type': 'application/x-www-form-urlencoded',
          'content-length': '66'
        },
        method: 'POST',
        httpVersion: '1.1',
        originalUrl: '/api/v1/admin/get_all_bookings_admin',
        query: {}
      },
      res: { statusCode: 200 },
      responseTime: 1035
    },
    timestamp: '2023-04-07T07:32:57.187Z'
  }
}
{
  level: 'info',
  message: 'HTTP POST /api/v1/admin/get_all_bookings_admin',
  metadata: {
    meta: {
      req: {
        url: '/api/v1/admin/get_all_bookings_admin',
        headers: {
          authorization: 'Bearer eyJhbGciOiJIUzI1NiIsInR5cCI6IkpXVCJ9.eyJhZG1pbl9pZCI6IjYzYWMzNDliMjE4OTk0NTYyZjdhNTY3NSIsImlhdCI6MTY4MDc5NDQ0OCwiZXhwIjoxNzEyMzMwNDQ4fQ.DXjj9-xCjxTdHTXt4R7WJ374OymVvrOfyC6cHqCt8NA',
          'user-agent': 'PostmanRuntime/7.31.3',
          accept: '*/*',
          'postman-token': '986f0335-ad6a-4604-b17e-856a51b40876',
          host: 'localhost:3001',
          'accept-encoding': 'gzip, deflate, br',
          connection: 'keep-alive',
          'content-length': '0'
        },
        method: 'POST',
        httpVersion: '1.1',
        originalUrl: '/api/v1/admin/get_all_bookings_admin',
        query: {}
      },
      res: { statusCode: 200 },
      responseTime: 2692
    },
    timestamp: '2023-04-07T12:04:09.103Z'
  }
}
{
  level: 'info',
  message: 'HTTP POST /api/v1/admin/get_all_bookings_admin',
  metadata: {
    meta: {
      req: {
        url: '/api/v1/admin/get_all_bookings_admin',
        headers: {
          authorization: 'Bearer eyJhbGciOiJIUzI1NiIsInR5cCI6IkpXVCJ9.eyJhZG1pbl9pZCI6IjYzYWMzNDliMjE4OTk0NTYyZjdhNTY3NSIsImlhdCI6MTY4MDc5NDQ0OCwiZXhwIjoxNzEyMzMwNDQ4fQ.DXjj9-xCjxTdHTXt4R7WJ374OymVvrOfyC6cHqCt8NA',
          'user-agent': 'PostmanRuntime/7.31.3',
          accept: '*/*',
          'postman-token': '7dfbcc20-b55e-414b-9904-3edf86d3e3e8',
          host: 'localhost:3001',
          'accept-encoding': 'gzip, deflate, br',
          connection: 'keep-alive',
          'content-length': '0'
        },
        method: 'POST',
        httpVersion: '1.1',
        originalUrl: '/api/v1/admin/get_all_bookings_admin',
        query: {}
      },
      res: { statusCode: 200 },
      responseTime: 2119
    },
    timestamp: '2023-04-07T12:04:35.108Z'
  }
}
{
  level: 'info',
  message: 'HTTP POST /api/v1/admin/get_all_bookings_admin',
  metadata: {
    meta: {
      req: {
        url: '/api/v1/admin/get_all_bookings_admin',
        headers: {
          authorization: 'Bearer eyJhbGciOiJIUzI1NiIsInR5cCI6IkpXVCJ9.eyJhZG1pbl9pZCI6IjYzYWMzNDliMjE4OTk0NTYyZjdhNTY3NSIsImlhdCI6MTY4MDc5NDQ0OCwiZXhwIjoxNzEyMzMwNDQ4fQ.DXjj9-xCjxTdHTXt4R7WJ374OymVvrOfyC6cHqCt8NA',
          'user-agent': 'PostmanRuntime/7.31.3',
          accept: '*/*',
          'postman-token': 'd099fea0-db78-47df-ba59-bcad08ee232e',
          host: 'localhost:3001',
          'accept-encoding': 'gzip, deflate, br',
          connection: 'keep-alive',
          'content-length': '0'
        },
        method: 'POST',
        httpVersion: '1.1',
        originalUrl: '/api/v1/admin/get_all_bookings_admin',
        query: {}
      },
      res: { statusCode: 203 },
      responseTime: 1915
    },
    timestamp: '2023-04-07T12:05:59.438Z'
  }
}
{
  level: 'info',
  message: 'HTTP POST /api/v1/admin/get_all_bookings_admin',
  metadata: {
    meta: {
      req: {
        url: '/api/v1/admin/get_all_bookings_admin',
        headers: {
          authorization: 'Bearer eyJhbGciOiJIUzI1NiIsInR5cCI6IkpXVCJ9.eyJhZG1pbl9pZCI6IjYzYWMzNDliMjE4OTk0NTYyZjdhNTY3NSIsImlhdCI6MTY4MDc5NDQ0OCwiZXhwIjoxNzEyMzMwNDQ4fQ.DXjj9-xCjxTdHTXt4R7WJ374OymVvrOfyC6cHqCt8NA',
          'user-agent': 'PostmanRuntime/7.31.3',
          accept: '*/*',
          'postman-token': '3e065551-9e57-43f6-94ee-a6028eef7761',
          host: 'localhost:3001',
          'accept-encoding': 'gzip, deflate, br',
          connection: 'keep-alive',
          'content-type': 'application/x-www-form-urlencoded',
          'content-length': '24'
        },
        method: 'POST',
        httpVersion: '1.1',
        originalUrl: '/api/v1/admin/get_all_bookings_admin',
        query: {}
      },
      res: { statusCode: 200 },
      responseTime: 693
    },
    timestamp: '2023-04-07T12:06:05.185Z'
  }
}
{
  level: 'info',
  message: 'HTTP POST /api/v1/admin/get_all_bookings_admin',
  metadata: {
    meta: {
      req: {
        url: '/api/v1/admin/get_all_bookings_admin',
        headers: {
          authorization: 'Bearer eyJhbGciOiJIUzI1NiIsInR5cCI6IkpXVCJ9.eyJhZG1pbl9pZCI6IjYzYWMzNDliMjE4OTk0NTYyZjdhNTY3NSIsImlhdCI6MTY4MDc5NDQ0OCwiZXhwIjoxNzEyMzMwNDQ4fQ.DXjj9-xCjxTdHTXt4R7WJ374OymVvrOfyC6cHqCt8NA',
          'user-agent': 'PostmanRuntime/7.31.3',
          accept: '*/*',
          'postman-token': '48502d7e-cc8c-4a01-a354-7f96d50b269d',
          host: 'localhost:3001',
          'accept-encoding': 'gzip, deflate, br',
          connection: 'keep-alive',
          'content-type': 'application/x-www-form-urlencoded',
          'content-length': '24'
        },
        method: 'POST',
        httpVersion: '1.1',
        originalUrl: '/api/v1/admin/get_all_bookings_admin',
        query: {}
      },
      res: { statusCode: 200 },
      responseTime: 1475
    },
    timestamp: '2023-04-07T12:09:35.831Z'
  }
}
{
  level: 'info',
  message: 'HTTP POST /api/v1/admin/get_all_bookings_admin',
  metadata: {
    meta: {
      req: {
        url: '/api/v1/admin/get_all_bookings_admin',
        headers: {
          authorization: 'Bearer eyJhbGciOiJIUzI1NiIsInR5cCI6IkpXVCJ9.eyJhZG1pbl9pZCI6IjYzYWMzNDliMjE4OTk0NTYyZjdhNTY3NSIsImlhdCI6MTY4MDc5NDQ0OCwiZXhwIjoxNzEyMzMwNDQ4fQ.DXjj9-xCjxTdHTXt4R7WJ374OymVvrOfyC6cHqCt8NA',
          'user-agent': 'PostmanRuntime/7.31.3',
          accept: '*/*',
          'postman-token': 'ad2b6ce9-aece-4cd5-b869-373da1ade36b',
          host: 'localhost:3001',
          'accept-encoding': 'gzip, deflate, br',
          connection: 'keep-alive',
          'content-type': 'application/x-www-form-urlencoded',
          'content-length': '24'
        },
        method: 'POST',
        httpVersion: '1.1',
        originalUrl: '/api/v1/admin/get_all_bookings_admin',
        query: {}
      },
      res: { statusCode: 200 },
      responseTime: 713
    },
    timestamp: '2023-04-07T12:11:57.050Z'
  }
}
{
  level: 'info',
  message: 'HTTP POST /api/v1/admin/get_all_bookings_admin',
  metadata: {
    meta: {
      req: {
        url: '/api/v1/admin/get_all_bookings_admin',
        headers: {
          authorization: 'Bearer eyJhbGciOiJIUzI1NiIsInR5cCI6IkpXVCJ9.eyJhZG1pbl9pZCI6IjYzYWMzNDliMjE4OTk0NTYyZjdhNTY3NSIsImlhdCI6MTY4MDc5NDQ0OCwiZXhwIjoxNzEyMzMwNDQ4fQ.DXjj9-xCjxTdHTXt4R7WJ374OymVvrOfyC6cHqCt8NA',
          'user-agent': 'PostmanRuntime/7.31.3',
          accept: '*/*',
          'postman-token': '068c6c6a-4ce6-4bea-9497-56c7d8fa5388',
          host: 'localhost:3001',
          'accept-encoding': 'gzip, deflate, br',
          connection: 'keep-alive',
          'content-type': 'application/x-www-form-urlencoded',
          'content-length': '24'
        },
        method: 'POST',
        httpVersion: '1.1',
        originalUrl: '/api/v1/admin/get_all_bookings_admin',
        query: {}
      },
      res: { statusCode: 200 },
      responseTime: 2868
    },
    timestamp: '2023-04-07T12:13:07.224Z'
  }
}
{
  level: 'info',
  message: 'HTTP POST /api/v1/admin/get_all_bookings_admin',
  metadata: {
    meta: {
      req: {
        url: '/api/v1/admin/get_all_bookings_admin',
        headers: {
          authorization: 'Bearer eyJhbGciOiJIUzI1NiIsInR5cCI6IkpXVCJ9.eyJhZG1pbl9pZCI6IjYzYWMzNDliMjE4OTk0NTYyZjdhNTY3NSIsImlhdCI6MTY4MDc5NDQ0OCwiZXhwIjoxNzEyMzMwNDQ4fQ.DXjj9-xCjxTdHTXt4R7WJ374OymVvrOfyC6cHqCt8NA',
          'user-agent': 'PostmanRuntime/7.31.3',
          accept: '*/*',
          'postman-token': 'ef4eabb0-57c8-4c5f-94b2-19ccf624a759',
          host: 'localhost:3001',
          'accept-encoding': 'gzip, deflate, br',
          connection: 'keep-alive',
          'content-length': '0'
        },
        method: 'POST',
        httpVersion: '1.1',
        originalUrl: '/api/v1/admin/get_all_bookings_admin',
        query: {}
      },
      res: { statusCode: 200 },
      responseTime: 2379
    },
    timestamp: '2023-04-07T12:36:23.159Z'
  }
}
{
  level: 'info',
  message: 'HTTP POST /api/v1/admin/get_dashboard_data_by_admin',
  metadata: {
    meta: {
      req: {
        url: '/api/v1/admin/get_dashboard_data_by_admin',
        headers: {
          authorization: 'Bearer eyJhbGciOiJIUzI1NiIsInR5cCI6IkpXVCJ9.eyJhZG1pbl9pZCI6IjYzYWMzNDliMjE4OTk0NTYyZjdhNTY3NSIsImlhdCI6MTY4MDc5NDQ0OCwiZXhwIjoxNzEyMzMwNDQ4fQ.DXjj9-xCjxTdHTXt4R7WJ374OymVvrOfyC6cHqCt8NA',
          'user-agent': 'PostmanRuntime/7.31.3',
          accept: '*/*',
          'postman-token': '183aa5fa-02a4-4580-848f-6884e4c8e0f9',
          host: 'localhost:3001',
          'accept-encoding': 'gzip, deflate, br',
          connection: 'keep-alive',
          'content-length': '0'
        },
        method: 'POST',
        httpVersion: '1.1',
        originalUrl: '/api/v1/admin/get_dashboard_data_by_admin',
        query: {}
      },
      res: { statusCode: 203 },
      responseTime: 346
    },
    timestamp: '2023-04-07T12:41:14.298Z'
  }
}
{
  level: 'info',
  message: 'HTTP POST /api/v1/admin/get_dashboard_data_by_admin',
  metadata: {
    meta: {
      req: {
        url: '/api/v1/admin/get_dashboard_data_by_admin',
        headers: {
          authorization: 'Bearer eyJhbGciOiJIUzI1NiIsInR5cCI6IkpXVCJ9.eyJhZG1pbl9pZCI6IjYzYWMzNDliMjE4OTk0NTYyZjdhNTY3NSIsImlhdCI6MTY4MDc5NDQ0OCwiZXhwIjoxNzEyMzMwNDQ4fQ.DXjj9-xCjxTdHTXt4R7WJ374OymVvrOfyC6cHqCt8NA',
          'user-agent': 'PostmanRuntime/7.31.3',
          accept: '*/*',
          'postman-token': 'd456b28c-e578-449e-a385-c34f9dac0771',
          host: 'localhost:3001',
          'accept-encoding': 'gzip, deflate, br',
          connection: 'keep-alive',
          'content-type': 'application/x-www-form-urlencoded',
          'content-length': '85'
        },
        method: 'POST',
        httpVersion: '1.1',
        originalUrl: '/api/v1/admin/get_dashboard_data_by_admin',
        query: {}
      },
      res: { statusCode: 200 },
      responseTime: 3474
    },
    timestamp: '2023-04-07T12:42:16.346Z'
  }
}
{
  level: 'warn',
  message: 'HTTP POST /api/v1/admin/export_booking_and_user_documents',
  metadata: {
    meta: {
      req: {
        url: '/api/v1/admin/export_booking_and_user_documents',
        headers: {
          'content-type': 'multipart/form-data; boundary=--------------------------232683482216576895307870',
          'content-length': '1648425',
          'accept-encoding': 'gzip, deflate, br',
          accept: '*/*',
          'user-agent': 'Thunder Client (https://www.thunderclient.com)',
          authorization: 'Bearer eyJhbGciOiJIUzI1NiIsInR5cCI6IkpXVCJ9.eyJlbWFpbCI6Im5hbW5lZXQxNjlAZ21haWwuY29tIiwiX2lkIjoiNjNlNGMwYmVkZWY1ZTJjMzRjYTliOWY1IiwiaWF0IjoxNjc4MTg1MDg4LCJleHAiOjE3MDk3MjEwODh9.73vM4Ac1LXw0XE3-nJ3sNZ0apTeuAwhCNe3ommIDhUc',
          host: 'localhost:3001',
          connection: 'close'
        },
        method: 'POST',
        httpVersion: '1.1',
        originalUrl: '/api/v1/admin/export_booking_and_user_documents',
        query: {}
      },
      res: { statusCode: 451 },
      responseTime: 367
    },
    timestamp: '2023-04-12T06:43:42.908Z'
  }
}
{
  level: 'warn',
  message: 'HTTP POST /api/v1/admin/export_booking_and_user_documents',
  metadata: {
    meta: {
      req: {
        url: '/api/v1/admin/export_booking_and_user_documents',
        headers: {
          'user-agent': 'PostmanRuntime/7.31.3',
          accept: '*/*',
          'postman-token': '72d1f2d6-f789-4380-8526-30578bf1494a',
          host: 'localhost:3001',
          'accept-encoding': 'gzip, deflate, br',
          connection: 'keep-alive',
          'content-length': '0'
        },
        method: 'POST',
        httpVersion: '1.1',
        originalUrl: '/api/v1/admin/export_booking_and_user_documents',
        query: {}
      },
      res: { statusCode: 401 },
      responseTime: 6
    },
    timestamp: '2023-04-12T06:49:24.216Z'
  }
}
{
  level: 'info',
  message: 'HTTP POST /api/v1/admin/login',
  metadata: {
    meta: {
      req: {
        url: '/api/v1/admin/login',
        headers: {
          'user-agent': 'PostmanRuntime/7.31.3',
          accept: '*/*',
          'postman-token': 'bb6611f0-01e0-465e-a0fd-cbe1f86e3341',
          host: 'localhost:3001',
          'accept-encoding': 'gzip, deflate, br',
          connection: 'keep-alive',
          'content-type': 'application/x-www-form-urlencoded',
          'content-length': '44'
        },
        method: 'POST',
        httpVersion: '1.1',
        originalUrl: '/api/v1/admin/login',
        query: {}
      },
      res: { statusCode: 200 },
      responseTime: 364
    },
    timestamp: '2023-04-12T06:49:45.204Z'
  }
}
{
  level: 'warn',
  message: 'HTTP POST /api/v1/admin/export_booking_and_user_documents',
  metadata: {
    meta: {
      req: {
        url: '/api/v1/admin/export_booking_and_user_documents',
        headers: {
          'user-agent': 'PostmanRuntime/7.31.3',
          accept: '*/*',
          'postman-token': '0c9fc05d-5809-43a9-bfdb-624fd5f1365a',
          host: 'localhost:3001',
          'accept-encoding': 'gzip, deflate, br',
          connection: 'keep-alive',
          'content-length': '0'
        },
        method: 'POST',
        httpVersion: '1.1',
        originalUrl: '/api/v1/admin/export_booking_and_user_documents',
        query: {}
      },
      res: { statusCode: 401 },
      responseTime: 2
    },
    timestamp: '2023-04-12T06:49:58.926Z'
  }
}
{
  level: 'warn',
  message: 'HTTP POST /api/v1/admin/export_booking_and_user_documents',
  metadata: {
    meta: {
      req: {
        url: '/api/v1/admin/export_booking_and_user_documents',
        headers: {
          'user-agent': 'PostmanRuntime/7.31.3',
          accept: '*/*',
          'postman-token': '0358219a-ba24-43e7-87ed-c969a4958d3a',
          host: 'localhost:3001',
          'accept-encoding': 'gzip, deflate, br',
          connection: 'keep-alive',
          'content-length': '0'
        },
        method: 'POST',
        httpVersion: '1.1',
        originalUrl: '/api/v1/admin/export_booking_and_user_documents',
        query: {}
      },
      res: { statusCode: 401 },
      responseTime: 1
    },
    timestamp: '2023-04-12T06:50:00.729Z'
  }
}
{
  level: 'info',
  message: 'HTTP POST /api/v1/vehicle/add_vehicle',
  metadata: {
    meta: {
      req: {
        url: '/api/v1/vehicle/add_vehicle',
        headers: {
          authorization: 'Bearer eyJhbGciOiJIUzI1NiIsInR5cCI6IkpXVCJ9.eyJlbWFpbCI6InlvZ2VzaEBnbWFpbC5jb20iLCJfaWQiOiI2NDM1NWUzZjlmODg2M2ZmODQyN2Q1ODkiLCJpYXQiOjE2ODEyODM4MzEsImV4cCI6MTcxMjgxOTgzMX0.XNLCZIFw7WEifHAvZoueiTwhEBItgVxx9xGDKTAh3_w',
          'user-agent': 'PostmanRuntime/7.31.3',
          accept: '*/*',
          'postman-token': '57c7182b-9fcf-4126-bbd6-c57b3fab07f2',
          host: 'localhost:3001',
          'accept-encoding': 'gzip, deflate, br',
          connection: 'keep-alive',
          'content-type': 'multipart/form-data; boundary=--------------------------552736894764012496111370',
          'content-length': '1027620'
        },
        method: 'POST',
        httpVersion: '1.1',
        originalUrl: '/api/v1/vehicle/add_vehicle',
        query: {}
      },
      res: { statusCode: 200 },
      responseTime: 3569
    },
    timestamp: '2023-04-12T07:18:31.051Z'
  }
}
{
  level: 'warn',
  message: 'HTTP GET /api/v1/vehicle/get_vehicles',
  metadata: {
    meta: {
      req: {
        url: '/api/v1/vehicle/get_vehicles',
        headers: {
          authorization: 'Bearer eyJhbGciOiJIUzI1NiIsInR5cCI6IkpXVCJ9.eyJlbWFpbCI6ImFwcGxlMUBnbWFpbC5jb20iLCJfaWQiOiI2NDAxYTg5OGQ2YzIyOTk4OWI3Y2UwNzgiLCJpYXQiOjE2NzgxNzY4NTMsImV4cCI6MTcwOTcxMjg1M30.CzbL-37VtI2BrW33du2tBLxWW_5gezdtcZBxX32kFHg',
          'user-agent': 'PostmanRuntime/7.31.3',
          accept: '*/*',
          'postman-token': 'd7e83578-fe3c-41fc-bea5-d7f96a3585f5',
          host: 'localhost:3001',
          'accept-encoding': 'gzip, deflate, br',
          connection: 'keep-alive'
        },
        method: 'GET',
        httpVersion: '1.1',
        originalUrl: '/api/v1/vehicle/get_vehicles',
        query: {}
      },
      res: { statusCode: 423 },
      responseTime: 330
    },
    timestamp: '2023-04-12T07:18:53.551Z'
  }
}
{
  level: 'warn',
  message: 'HTTP GET /api/v1/vehicle/get_vehicles',
  metadata: {
    meta: {
      req: {
        url: '/api/v1/vehicle/get_vehicles',
        headers: {
          authorization: 'Bearer eyJhbGciOiJIUzI1NiIsInR5cCI6IkpXVCJ9.eyJlbWFpbCI6ImFwcGxlMUBnbWFpbC5jb20iLCJfaWQiOiI2NDAxYTg5OGQ2YzIyOTk4OWI3Y2UwNzgiLCJpYXQiOjE2NzgxNzY4NTMsImV4cCI6MTcwOTcxMjg1M30.CzbL-37VtI2BrW33du2tBLxWW_5gezdtcZBxX32kFHg',
          'user-agent': 'PostmanRuntime/7.31.3',
          accept: '*/*',
          'postman-token': 'ae8c78b8-8091-4501-9f23-b7fb4cb33434',
          host: 'localhost:3001',
          'accept-encoding': 'gzip, deflate, br',
          connection: 'keep-alive'
        },
        method: 'GET',
        httpVersion: '1.1',
        originalUrl: '/api/v1/vehicle/get_vehicles',
        query: {}
      },
      res: { statusCode: 423 },
      responseTime: 345
    },
    timestamp: '2023-04-12T07:19:13.763Z'
  }
}
{
  level: 'info',
  message: 'HTTP GET /api/v1/vehicle/get_vehicles',
  metadata: {
    meta: {
      req: {
        url: '/api/v1/vehicle/get_vehicles',
        headers: {
          authorization: 'Bearer eyJhbGciOiJIUzI1NiIsInR5cCI6IkpXVCJ9.eyJlbWFpbCI6InlvZ2VzaEBnbWFpbC5jb20iLCJfaWQiOiI2NDM1NWUzZjlmODg2M2ZmODQyN2Q1ODkiLCJpYXQiOjE2ODEyODM4MzEsImV4cCI6MTcxMjgxOTgzMX0.XNLCZIFw7WEifHAvZoueiTwhEBItgVxx9xGDKTAh3_w',
          'user-agent': 'PostmanRuntime/7.31.3',
          accept: '*/*',
          'postman-token': 'bf387c1f-99e4-4c4f-8c6a-2b6a908959fb',
          host: 'localhost:3001',
          'accept-encoding': 'gzip, deflate, br',
          connection: 'keep-alive'
        },
        method: 'GET',
        httpVersion: '1.1',
        originalUrl: '/api/v1/vehicle/get_vehicles',
        query: {}
      },
      res: { statusCode: 200 },
      responseTime: 650
    },
    timestamp: '2023-04-12T07:19:43.470Z'
  }
}
{
  level: 'info',
  message: 'HTTP GET /api/v1/vehicle/get_vehicles',
  metadata: {
    meta: {
      req: {
        url: '/api/v1/vehicle/get_vehicles',
        headers: {
          authorization: 'Bearer eyJhbGciOiJIUzI1NiIsInR5cCI6IkpXVCJ9.eyJlbWFpbCI6InlvZ2VzaEBnbWFpbC5jb20iLCJfaWQiOiI2NDM1NWUzZjlmODg2M2ZmODQyN2Q1ODkiLCJpYXQiOjE2ODEyODM4MzEsImV4cCI6MTcxMjgxOTgzMX0.XNLCZIFw7WEifHAvZoueiTwhEBItgVxx9xGDKTAh3_w',
          'user-agent': 'PostmanRuntime/7.31.3',
          accept: '*/*',
          'postman-token': '842e4ecc-bf56-466e-9eb1-569e46032c56',
          host: 'localhost:3001',
          'accept-encoding': 'gzip, deflate, br',
          connection: 'keep-alive'
        },
        method: 'GET',
        httpVersion: '1.1',
        originalUrl: '/api/v1/vehicle/get_vehicles',
        query: {}
      },
      res: { statusCode: 200 },
      responseTime: 637
    },
    timestamp: '2023-04-12T07:20:01.377Z'
  }
}
{
  level: 'info',
  message: 'HTTP POST /api/v1/admin/login',
  metadata: {
    meta: {
      req: {
        url: '/api/v1/admin/login',
        headers: {
          'user-agent': 'PostmanRuntime/7.31.3',
          accept: '*/*',
          'postman-token': '8d52950c-0eb3-494e-bc14-ee023d0b40f2',
          host: 'localhost:3001',
          'accept-encoding': 'gzip, deflate, br',
          connection: 'keep-alive',
          'content-type': 'application/x-www-form-urlencoded',
          'content-length': '44'
        },
        method: 'POST',
        httpVersion: '1.1',
        originalUrl: '/api/v1/admin/login',
        query: {}
      },
      res: { statusCode: 200 },
      responseTime: 348
    },
    timestamp: '2023-04-12T07:35:13.302Z'
  }
}
{
  level: 'warn',
  message: 'HTTP POST /api/v1/admin/export_users_documents',
  metadata: {
    meta: {
      req: {
        url: '/api/v1/admin/export_users_documents',
        headers: {
          'user-agent': 'PostmanRuntime/7.31.3',
          accept: '*/*',
          'postman-token': '87e20c93-5e11-45a3-8ae1-285421fbcb33',
          host: 'localhost:3001',
          'accept-encoding': 'gzip, deflate, br',
          connection: 'keep-alive',
          'content-length': '0'
        },
        method: 'POST',
        httpVersion: '1.1',
        originalUrl: '/api/v1/admin/export_users_documents',
        query: {}
      },
      res: { statusCode: 401 },
      responseTime: 7
    },
    timestamp: '2023-04-12T07:37:24.699Z'
  }
}
{
  level: 'warn',
  message: 'HTTP POST /api/v1/admin/export_users_documents',
  metadata: {
    meta: {
      req: {
        url: '/api/v1/admin/export_users_documents',
        headers: {
          'user-agent': 'PostmanRuntime/7.31.3',
          accept: '*/*',
          'postman-token': '2503da48-9f92-4ab4-8f1a-558da106774c',
          host: 'localhost:3001',
          'accept-encoding': 'gzip, deflate, br',
          connection: 'keep-alive',
          'content-length': '0'
        },
        method: 'POST',
        httpVersion: '1.1',
        originalUrl: '/api/v1/admin/export_users_documents',
        query: {}
      },
      res: { statusCode: 401 },
      responseTime: 8
    },
    timestamp: '2023-04-12T07:37:50.053Z'
  }
}
{
  level: 'info',
  message: 'HTTP POST /api/v1/admin/export_users_documents',
  metadata: {
    meta: {
      req: {
        url: '/api/v1/admin/export_users_documents',
        headers: {
          authorization: 'Bearer eyJhbGciOiJIUzI1NiIsInR5cCI6IkpXVCJ9.eyJhZG1pbl9pZCI6IjY0MzU1OTY4MjZlMWU2OTdjOTY5Y2I0YiIsImlhdCI6MTY4MTI4NDkxMywiZXhwIjoxNzEyODIwOTEzfQ.w1dXTNVaEwSwbIBA6u_N5WV04M9s6xSYQuImrIz1zfc',
          'user-agent': 'PostmanRuntime/7.31.3',
          accept: '*/*',
          'postman-token': '85347b21-1f5e-425d-999a-8995f67aa1ad',
          host: 'localhost:3001',
          'accept-encoding': 'gzip, deflate, br',
          connection: 'keep-alive',
          'content-length': '0'
        },
        method: 'POST',
        httpVersion: '1.1',
        originalUrl: '/api/v1/admin/export_users_documents',
        query: {}
      },
      res: { statusCode: 203 },
      responseTime: 1715
    },
    timestamp: '2023-04-12T07:40:54.830Z'
  }
}
{
  level: 'info',
  message: 'HTTP GET /',
  metadata: {
    meta: {
      req: {
        url: '/',
        headers: {
          host: 'localhost:3001',
          connection: 'keep-alive',
          'sec-ch-ua': '"Chromium";v="110", "Not A(Brand";v="24", "Google Chrome";v="110"',
          'sec-ch-ua-mobile': '?0',
          'sec-ch-ua-platform': '"Linux"',
          'upgrade-insecure-requests': '1',
          'user-agent': 'Mozilla/5.0 (X11; Linux x86_64) AppleWebKit/537.36 (KHTML, like Gecko) Chrome/110.0.0.0 Safari/537.36',
          accept: 'text/html,application/xhtml+xml,application/xml;q=0.9,image/avif,image/webp,image/apng,*/*;q=0.8,application/signed-exchange;v=b3;q=0.7',
          'sec-fetch-site': 'none',
          'sec-fetch-mode': 'navigate',
          'sec-fetch-user': '?1',
          'sec-fetch-dest': 'document',
          'accept-encoding': 'gzip, deflate, br',
          'accept-language': 'en-US,en;q=0.9',
          'if-none-match': 'W/"f6-18751e0f070"',
          'if-modified-since': 'Wed, 05 Apr 2023 14:45:08 GMT'
        },
        method: 'GET',
        httpVersion: '1.1',
        originalUrl: '/',
        query: {}
      },
      res: { statusCode: 200 },
      responseTime: 19
    },
    timestamp: '2023-04-12T10:57:47.813Z'
  }
}
{
  level: 'warn',
  message: 'HTTP GET /favicon.ico',
  metadata: {
    meta: {
      req: {
        url: '/favicon.ico',
        headers: {
          host: 'localhost:3001',
          connection: 'keep-alive',
          'sec-ch-ua': '"Chromium";v="110", "Not A(Brand";v="24", "Google Chrome";v="110"',
          'sec-ch-ua-mobile': '?0',
          'user-agent': 'Mozilla/5.0 (X11; Linux x86_64) AppleWebKit/537.36 (KHTML, like Gecko) Chrome/110.0.0.0 Safari/537.36',
          'sec-ch-ua-platform': '"Linux"',
          accept: 'image/avif,image/webp,image/apng,image/svg+xml,image/*,*/*;q=0.8',
          'sec-fetch-site': 'same-origin',
          'sec-fetch-mode': 'no-cors',
          'sec-fetch-dest': 'image',
          referer: 'http://localhost:3001/',
          'accept-encoding': 'gzip, deflate, br',
          'accept-language': 'en-US,en;q=0.9'
        },
        method: 'GET',
        httpVersion: '1.1',
        originalUrl: '/favicon.ico',
        query: {}
      },
      res: { statusCode: 404 },
      responseTime: 3
    },
    timestamp: '2023-04-12T10:57:48.011Z'
  }
}
{
  level: 'warn',
  message: 'HTTP GET /files/1681297002387_users_doc.pdf',
  metadata: {
    meta: {
      req: {
        url: '/files/1681297002387_users_doc.pdf',
        headers: {
          host: 'localhost:3001',
          connection: 'keep-alive',
          'sec-ch-ua': '"Chromium";v="110", "Not A(Brand";v="24", "Google Chrome";v="110"',
          'sec-ch-ua-mobile': '?0',
          'sec-ch-ua-platform': '"Linux"',
          'upgrade-insecure-requests': '1',
          'user-agent': 'Mozilla/5.0 (X11; Linux x86_64) AppleWebKit/537.36 (KHTML, like Gecko) Chrome/110.0.0.0 Safari/537.36',
          accept: 'text/html,application/xhtml+xml,application/xml;q=0.9,image/avif,image/webp,image/apng,*/*;q=0.8,application/signed-exchange;v=b3;q=0.7',
          'sec-fetch-site': 'none',
          'sec-fetch-mode': 'navigate',
          'sec-fetch-user': '?1',
          'sec-fetch-dest': 'document',
          'accept-encoding': 'gzip, deflate, br',
          'accept-language': 'en-US,en;q=0.9'
        },
        method: 'GET',
        httpVersion: '1.1',
        originalUrl: '/files/1681297002387_users_doc.pdf',
        query: {}
      },
      res: { statusCode: 404 },
      responseTime: 2
    },
    timestamp: '2023-04-12T10:58:00.290Z'
  }
}
{
  level: 'info',
  message: 'HTTP GET /files/pdf_doc/1681297002387_users_doc.pdf',
  metadata: {
    meta: {
      req: {
        url: '/files/pdf_doc/1681297002387_users_doc.pdf',
        headers: {
          host: 'localhost:3001',
          connection: 'keep-alive',
          'sec-ch-ua': '"Chromium";v="110", "Not A(Brand";v="24", "Google Chrome";v="110"',
          'sec-ch-ua-mobile': '?0',
          'sec-ch-ua-platform': '"Linux"',
          'upgrade-insecure-requests': '1',
          'user-agent': 'Mozilla/5.0 (X11; Linux x86_64) AppleWebKit/537.36 (KHTML, like Gecko) Chrome/110.0.0.0 Safari/537.36',
          accept: 'text/html,application/xhtml+xml,application/xml;q=0.9,image/avif,image/webp,image/apng,*/*;q=0.8,application/signed-exchange;v=b3;q=0.7',
          'sec-fetch-site': 'none',
          'sec-fetch-mode': 'navigate',
          'sec-fetch-user': '?1',
          'sec-fetch-dest': 'document',
          'accept-encoding': 'gzip, deflate, br',
          'accept-language': 'en-US,en;q=0.9'
        },
        method: 'GET',
        httpVersion: '1.1',
        originalUrl: '/files/pdf_doc/1681297002387_users_doc.pdf',
        query: {}
      },
      res: { statusCode: 200 },
      responseTime: 4
    },
    timestamp: '2023-04-12T10:58:15.797Z'
  }
}
{
  level: 'info',
  message: 'HTTP GET /files/pdf_doc/1681297320931_users_doc.pdf',
  metadata: {
    meta: {
      req: {
        url: '/files/pdf_doc/1681297320931_users_doc.pdf',
        headers: {
          host: 'localhost:3001',
          connection: 'keep-alive',
          'sec-ch-ua': '"Chromium";v="110", "Not A(Brand";v="24", "Google Chrome";v="110"',
          'sec-ch-ua-mobile': '?0',
          'sec-ch-ua-platform': '"Linux"',
          'upgrade-insecure-requests': '1',
          'user-agent': 'Mozilla/5.0 (X11; Linux x86_64) AppleWebKit/537.36 (KHTML, like Gecko) Chrome/110.0.0.0 Safari/537.36',
          accept: 'text/html,application/xhtml+xml,application/xml;q=0.9,image/avif,image/webp,image/apng,*/*;q=0.8,application/signed-exchange;v=b3;q=0.7',
          'sec-fetch-site': 'none',
          'sec-fetch-mode': 'navigate',
          'sec-fetch-user': '?1',
          'sec-fetch-dest': 'document',
          'accept-encoding': 'gzip, deflate, br',
          'accept-language': 'en-US,en;q=0.9'
        },
        method: 'GET',
        httpVersion: '1.1',
        originalUrl: '/files/pdf_doc/1681297320931_users_doc.pdf',
        query: {}
      },
      res: { statusCode: 200 },
      responseTime: 8
    },
    timestamp: '2023-04-12T11:02:17.880Z'
  }
}
{
  level: 'info',
  message: 'HTTP POST /api/v1/admin/get_dashboard_data_by_admin',
  metadata: {
    meta: {
      req: {
        url: '/api/v1/admin/get_dashboard_data_by_admin',
        headers: {
          authorization: 'Bearer eyJhbGciOiJIUzI1NiIsInR5cCI6IkpXVCJ9.eyJhZG1pbl9pZCI6IjY0MzU1OTY4MjZlMWU2OTdjOTY5Y2I0YiIsImlhdCI6MTY4MTI4NDkxMywiZXhwIjoxNzEyODIwOTEzfQ.w1dXTNVaEwSwbIBA6u_N5WV04M9s6xSYQuImrIz1zfc',
          'user-agent': 'PostmanRuntime/7.31.3',
          accept: '*/*',
          'postman-token': 'f7a6dcd8-89e3-4c30-97d8-8dd8f0ea4fcc',
          host: 'localhost:3001',
          'accept-encoding': 'gzip, deflate, br',
          connection: 'keep-alive',
          'content-type': 'application/x-www-form-urlencoded',
          'content-length': '20'
        },
        method: 'POST',
        httpVersion: '1.1',
        originalUrl: '/api/v1/admin/get_dashboard_data_by_admin',
        query: {}
      },
      res: { statusCode: 203 },
      responseTime: 425
    },
    timestamp: '2023-04-12T12:59:47.574Z'
  }
}
{
  level: 'info',
  message: 'HTTP POST /api/v1/admin/export_bookings_documents',
  metadata: {
    meta: {
      req: {
        url: '/api/v1/admin/export_bookings_documents',
        headers: {
          authorization: 'Bearer eyJhbGciOiJIUzI1NiIsInR5cCI6IkpXVCJ9.eyJhZG1pbl9pZCI6IjY0MzU1OTY4MjZlMWU2OTdjOTY5Y2I0YiIsImlhdCI6MTY4MTMwNDQ1MywiZXhwIjoxNzEyODQwNDUzfQ.iU3ql_Jhl7-mOWbmU5b3WhckHnCffEQGDcad_quu24k',
          'user-agent': 'PostmanRuntime/7.31.3',
          accept: '*/*',
          'postman-token': 'a91c6a49-827d-4980-b4d7-09aa66b22712',
          host: 'localhost:3001',
          'accept-encoding': 'gzip, deflate, br',
          connection: 'keep-alive',
          'content-type': 'application/x-www-form-urlencoded',
          'content-length': '8'
        },
        method: 'POST',
        httpVersion: '1.1',
        originalUrl: '/api/v1/admin/export_bookings_documents',
        query: {}
      },
      res: { statusCode: 200 },
      responseTime: 1071
    },
    timestamp: '2023-04-12T13:07:43.650Z'
  }
}
{
  level: 'info',
  message: 'HTTP POST /api/v1/admin/export_bookings_documents',
  metadata: {
    meta: {
      req: {
        url: '/api/v1/admin/export_bookings_documents',
        headers: {
          authorization: 'Bearer eyJhbGciOiJIUzI1NiIsInR5cCI6IkpXVCJ9.eyJhZG1pbl9pZCI6IjY0MzU1OTY4MjZlMWU2OTdjOTY5Y2I0YiIsImlhdCI6MTY4MTMwNDQ1MywiZXhwIjoxNzEyODQwNDUzfQ.iU3ql_Jhl7-mOWbmU5b3WhckHnCffEQGDcad_quu24k',
          'user-agent': 'PostmanRuntime/7.31.3',
          accept: '*/*',
          'postman-token': '95b130ef-36af-4109-96b3-f05610c3cc27',
          host: 'localhost:3001',
          'accept-encoding': 'gzip, deflate, br',
          connection: 'keep-alive',
          'content-type': 'application/x-www-form-urlencoded',
          'content-length': '8'
        },
        method: 'POST',
        httpVersion: '1.1',
        originalUrl: '/api/v1/admin/export_bookings_documents',
        query: {}
      },
      res: { statusCode: 200 },
      responseTime: 3212
    },
    timestamp: '2023-04-12T13:08:18.636Z'
  }
}
{
  level: 'info',
  message: 'HTTP POST /api/v1/admin/export_bookings_documents',
  metadata: {
    meta: {
      req: {
        url: '/api/v1/admin/export_bookings_documents',
        headers: {
          authorization: 'Bearer eyJhbGciOiJIUzI1NiIsInR5cCI6IkpXVCJ9.eyJhZG1pbl9pZCI6IjY0MzU1OTY4MjZlMWU2OTdjOTY5Y2I0YiIsImlhdCI6MTY4MTMwNDQ1MywiZXhwIjoxNzEyODQwNDUzfQ.iU3ql_Jhl7-mOWbmU5b3WhckHnCffEQGDcad_quu24k',
          'user-agent': 'PostmanRuntime/7.31.3',
          accept: '*/*',
          'postman-token': '0d1a52b8-059e-466a-be96-c745aeca9393',
          host: 'localhost:3001',
          'accept-encoding': 'gzip, deflate, br',
          connection: 'keep-alive',
          'content-type': 'application/x-www-form-urlencoded',
          'content-length': '8'
        },
        method: 'POST',
        httpVersion: '1.1',
        originalUrl: '/api/v1/admin/export_bookings_documents',
        query: {}
      },
      res: { statusCode: 200 },
      responseTime: 1133
    },
    timestamp: '2023-04-12T13:45:34.548Z'
  }
}
{
  level: 'info',
  message: 'HTTP POST /api/v1/admin/export_bookings_documents',
  metadata: {
    meta: {
      req: {
        url: '/api/v1/admin/export_bookings_documents',
        headers: {
          authorization: 'Bearer eyJhbGciOiJIUzI1NiIsInR5cCI6IkpXVCJ9.eyJhZG1pbl9pZCI6IjY0MzU1OTY4MjZlMWU2OTdjOTY5Y2I0YiIsImlhdCI6MTY4MTMwNDQ1MywiZXhwIjoxNzEyODQwNDUzfQ.iU3ql_Jhl7-mOWbmU5b3WhckHnCffEQGDcad_quu24k',
          'user-agent': 'PostmanRuntime/7.31.3',
          accept: '*/*',
          'postman-token': 'ae88dd12-2862-403f-aa5a-ec6faf3b18af',
          host: 'localhost:3001',
          'accept-encoding': 'gzip, deflate, br',
          connection: 'keep-alive',
          'content-type': 'application/x-www-form-urlencoded',
          'content-length': '8'
        },
        method: 'POST',
        httpVersion: '1.1',
        originalUrl: '/api/v1/admin/export_bookings_documents',
        query: {}
      },
      res: { statusCode: 200 },
      responseTime: 1059
    },
    timestamp: '2023-04-12T14:42:42.101Z'
  }
}
{
  level: 'warn',
  message: 'HTTP GET /favicon.ico',
  metadata: {
    meta: {
      req: {
        url: '/favicon.ico',
        headers: {
          host: 'localhost:3001',
          connection: 'keep-alive',
          'sec-ch-ua': '"Chromium";v="110", "Not A(Brand";v="24", "Google Chrome";v="110"',
          'sec-ch-ua-mobile': '?0',
          'user-agent': 'Mozilla/5.0 (X11; Linux x86_64) AppleWebKit/537.36 (KHTML, like Gecko) Chrome/110.0.0.0 Safari/537.36',
          'sec-ch-ua-platform': '"Linux"',
          accept: 'image/avif,image/webp,image/apng,image/svg+xml,image/*,*/*;q=0.8',
          'sec-fetch-site': 'same-origin',
          'sec-fetch-mode': 'no-cors',
          'sec-fetch-dest': 'image',
          referer: 'http://localhost:3001/files/pdf_doc/1681297320931_users_doc.pdf',
          'accept-encoding': 'gzip, deflate, br',
          'accept-language': 'en-US,en;q=0.9'
        },
        method: 'GET',
        httpVersion: '1.1',
        originalUrl: '/favicon.ico',
        query: {}
      },
      res: { statusCode: 404 },
      responseTime: 13
    },
    timestamp: '2023-04-13T06:13:59.119Z'
  }
}
{
  level: 'info',
  message: 'HTTP POST /api/v1/appdata/why_a1_truck_admin',
  metadata: {
    meta: {
      req: {
        url: '/api/v1/appdata/why_a1_truck_admin',
        headers: {
          authorization: 'Bearer eyJhbGciOiJIUzI1NiIsInR5cCI6IkpXVCJ9.eyJhZG1pbl9pZCI6IjY0MzU1OTY4MjZlMWU2OTdjOTY5Y2I0YiIsImlhdCI6MTY4MTM2NTgyMywiZXhwIjoxNzEyOTAxODIzfQ.7GW41jDN7OACUw_8hVdmooTXrTFRF1FwTdDwsjS71Qo',
          'user-agent': 'PostmanRuntime/7.31.3',
          accept: '*/*',
          'postman-token': '415fba2e-7ba6-49df-9907-72cf61a2cf16',
          host: 'localhost:3001',
          'accept-encoding': 'gzip, deflate, br',
          connection: 'keep-alive',
          'content-type': 'multipart/form-data; boundary=--------------------------990921343199251710719158',
          'content-length': '1599838'
        },
        method: 'POST',
        httpVersion: '1.1',
        originalUrl: '/api/v1/appdata/why_a1_truck_admin',
        query: {}
      },
      res: { statusCode: 200 },
      responseTime: 3426
    },
    timestamp: '2023-04-13T06:45:24.027Z'
  }
}
{
  level: 'info',
  message: 'HTTP POST /api/v1/appdata/why_a1_truck_admin',
  metadata: {
    meta: {
      req: {
        url: '/api/v1/appdata/why_a1_truck_admin',
        headers: {
          authorization: 'Bearer eyJhbGciOiJIUzI1NiIsInR5cCI6IkpXVCJ9.eyJhZG1pbl9pZCI6IjY0MzU1OTY4MjZlMWU2OTdjOTY5Y2I0YiIsImlhdCI6MTY4MTM2NTgyMywiZXhwIjoxNzEyOTAxODIzfQ.7GW41jDN7OACUw_8hVdmooTXrTFRF1FwTdDwsjS71Qo',
          'user-agent': 'PostmanRuntime/7.31.3',
          accept: '*/*',
          'postman-token': 'b41b4dea-855d-45a3-82bb-766fa6edbc68',
          host: 'localhost:3001',
          'accept-encoding': 'gzip, deflate, br',
          connection: 'keep-alive',
          'content-type': 'multipart/form-data; boundary=--------------------------491863633545610762042350',
          'content-length': '1224257'
        },
        method: 'POST',
        httpVersion: '1.1',
        originalUrl: '/api/v1/appdata/why_a1_truck_admin',
        query: {}
      },
      res: { statusCode: 200 },
      responseTime: 2814
    },
    timestamp: '2023-04-13T06:46:40.418Z'
  }
}
{
  level: 'info',
  message: 'HTTP POST /api/v1/appdata/why_a1_truck_admin',
  metadata: {
    meta: {
      req: {
        url: '/api/v1/appdata/why_a1_truck_admin',
        headers: {
          authorization: 'Bearer eyJhbGciOiJIUzI1NiIsInR5cCI6IkpXVCJ9.eyJhZG1pbl9pZCI6IjY0MzU1OTY4MjZlMWU2OTdjOTY5Y2I0YiIsImlhdCI6MTY4MTM2NTgyMywiZXhwIjoxNzEyOTAxODIzfQ.7GW41jDN7OACUw_8hVdmooTXrTFRF1FwTdDwsjS71Qo',
          'user-agent': 'PostmanRuntime/7.31.3',
          accept: '*/*',
          'postman-token': 'fb8c6ab4-06cf-4e7f-b76c-50786fa98a7e',
          host: 'localhost:3001',
          'accept-encoding': 'gzip, deflate, br',
          connection: 'keep-alive',
          'content-type': 'multipart/form-data; boundary=--------------------------665759585335227283724850',
          'content-length': '1224253'
        },
        method: 'POST',
        httpVersion: '1.1',
        originalUrl: '/api/v1/appdata/why_a1_truck_admin',
        query: {}
      },
      res: { statusCode: 200 },
      responseTime: 2826
    },
    timestamp: '2023-04-13T06:47:22.884Z'
  }
}
{
  level: 'info',
  message: 'HTTP POST /api/v1/appdata/why_a1_truck_admin',
  metadata: {
    meta: {
      req: {
        url: '/api/v1/appdata/why_a1_truck_admin',
        headers: {
          authorization: 'Bearer eyJhbGciOiJIUzI1NiIsInR5cCI6IkpXVCJ9.eyJhZG1pbl9pZCI6IjY0MzU1OTY4MjZlMWU2OTdjOTY5Y2I0YiIsImlhdCI6MTY4MTM2NTgyMywiZXhwIjoxNzEyOTAxODIzfQ.7GW41jDN7OACUw_8hVdmooTXrTFRF1FwTdDwsjS71Qo',
          'user-agent': 'PostmanRuntime/7.31.3',
          accept: '*/*',
          'postman-token': '6a3c445b-e108-4598-ba82-a1af7c163f21',
          host: 'localhost:3001',
          'accept-encoding': 'gzip, deflate, br',
          connection: 'keep-alive',
          'content-type': 'multipart/form-data; boundary=--------------------------016302508451009635017516',
          'content-length': '1696975'
        },
        method: 'POST',
        httpVersion: '1.1',
        originalUrl: '/api/v1/appdata/why_a1_truck_admin',
        query: {}
      },
      res: { statusCode: 200 },
      responseTime: 3284
    },
    timestamp: '2023-04-13T06:48:06.471Z'
  }
}
{
  level: 'info',
  message: 'HTTP POST /api/v1/appdata/about_and_owners_saying',
  metadata: {
    meta: {
      req: {
        url: '/api/v1/appdata/about_and_owners_saying',
        headers: {
          authorization: 'Bearer eyJhbGciOiJIUzI1NiIsInR5cCI6IkpXVCJ9.eyJhZG1pbl9pZCI6IjY0MzU1OTY4MjZlMWU2OTdjOTY5Y2I0YiIsImlhdCI6MTY4MTM2NTgyMywiZXhwIjoxNzEyOTAxODIzfQ.7GW41jDN7OACUw_8hVdmooTXrTFRF1FwTdDwsjS71Qo',
          'user-agent': 'PostmanRuntime/7.31.3',
          accept: '*/*',
          'postman-token': '14fcbd49-611b-4694-abf7-af2a0cb62ecd',
          host: 'localhost:3001',
          'accept-encoding': 'gzip, deflate, br',
          connection: 'keep-alive',
          'content-type': 'application/x-www-form-urlencoded',
          'content-length': '1312'
        },
        method: 'POST',
        httpVersion: '1.1',
        originalUrl: '/api/v1/appdata/about_and_owners_saying',
        query: {}
      },
      res: { statusCode: 200 },
      responseTime: 1005
    },
    timestamp: '2023-04-13T07:11:35.012Z'
  }
}
{
  level: 'info',
  message: 'HTTP POST /api/v1/appdata/about_and_owners_saying',
  metadata: {
    meta: {
      req: {
        url: '/api/v1/appdata/about_and_owners_saying',
        headers: {
          authorization: 'Bearer eyJhbGciOiJIUzI1NiIsInR5cCI6IkpXVCJ9.eyJhZG1pbl9pZCI6IjY0MzU1OTY4MjZlMWU2OTdjOTY5Y2I0YiIsImlhdCI6MTY4MTM2NTgyMywiZXhwIjoxNzEyOTAxODIzfQ.7GW41jDN7OACUw_8hVdmooTXrTFRF1FwTdDwsjS71Qo',
          'user-agent': 'PostmanRuntime/7.31.3',
          accept: '*/*',
          'postman-token': '582f96d5-1b5f-4ae4-9df6-a112748e89b8',
          host: 'localhost:3001',
          'accept-encoding': 'gzip, deflate, br',
          connection: 'keep-alive',
          'content-type': 'application/x-www-form-urlencoded',
          'content-length': '1307'
        },
        method: 'POST',
        httpVersion: '1.1',
        originalUrl: '/api/v1/appdata/about_and_owners_saying',
        query: {}
      },
      res: { statusCode: 200 },
      responseTime: 946
    },
    timestamp: '2023-04-13T07:12:00.967Z'
  }
}
