{
  level: 'warn',
  message: 'HTTP POST /api/v1/user/login',
  metadata: {
    meta: {
      req: {
        url: '/api/v1/user/login',
        headers: {
          'content-type': 'application/json',
          'user-agent': 'PostmanRuntime/7.31.1',
          accept: '*/*',
          'postman-token': 'f0387269-09f0-40a5-9229-9f8e8a99bb23',
          host: 'localhost:3001',
          'accept-encoding': 'gzip, deflate, br',
          connection: 'keep-alive',
          'content-length': '246'
        },
        method: 'POST',
        httpVersion: '1.1',
        originalUrl: '/api/v1/user/login',
        query: {}
      },
      res: { statusCode: 404 },
      responseTime: 338
    },
    timestamp: '2023-03-16T08:47:16.831Z'
  }
}
{
  level: 'warn',
  message: 'HTTP POST /api/v1/user/login',
  metadata: {
    meta: {
      req: {
        url: '/api/v1/user/login',
        headers: {
          'content-type': 'application/json',
          'user-agent': 'PostmanRuntime/7.31.1',
          accept: '*/*',
          'postman-token': 'bde7a2b3-9c13-489a-808d-fa906c4bd289',
          host: 'localhost:3001',
          'accept-encoding': 'gzip, deflate, br',
          connection: 'keep-alive',
          'content-length': '245'
        },
        method: 'POST',
        httpVersion: '1.1',
        originalUrl: '/api/v1/user/login',
        query: {}
      },
      res: { statusCode: 404 },
      responseTime: 311
    },
    timestamp: '2023-03-16T08:47:21.919Z'
  }
}
{
  level: 'warn',
  message: 'HTTP POST /api/v1/user/login',
  metadata: {
    meta: {
      req: {
        url: '/api/v1/user/login',
        headers: {
          'content-type': 'application/json',
          'user-agent': 'PostmanRuntime/7.31.1',
          accept: '*/*',
          'postman-token': '1202ba19-f2cd-4d00-ac37-3c7b89095729',
          host: 'localhost:3001',
          'accept-encoding': 'gzip, deflate, br',
          connection: 'keep-alive',
          'content-length': '244'
        },
        method: 'POST',
        httpVersion: '1.1',
        originalUrl: '/api/v1/user/login',
        query: {}
      },
      res: { statusCode: 404 },
      responseTime: 311
    },
    timestamp: '2023-03-16T08:47:25.505Z'
  }
}
{
  level: 'info',
  message: 'HTTP POST /api/v1/user/login',
  metadata: {
    meta: {
      req: {
        url: '/api/v1/user/login',
        headers: {
          'content-type': 'application/json',
          'user-agent': 'PostmanRuntime/7.31.1',
          accept: '*/*',
          'postman-token': 'd6073c65-022e-44a0-ac23-711b044791b7',
          host: 'localhost:3001',
          'accept-encoding': 'gzip, deflate, br',
          connection: 'keep-alive',
          'content-length': '243'
        },
        method: 'POST',
        httpVersion: '1.1',
        originalUrl: '/api/v1/user/login',
        query: {}
      },
      res: { statusCode: 200 },
      responseTime: 966
    },
    timestamp: '2023-03-16T08:47:29.199Z'
  }
}
{
  level: 'info',
  message: 'HTTP POST /api/v1/user/login',
  metadata: {
    meta: {
      req: {
        url: '/api/v1/user/login',
        headers: {
          'content-type': 'application/json',
          'user-agent': 'PostmanRuntime/7.31.1',
          accept: '*/*',
          'postman-token': '616cdc1e-76a2-4ba2-b3e0-2194c39ec127',
          host: 'localhost:3001',
          'accept-encoding': 'gzip, deflate, br',
          connection: 'keep-alive',
          'content-length': '96'
        },
        method: 'POST',
        httpVersion: '1.1',
        originalUrl: '/api/v1/user/login',
        query: {}
      },
      res: { statusCode: 200 },
      responseTime: 994
    },
    timestamp: '2023-03-16T09:12:32.808Z'
  }
}
{
  level: 'info',
  message: 'HTTP POST /api/v1/bookings/check_slot_availability',
  metadata: {
    meta: {
      req: {
        url: '/api/v1/bookings/check_slot_availability',
        headers: {
          authorization: 'Bearer eyJhbGciOiJIUzI1NiIsInR5cCI6IkpXVCJ9.eyJlbWFpbCI6Im5hdm5lZXQxMjNAeW9wbWFpbC5jb20iLCJfaWQiOiI2NDEyZGFhYmRkYzE0MGUyYmQ4ZWRiYzYiLCJpYXQiOjE2Nzg5NTc5NTIsImV4cCI6MTcxMDQ5Mzk1Mn0.gev4DP8d9rOhN8JPXpSA6Z83DLaXt920QuU-E2NW_ks',
          'user-agent': 'PostmanRuntime/7.31.1',
          accept: '*/*',
          'postman-token': '88d3e5dd-3234-4000-b4ea-2904ca007698',
          host: 'localhost:3001',
          'accept-encoding': 'gzip, deflate, br',
          connection: 'keep-alive',
          'content-type': 'application/x-www-form-urlencoded',
          'content-length': '245'
        },
        method: 'POST',
        httpVersion: '1.1',
        originalUrl: '/api/v1/bookings/check_slot_availability',
        query: {}
      },
      res: { statusCode: 200 },
      responseTime: 2730
    },
    timestamp: '2023-03-16T09:12:55.870Z'
  }
}
{
  level: 'info',
  message: 'HTTP POST /api/v1/bookings/check_slot_availability',
  metadata: {
    meta: {
      req: {
        url: '/api/v1/bookings/check_slot_availability',
        headers: {
          authorization: 'Bearer eyJhbGciOiJIUzI1NiIsInR5cCI6IkpXVCJ9.eyJlbWFpbCI6Im5hdm5lZXQxMjNAeW9wbWFpbC5jb20iLCJfaWQiOiI2NDEyZGFhYmRkYzE0MGUyYmQ4ZWRiYzYiLCJpYXQiOjE2Nzg5NTc5NTIsImV4cCI6MTcxMDQ5Mzk1Mn0.gev4DP8d9rOhN8JPXpSA6Z83DLaXt920QuU-E2NW_ks',
          'user-agent': 'PostmanRuntime/7.31.1',
          accept: '*/*',
          'postman-token': '4d48c7aa-96b5-478c-902c-e66a20bb74a4',
          host: 'localhost:3001',
          'accept-encoding': 'gzip, deflate, br',
          connection: 'keep-alive',
          'content-type': 'application/x-www-form-urlencoded',
          'content-length': '245'
        },
        method: 'POST',
        httpVersion: '1.1',
        originalUrl: '/api/v1/bookings/check_slot_availability',
        query: {}
      },
      res: { statusCode: 200 },
      responseTime: 2500
    },
    timestamp: '2023-03-16T09:13:40.485Z'
  }
}
{
  level: 'warn',
  message: 'HTTP POST /api/v1/user/add_card',
  metadata: {
    meta: {
      req: {
        url: '/api/v1/user/add_card',
        headers: {
          'user-agent': 'PostmanRuntime/7.31.1',
          accept: '*/*',
          'postman-token': 'e0bfeaad-695a-4c81-9783-38207f779a56',
          host: 'localhost:3001',
          'accept-encoding': 'gzip, deflate, br',
          connection: 'keep-alive',
          'content-length': '0'
        },
        method: 'POST',
        httpVersion: '1.1',
        originalUrl: '/api/v1/user/add_card',
        query: {}
      },
      res: { statusCode: 401 },
      responseTime: 7
    },
    timestamp: '2023-03-16T09:14:43.544Z'
  }
}
{
  level: 'info',
  message: 'HTTP POST /api/v1/user/add_card',
  metadata: {
    meta: {
      req: {
        url: '/api/v1/user/add_card',
        headers: {
          authorization: 'Bearer eyJhbGciOiJIUzI1NiIsInR5cCI6IkpXVCJ9.eyJlbWFpbCI6Im5hdm5lZXQxMjNAeW9wbWFpbC5jb20iLCJfaWQiOiI2NDEyZGFhYmRkYzE0MGUyYmQ4ZWRiYzYiLCJpYXQiOjE2Nzg5NTc5NTIsImV4cCI6MTcxMDQ5Mzk1Mn0.gev4DP8d9rOhN8JPXpSA6Z83DLaXt920QuU-E2NW_ks',
          'user-agent': 'PostmanRuntime/7.31.1',
          accept: '*/*',
          'postman-token': '49429367-6125-448d-be77-93409b6ce149',
          host: 'localhost:3001',
          'accept-encoding': 'gzip, deflate, br',
          connection: 'keep-alive',
          'content-length': '0'
        },
        method: 'POST',
        httpVersion: '1.1',
        originalUrl: '/api/v1/user/add_card',
        query: {}
      },
      res: { statusCode: 203 },
      responseTime: 319
    },
    timestamp: '2023-03-16T09:14:51.498Z'
  }
}
{
  level: 'info',
  message: 'HTTP POST /api/v1/user/add_card',
  metadata: {
    meta: {
      req: {
        url: '/api/v1/user/add_card',
        headers: {
          authorization: 'Bearer eyJhbGciOiJIUzI1NiIsInR5cCI6IkpXVCJ9.eyJlbWFpbCI6Im5hdm5lZXQxMjNAeW9wbWFpbC5jb20iLCJfaWQiOiI2NDEyZGFhYmRkYzE0MGUyYmQ4ZWRiYzYiLCJpYXQiOjE2Nzg5NTc5NTIsImV4cCI6MTcxMDQ5Mzk1Mn0.gev4DP8d9rOhN8JPXpSA6Z83DLaXt920QuU-E2NW_ks',
          'user-agent': 'PostmanRuntime/7.31.1',
          accept: '*/*',
          'postman-token': '06ce5884-3fe9-4151-a962-5b861e1d1a50',
          host: 'localhost:3001',
          'accept-encoding': 'gzip, deflate, br',
          connection: 'keep-alive',
          'content-type': 'application/x-www-form-urlencoded',
          'content-length': '222'
        },
        method: 'POST',
        httpVersion: '1.1',
        originalUrl: '/api/v1/user/add_card',
        query: {}
      },
      res: { statusCode: 200 },
      responseTime: 1338
    },
    timestamp: '2023-03-16T09:15:22.390Z'
  }
}
{
  level: 'info',
  message: 'HTTP POST /api/v1/user/add_card',
  metadata: {
    meta: {
      req: {
        url: '/api/v1/user/add_card',
        headers: {
          authorization: 'Bearer eyJhbGciOiJIUzI1NiIsInR5cCI6IkpXVCJ9.eyJlbWFpbCI6Im5hdm5lZXQxMjNAeW9wbWFpbC5jb20iLCJfaWQiOiI2NDEyZGFhYmRkYzE0MGUyYmQ4ZWRiYzYiLCJpYXQiOjE2Nzg5NTc5NTIsImV4cCI6MTcxMDQ5Mzk1Mn0.gev4DP8d9rOhN8JPXpSA6Z83DLaXt920QuU-E2NW_ks',
          'user-agent': 'PostmanRuntime/7.31.1',
          accept: '*/*',
          'postman-token': '2aff167d-bee6-4ead-8c63-76691250b21a',
          host: 'localhost:3001',
          'accept-encoding': 'gzip, deflate, br',
          connection: 'keep-alive',
          'content-type': 'application/x-www-form-urlencoded',
          'content-length': '222'
        },
        method: 'POST',
        httpVersion: '1.1',
        originalUrl: '/api/v1/user/add_card',
        query: {}
      },
      res: { statusCode: 200 },
      responseTime: 1349
    },
    timestamp: '2023-03-16T09:16:23.755Z'
  }
}
{
  level: 'info',
  message: 'HTTP POST /api/v1/user/add_card',
  metadata: {
    meta: {
      req: {
        url: '/api/v1/user/add_card',
        headers: {
          authorization: 'Bearer eyJhbGciOiJIUzI1NiIsInR5cCI6IkpXVCJ9.eyJlbWFpbCI6Im5hdm5lZXQxMjNAeW9wbWFpbC5jb20iLCJfaWQiOiI2NDEyZGFhYmRkYzE0MGUyYmQ4ZWRiYzYiLCJpYXQiOjE2Nzg5NTc5NTIsImV4cCI6MTcxMDQ5Mzk1Mn0.gev4DP8d9rOhN8JPXpSA6Z83DLaXt920QuU-E2NW_ks',
          'user-agent': 'PostmanRuntime/7.31.1',
          accept: '*/*',
          'postman-token': '27b9301b-e4ff-4052-8eb7-cba428828eae',
          host: 'localhost:3001',
          'accept-encoding': 'gzip, deflate, br',
          connection: 'keep-alive',
          'content-length': '0'
        },
        method: 'POST',
        httpVersion: '1.1',
        originalUrl: '/api/v1/user/add_card',
        query: {}
      },
      res: { statusCode: 203 },
      responseTime: 318
    },
    timestamp: '2023-03-16T09:16:27.833Z'
  }
}
{
  level: 'info',
  message: 'HTTP POST /api/v1/user/add_card',
  metadata: {
    meta: {
      req: {
        url: '/api/v1/user/add_card',
        headers: {
          authorization: 'Bearer eyJhbGciOiJIUzI1NiIsInR5cCI6IkpXVCJ9.eyJlbWFpbCI6Im5hdm5lZXQxMjNAeW9wbWFpbC5jb20iLCJfaWQiOiI2NDEyZGFhYmRkYzE0MGUyYmQ4ZWRiYzYiLCJpYXQiOjE2Nzg5NTc5NTIsImV4cCI6MTcxMDQ5Mzk1Mn0.gev4DP8d9rOhN8JPXpSA6Z83DLaXt920QuU-E2NW_ks',
          'user-agent': 'PostmanRuntime/7.31.1',
          accept: '*/*',
          'postman-token': 'e2255e72-c56a-42bd-8af6-1009398f86a0',
          host: 'localhost:3001',
          'accept-encoding': 'gzip, deflate, br',
          connection: 'keep-alive',
          'content-length': '0'
        },
        method: 'POST',
        httpVersion: '1.1',
        originalUrl: '/api/v1/user/add_card',
        query: {}
      },
      res: { statusCode: 203 },
      responseTime: 337
    },
    timestamp: '2023-03-16T09:16:56.866Z'
  }
}
{
  level: 'info',
  message: 'HTTP POST /api/v1/user/add_card',
  metadata: {
    meta: {
      req: {
        url: '/api/v1/user/add_card',
        headers: {
          authorization: 'Bearer eyJhbGciOiJIUzI1NiIsInR5cCI6IkpXVCJ9.eyJlbWFpbCI6Im5hdm5lZXQxMjNAeW9wbWFpbC5jb20iLCJfaWQiOiI2NDEyZGFhYmRkYzE0MGUyYmQ4ZWRiYzYiLCJpYXQiOjE2Nzg5NTc5NTIsImV4cCI6MTcxMDQ5Mzk1Mn0.gev4DP8d9rOhN8JPXpSA6Z83DLaXt920QuU-E2NW_ks',
          'user-agent': 'PostmanRuntime/7.31.1',
          accept: '*/*',
          'postman-token': 'd451dde4-ebb2-4ae2-9c06-2b163440bcf2',
          host: 'localhost:3001',
          'accept-encoding': 'gzip, deflate, br',
          connection: 'keep-alive',
          'content-type': 'application/x-www-form-urlencoded',
          'content-length': '11'
        },
        method: 'POST',
        httpVersion: '1.1',
        originalUrl: '/api/v1/user/add_card',
        query: {}
      },
      res: { statusCode: 200 },
      responseTime: 1353
    },
    timestamp: '2023-03-16T09:18:15.912Z'
  }
}
{
  level: 'info',
  message: 'HTTP POST /api/v1/user/add_card',
  metadata: {
    meta: {
      req: {
        url: '/api/v1/user/add_card',
        headers: {
          authorization: 'Bearer eyJhbGciOiJIUzI1NiIsInR5cCI6IkpXVCJ9.eyJlbWFpbCI6Im5hdm5lZXQxMjNAeW9wbWFpbC5jb20iLCJfaWQiOiI2NDEyZGFhYmRkYzE0MGUyYmQ4ZWRiYzYiLCJpYXQiOjE2Nzg5NTc5NTIsImV4cCI6MTcxMDQ5Mzk1Mn0.gev4DP8d9rOhN8JPXpSA6Z83DLaXt920QuU-E2NW_ks',
          'user-agent': 'PostmanRuntime/7.31.1',
          accept: '*/*',
          'postman-token': 'b3e8335b-1dc0-4997-b671-ed96bccb3bc7',
          host: 'localhost:3001',
          'accept-encoding': 'gzip, deflate, br',
          connection: 'keep-alive',
          'content-type': 'application/x-www-form-urlencoded',
          'content-length': '6'
        },
        method: 'POST',
        httpVersion: '1.1',
        originalUrl: '/api/v1/user/add_card',
        query: {}
      },
      res: { statusCode: 203 },
      responseTime: 2206
    },
    timestamp: '2023-03-16T09:18:44.093Z'
  }
}
{
  level: 'info',
  message: 'HTTP POST /api/v1/user/add_card',
  metadata: {
    meta: {
      req: {
        url: '/api/v1/user/add_card',
        headers: {
          authorization: 'Bearer eyJhbGciOiJIUzI1NiIsInR5cCI6IkpXVCJ9.eyJlbWFpbCI6Im5hdm5lZXQxMjNAeW9wbWFpbC5jb20iLCJfaWQiOiI2NDEyZGFhYmRkYzE0MGUyYmQ4ZWRiYzYiLCJpYXQiOjE2Nzg5NTc5NTIsImV4cCI6MTcxMDQ5Mzk1Mn0.gev4DP8d9rOhN8JPXpSA6Z83DLaXt920QuU-E2NW_ks',
          'user-agent': 'PostmanRuntime/7.31.1',
          accept: '*/*',
          'postman-token': 'ae6f151a-5275-425c-9cdd-97c61ba1f68b',
          host: 'localhost:3001',
          'accept-encoding': 'gzip, deflate, br',
          connection: 'keep-alive',
          'content-type': 'application/x-www-form-urlencoded',
          'content-length': '6'
        },
        method: 'POST',
        httpVersion: '1.1',
        originalUrl: '/api/v1/user/add_card',
        query: {}
      },
      res: { statusCode: 203 },
      responseTime: 1681
    },
    timestamp: '2023-03-16T09:19:18.394Z'
  }
}
{
  level: 'info',
  message: 'HTTP POST /api/v1/user/login',
  metadata: {
    meta: {
      req: {
        url: '/api/v1/user/login',
        headers: {
          'content-type': 'application/json',
          'user-agent': 'PostmanRuntime/7.31.1',
          accept: '*/*',
          'postman-token': 'faf4fe9c-b5c4-4b60-b785-5178e74382f2',
          host: 'localhost:3001',
          'accept-encoding': 'gzip, deflate, br',
          connection: 'keep-alive',
          'content-length': '96'
        },
        method: 'POST',
        httpVersion: '1.1',
        originalUrl: '/api/v1/user/login',
        query: {}
      },
      res: { statusCode: 200 },
      responseTime: 977
    },
    timestamp: '2023-03-16T09:19:48.953Z'
  }
}
{
  level: 'info',
  message: 'HTTP POST /api/v1/user/add_card',
  metadata: {
    meta: {
      req: {
        url: '/api/v1/user/add_card',
        headers: {
          authorization: 'Bearer eyJhbGciOiJIUzI1NiIsInR5cCI6IkpXVCJ9.eyJlbWFpbCI6Im5hdm5lZXQxMjNAeW9wbWFpbC5jb20iLCJfaWQiOiI2NDEyZGFhYmRkYzE0MGUyYmQ4ZWRiYzYiLCJpYXQiOjE2Nzg5NTgzODgsImV4cCI6MTcxMDQ5NDM4OH0.4L_O-HFd9CF1mNcm0G7yioktVFFVrlMiY_nZK6ofN7w',
          'user-agent': 'PostmanRuntime/7.31.1',
          accept: '*/*',
          'postman-token': 'e95c7410-e31d-4ad7-b03c-0dfd47a33f47',
          host: 'localhost:3001',
          'accept-encoding': 'gzip, deflate, br',
          connection: 'keep-alive',
          'content-type': 'application/x-www-form-urlencoded',
          'content-length': '222'
        },
        method: 'POST',
        httpVersion: '1.1',
        originalUrl: '/api/v1/user/add_card',
        query: {}
      },
      res: { statusCode: 200 },
      responseTime: 1303
    },
    timestamp: '2023-03-16T09:20:00.116Z'
  }
}
{
  level: 'info',
  message: 'HTTP POST /api/v1/user/add_card',
  metadata: {
    meta: {
      req: {
        url: '/api/v1/user/add_card',
        headers: {
          authorization: 'Bearer eyJhbGciOiJIUzI1NiIsInR5cCI6IkpXVCJ9.eyJlbWFpbCI6Im5hdm5lZXQxMjNAeW9wbWFpbC5jb20iLCJfaWQiOiI2NDEyZGFhYmRkYzE0MGUyYmQ4ZWRiYzYiLCJpYXQiOjE2Nzg5NTgzODgsImV4cCI6MTcxMDQ5NDM4OH0.4L_O-HFd9CF1mNcm0G7yioktVFFVrlMiY_nZK6ofN7w',
          'user-agent': 'PostmanRuntime/7.31.1',
          accept: '*/*',
          'postman-token': 'e1a26ce5-84b0-4506-985a-e35763bd38bb',
          host: 'localhost:3001',
          'accept-encoding': 'gzip, deflate, br',
          connection: 'keep-alive',
          'content-type': 'application/x-www-form-urlencoded',
          'content-length': '231'
        },
        method: 'POST',
        httpVersion: '1.1',
        originalUrl: '/api/v1/user/add_card',
        query: {}
      },
      res: { statusCode: 200 },
      responseTime: 1028
    },
    timestamp: '2023-03-16T09:20:13.256Z'
  }
}
{
  level: 'info',
  message: 'HTTP POST /api/v1/user/create_card_token',
  metadata: {
    meta: {
      req: {
        url: '/api/v1/user/create_card_token',
        headers: {
          authorization: 'Bearer eyJhbGciOiJIUzI1NiIsInR5cCI6IkpXVCJ9.eyJlbWFpbCI6Im5hdm5lZXQxMjNAeW9wbWFpbC5jb20iLCJfaWQiOiI2NDEyZGFhYmRkYzE0MGUyYmQ4ZWRiYzYiLCJpYXQiOjE2Nzg5NTgzODgsImV4cCI6MTcxMDQ5NDM4OH0.4L_O-HFd9CF1mNcm0G7yioktVFFVrlMiY_nZK6ofN7w',
          'user-agent': 'PostmanRuntime/7.31.1',
          accept: '*/*',
          'postman-token': 'b6bca786-827e-4de8-9516-69ffcff0b119',
          host: 'localhost:3001',
          'accept-encoding': 'gzip, deflate, br',
          connection: 'keep-alive',
          'content-length': '0'
        },
        method: 'POST',
        httpVersion: '1.1',
        originalUrl: '/api/v1/user/create_card_token',
        query: {}
      },
      res: { statusCode: 200 },
      responseTime: 1119
    },
    timestamp: '2023-03-16T09:34:42.210Z'
  }
}
{
  level: 'info',
  message: 'HTTP POST /api/v1/user/create_card_token',
  metadata: {
    meta: {
      req: {
        url: '/api/v1/user/create_card_token',
        headers: {
          authorization: 'Bearer eyJhbGciOiJIUzI1NiIsInR5cCI6IkpXVCJ9.eyJlbWFpbCI6Im5hdm5lZXQxMjNAeW9wbWFpbC5jb20iLCJfaWQiOiI2NDEyZGFhYmRkYzE0MGUyYmQ4ZWRiYzYiLCJpYXQiOjE2Nzg5NTgzODgsImV4cCI6MTcxMDQ5NDM4OH0.4L_O-HFd9CF1mNcm0G7yioktVFFVrlMiY_nZK6ofN7w',
          'user-agent': 'PostmanRuntime/7.31.1',
          accept: '*/*',
          'postman-token': 'c00c802b-05cd-4b01-8d16-5f40c98ffa68',
          host: 'localhost:3001',
          'accept-encoding': 'gzip, deflate, br',
          connection: 'keep-alive',
          'content-length': '0'
        },
        method: 'POST',
        httpVersion: '1.1',
        originalUrl: '/api/v1/user/create_card_token',
        query: {}
      },
      res: { statusCode: 200 },
      responseTime: 1087
    },
    timestamp: '2023-03-16T09:37:07.115Z'
  }
}
{
  level: 'warn',
  message: 'HTTP POST /api/v1/user/add_card',
  metadata: {
    meta: {
      req: {
        url: '/api/v1/user/add_card',
        headers: {
          'user-agent': 'PostmanRuntime/7.31.1',
          accept: '*/*',
          'postman-token': 'ddfddb60-9bba-4116-8286-11a1e3b83e8a',
          host: 'localhost:3001',
          'accept-encoding': 'gzip, deflate, br',
          connection: 'keep-alive',
          'content-type': 'application/x-www-form-urlencoded',
          'content-length': '34'
        },
        method: 'POST',
        httpVersion: '1.1',
        originalUrl: '/api/v1/user/add_card',
        query: {}
      },
      res: { statusCode: 401 },
      responseTime: 15
    },
    timestamp: '2023-03-16T09:37:19.593Z'
  }
}
{
  level: 'warn',
  message: 'HTTP POST /api/v1/user/add_card',
  metadata: {
    meta: {
      req: {
        url: '/api/v1/user/add_card',
        headers: {
          'user-agent': 'PostmanRuntime/7.31.1',
          accept: '*/*',
          'postman-token': 'cbffd59d-df9e-4f31-aba9-af62ebcf61bc',
          host: 'localhost:3001',
          'accept-encoding': 'gzip, deflate, br',
          connection: 'keep-alive',
          'content-type': 'application/x-www-form-urlencoded',
          'content-length': '34'
        },
        method: 'POST',
        httpVersion: '1.1',
        originalUrl: '/api/v1/user/add_card',
        query: {}
      },
      res: { statusCode: 401 },
      responseTime: 2
    },
    timestamp: '2023-03-16T09:37:26.074Z'
  }
}
{
  level: 'info',
  message: 'HTTP GET /api/v1/user/cards',
  metadata: {
    meta: {
      req: {
        url: '/api/v1/user/cards',
        headers: {
          authorization: 'Bearer eyJhbGciOiJIUzI1NiIsInR5cCI6IkpXVCJ9.eyJlbWFpbCI6Im5hdm5lZXQxMjNAeW9wbWFpbC5jb20iLCJfaWQiOiI2NDEyZGFhYmRkYzE0MGUyYmQ4ZWRiYzYiLCJpYXQiOjE2Nzg5NTgzODgsImV4cCI6MTcxMDQ5NDM4OH0.4L_O-HFd9CF1mNcm0G7yioktVFFVrlMiY_nZK6ofN7w',
          'user-agent': 'PostmanRuntime/7.31.1',
          accept: '*/*',
          'postman-token': 'd975b811-60c0-43f8-b154-16e1ed334aa9',
          host: 'localhost:3001',
          'accept-encoding': 'gzip, deflate, br',
          connection: 'keep-alive'
        },
        method: 'GET',
        httpVersion: '1.1',
        originalUrl: '/api/v1/user/cards',
        query: {}
      },
      res: { statusCode: 200 },
      responseTime: 946
    },
    timestamp: '2023-03-16T09:37:38.853Z'
  }
}
{
  level: 'warn',
  message: 'HTTP POST /api/v1/user/add_card',
  metadata: {
    meta: {
      req: {
        url: '/api/v1/user/add_card',
        headers: {
          'user-agent': 'PostmanRuntime/7.31.1',
          accept: '*/*',
          'postman-token': '53adea61-efcd-45ec-a0a2-821218a19324',
          host: 'localhost:3001',
          'accept-encoding': 'gzip, deflate, br',
          connection: 'keep-alive',
          'content-type': 'application/x-www-form-urlencoded',
          'content-length': '34'
        },
        method: 'POST',
        httpVersion: '1.1',
        originalUrl: '/api/v1/user/add_card',
        query: {}
      },
      res: { statusCode: 401 },
      responseTime: 2
    },
    timestamp: '2023-03-16T09:37:46.298Z'
  }
}
{
  level: 'info',
  message: 'HTTP POST /api/v1/user/login',
  metadata: {
    meta: {
      req: {
        url: '/api/v1/user/login',
        headers: {
          'content-type': 'application/json',
          'user-agent': 'PostmanRuntime/7.31.1',
          accept: '*/*',
          'postman-token': '576992de-5cfb-449f-9169-0e1d6be47f74',
          host: 'localhost:3001',
          'accept-encoding': 'gzip, deflate, br',
          connection: 'keep-alive',
          'content-length': '88'
        },
        method: 'POST',
        httpVersion: '1.1',
        originalUrl: '/api/v1/user/login',
        query: {}
      },
      res: { statusCode: 200 },
      responseTime: 996
    },
    timestamp: '2023-03-16T09:38:19.978Z'
  }
}
{
  level: 'info',
  message: 'HTTP GET /api/v1/user/cards',
  metadata: {
    meta: {
      req: {
        url: '/api/v1/user/cards',
        headers: {
          authorization: 'Bearer eyJhbGciOiJIUzI1NiIsInR5cCI6IkpXVCJ9.eyJlbWFpbCI6InN1bmlsMUB5b3BtYWlsLmNvbSIsIl9pZCI6IjYzZjRkMmViYzY2MTA4ODcyYjlkMjNjYyIsImlhdCI6MTY3ODk1OTQ5OSwiZXhwIjoxNzEwNDk1NDk5fQ.5L0qDVf0QKr5j2poaRNJJWddO6YR175PnCgw_1J-jBI',
          'user-agent': 'PostmanRuntime/7.31.1',
          accept: '*/*',
          'postman-token': 'c246b22e-6c41-43cb-a688-eb657d498896',
          host: 'localhost:3001',
          'accept-encoding': 'gzip, deflate, br',
          connection: 'keep-alive'
        },
        method: 'GET',
        httpVersion: '1.1',
        originalUrl: '/api/v1/user/cards',
        query: {}
      },
      res: { statusCode: 200 },
      responseTime: 1245
    },
    timestamp: '2023-03-16T09:38:29.405Z'
  }
}
{
  level: 'info',
  message: 'HTTP POST /api/v1/user/login',
  metadata: {
    meta: {
      req: {
        url: '/api/v1/user/login',
        headers: {
          'content-type': 'application/json',
          'user-agent': 'PostmanRuntime/7.31.1',
          accept: '*/*',
          'postman-token': 'cebda7b0-b36b-45e5-9bb4-e92d031811b6',
          host: 'localhost:3001',
          'accept-encoding': 'gzip, deflate, br',
          connection: 'keep-alive',
          'content-length': '88'
        },
        method: 'POST',
        httpVersion: '1.1',
        originalUrl: '/api/v1/user/login',
        query: {}
      },
      res: { statusCode: 200 },
      responseTime: 2103
    },
    timestamp: '2023-03-16T09:45:02.837Z'
  }
}
{
  level: 'warn',
  message: 'HTTP POST /api/v1/user/login',
  metadata: {
    meta: {
      req: {
        url: '/api/v1/user/login',
        headers: {
          'content-type': 'application/json',
          'user-agent': 'PostmanRuntime/7.31.1',
          accept: '*/*',
          'postman-token': 'b602003d-fb83-41f6-aa28-721bdd1abfd1',
          host: 'localhost:3001',
          'accept-encoding': 'gzip, deflate, br',
          connection: 'keep-alive',
          'content-length': '88'
        },
        method: 'POST',
        httpVersion: '1.1',
        originalUrl: '/api/v1/user/login',
        query: {}
      },
      res: { statusCode: 404 },
      responseTime: 313
    },
    timestamp: '2023-03-16T09:46:15.307Z'
  }
}
{
  level: 'info',
  message: 'HTTP POST /api/v1/user/login',
  metadata: {
    meta: {
      req: {
        url: '/api/v1/user/login',
        headers: {
          'content-type': 'application/json',
          'user-agent': 'PostmanRuntime/7.31.1',
          accept: '*/*',
          'postman-token': 'aea44120-0168-4cfe-8967-0840032ebcf9',
          host: 'localhost:3001',
          'accept-encoding': 'gzip, deflate, br',
          connection: 'keep-alive',
          'content-length': '94'
        },
        method: 'POST',
        httpVersion: '1.1',
        originalUrl: '/api/v1/user/login',
        query: {}
      },
      res: { statusCode: 200 },
      responseTime: 945
    },
    timestamp: '2023-03-16T09:46:29.715Z'
  }
}
{
  level: 'info',
  message: 'HTTP POST /api/v1/user/login',
  metadata: {
    meta: {
      req: {
        url: '/api/v1/user/login',
        headers: {
          'content-type': 'application/json',
          'user-agent': 'PostmanRuntime/7.31.1',
          accept: '*/*',
          'postman-token': 'aeb1bdbb-eb18-4a21-a550-5304426bde15',
          host: 'localhost:3001',
          'accept-encoding': 'gzip, deflate, br',
          connection: 'keep-alive',
          'content-length': '88'
        },
        method: 'POST',
        httpVersion: '1.1',
        originalUrl: '/api/v1/user/login',
        query: {}
      },
      res: { statusCode: 200 },
      responseTime: 991
    },
    timestamp: '2023-03-16T10:20:02.413Z'
  }
}
{
  level: 'warn',
  message: 'HTTP POST /api/v1/user/login',
  metadata: {
    meta: {
      req: {
        url: '/api/v1/user/login',
        headers: {
          'content-type': 'application/json',
          'user-agent': 'PostmanRuntime/7.31.1',
          accept: '*/*',
          'postman-token': '9ea98b59-09bb-4ea6-b180-ac4e8b9e9a41',
          host: 'localhost:3001',
          'accept-encoding': 'gzip, deflate, br',
          connection: 'keep-alive',
          'content-length': '94'
        },
        method: 'POST',
        httpVersion: '1.1',
        originalUrl: '/api/v1/user/login',
        query: {}
      },
      res: { statusCode: 404 },
      responseTime: 2477
    },
    timestamp: '2023-03-16T11:38:25.990Z'
  }
}
{
  level: 'warn',
  message: 'HTTP POST /api/v1/user/login',
  metadata: {
    meta: {
      req: {
        url: '/api/v1/user/login',
        headers: {
          'content-type': 'application/json',
          'user-agent': 'PostmanRuntime/7.31.1',
          accept: '*/*',
          'postman-token': '44b50dd4-50fc-4022-b17d-a2940a8329a5',
          host: 'localhost:3001',
          'accept-encoding': 'gzip, deflate, br',
          connection: 'keep-alive',
          'content-length': '87'
        },
        method: 'POST',
        httpVersion: '1.1',
        originalUrl: '/api/v1/user/login',
        query: {}
      },
      res: { statusCode: 404 },
      responseTime: 319
    },
    timestamp: '2023-03-16T11:38:35.177Z'
  }
}
{
  level: 'warn',
  message: 'HTTP POST /api/v1/user/login',
  metadata: {
    meta: {
      req: {
        url: '/api/v1/user/login',
        headers: {
          'content-type': 'application/json',
          'user-agent': 'PostmanRuntime/7.31.1',
          accept: '*/*',
          'postman-token': 'a674b489-ddaa-40b2-a35e-be47c584613f',
          host: 'localhost:3001',
          'accept-encoding': 'gzip, deflate, br',
          connection: 'keep-alive',
          'content-length': '87'
        },
        method: 'POST',
        httpVersion: '1.1',
        originalUrl: '/api/v1/user/login',
        query: {}
      },
      res: { statusCode: 404 },
      responseTime: 390
    },
    timestamp: '2023-03-16T11:38:39.532Z'
  }
}
{
  level: 'info',
  message: 'HTTP POST /api/v1/user/login',
  metadata: {
    meta: {
      req: {
        url: '/api/v1/user/login',
        headers: {
          'content-type': 'application/json',
          'user-agent': 'PostmanRuntime/7.31.1',
          accept: '*/*',
          'postman-token': '7406cc62-e155-4d07-ab69-6dd5a13c920e',
          host: 'localhost:3001',
          'accept-encoding': 'gzip, deflate, br',
          connection: 'keep-alive',
          'content-length': '88'
        },
        method: 'POST',
        httpVersion: '1.1',
        originalUrl: '/api/v1/user/login',
        query: {}
      },
      res: { statusCode: 200 },
      responseTime: 965
    },
    timestamp: '2023-03-16T11:38:48.682Z'
  }
}
{
  level: 'info',
  message: 'HTTP POST /api/v1/common/enable_disable_notification',
  metadata: {
    meta: {
      req: {
        url: '/api/v1/common/enable_disable_notification',
        headers: {
          authorization: 'Bearer eyJhbGciOiJIUzI1NiIsInR5cCI6IkpXVCJ9.eyJlbWFpbCI6InN1bmlsMUB5b3BtYWlsLmNvbSIsIl9pZCI6IjYzZjRkMmViYzY2MTA4ODcyYjlkMjNjYyIsImlhdCI6MTY3ODk2NjcyOCwiZXhwIjoxNzEwNTAyNzI4fQ.MRfUk2kos18BWIjIQpeP0qJNN0hWVTyDyxFma2oXmqc',
          'user-agent': 'PostmanRuntime/7.31.1',
          accept: '*/*',
          'postman-token': 'a5ee045e-2d65-471b-b61f-0f31154b415e',
          host: 'localhost:3001',
          'accept-encoding': 'gzip, deflate, br',
          connection: 'keep-alive',
          'content-type': 'application/x-www-form-urlencoded',
          'content-length': '8'
        },
        method: 'POST',
        httpVersion: '1.1',
        originalUrl: '/api/v1/common/enable_disable_notification',
        query: {}
      },
      res: { statusCode: 200 },
      responseTime: 707
    },
    timestamp: '2023-03-16T11:39:13.702Z'
  }
}
{
  level: 'info',
  message: 'HTTP POST /api/v1/common/enable_disable_notification',
  metadata: {
    meta: {
      req: {
        url: '/api/v1/common/enable_disable_notification',
        headers: {
          authorization: 'Bearer eyJhbGciOiJIUzI1NiIsInR5cCI6IkpXVCJ9.eyJlbWFpbCI6InN1bmlsMUB5b3BtYWlsLmNvbSIsIl9pZCI6IjYzZjRkMmViYzY2MTA4ODcyYjlkMjNjYyIsImlhdCI6MTY3ODk2NjcyOCwiZXhwIjoxNzEwNTAyNzI4fQ.MRfUk2kos18BWIjIQpeP0qJNN0hWVTyDyxFma2oXmqc',
          'user-agent': 'PostmanRuntime/7.31.1',
          accept: '*/*',
          'postman-token': 'c4a6d9de-e6cc-4fdb-bd0b-13ed69f0c767',
          host: 'localhost:3001',
          'accept-encoding': 'gzip, deflate, br',
          connection: 'keep-alive',
          'content-type': 'application/x-www-form-urlencoded',
          'content-length': '8'
        },
        method: 'POST',
        httpVersion: '1.1',
        originalUrl: '/api/v1/common/enable_disable_notification',
        query: {}
      },
      res: { statusCode: 200 },
      responseTime: 680
    },
    timestamp: '2023-03-16T11:39:23.475Z'
  }
}
{
  level: 'warn',
  message: 'HTTP POST /api/v1/user/change_phoneno_send_otp',
  metadata: {
    meta: {
      req: {
        url: '/api/v1/user/change_phoneno_send_otp',
        headers: {
          'user-agent': 'PostmanRuntime/7.31.1',
          accept: '*/*',
          'postman-token': '675006a1-4353-4305-82e2-5be34235127b',
          host: 'localhost:3001',
          'accept-encoding': 'gzip, deflate, br',
          connection: 'keep-alive',
          'content-length': '0'
        },
        method: 'POST',
        httpVersion: '1.1',
        originalUrl: '/api/v1/user/change_phoneno_send_otp',
        query: {}
      },
      res: { statusCode: 401 },
      responseTime: 7
    },
    timestamp: '2023-03-16T12:22:42.869Z'
  }
}
{
  level: 'info',
  message: 'HTTP POST /api/v1/user/change_phoneno_send_otp',
  metadata: {
    meta: {
      req: {
        url: '/api/v1/user/change_phoneno_send_otp',
        headers: {
          authorization: 'Bearer eyJhbGciOiJIUzI1NiIsInR5cCI6IkpXVCJ9.eyJlbWFpbCI6InN1bmlsMUB5b3BtYWlsLmNvbSIsIl9pZCI6IjYzZjRkMmViYzY2MTA4ODcyYjlkMjNjYyIsImlhdCI6MTY3ODk2NjcyOCwiZXhwIjoxNzEwNTAyNzI4fQ.MRfUk2kos18BWIjIQpeP0qJNN0hWVTyDyxFma2oXmqc',
          'user-agent': 'PostmanRuntime/7.31.1',
          accept: '*/*',
          'postman-token': '3e662fd4-a8bf-49a0-87e1-d633620846f5',
          host: 'localhost:3001',
          'accept-encoding': 'gzip, deflate, br',
          connection: 'keep-alive',
          'content-length': '0'
        },
        method: 'POST',
        httpVersion: '1.1',
        originalUrl: '/api/v1/user/change_phoneno_send_otp',
        query: {}
      },
      res: { statusCode: 203 },
      responseTime: 563
    },
    timestamp: '2023-03-16T12:39:57.397Z'
  }
}
{
  level: 'info',
  message: 'HTTP POST /api/v1/user/change_phoneno_send_otp',
  metadata: {
    meta: {
      req: {
        url: '/api/v1/user/change_phoneno_send_otp',
        headers: {
          authorization: 'Bearer eyJhbGciOiJIUzI1NiIsInR5cCI6IkpXVCJ9.eyJlbWFpbCI6InN1bmlsMUB5b3BtYWlsLmNvbSIsIl9pZCI6IjYzZjRkMmViYzY2MTA4ODcyYjlkMjNjYyIsImlhdCI6MTY3ODk2NjcyOCwiZXhwIjoxNzEwNTAyNzI4fQ.MRfUk2kos18BWIjIQpeP0qJNN0hWVTyDyxFma2oXmqc',
          'user-agent': 'PostmanRuntime/7.31.1',
          accept: '*/*',
          'postman-token': '0178a2b2-f2d5-4aab-84b0-af2f53fc174d',
          host: 'localhost:3001',
          'accept-encoding': 'gzip, deflate, br',
          connection: 'keep-alive',
          'content-type': 'application/x-www-form-urlencoded',
          'content-length': '18'
        },
        method: 'POST',
        httpVersion: '1.1',
        originalUrl: '/api/v1/user/change_phoneno_send_otp',
        query: {}
      },
      res: { statusCode: 200 },
      responseTime: 2037
    },
    timestamp: '2023-03-16T12:50:08.018Z'
  }
}
{
  level: 'info',
  message: 'HTTP POST /api/v1/user/change_phoneno_send_otp',
  metadata: {
    meta: {
      req: {
        url: '/api/v1/user/change_phoneno_send_otp',
        headers: {
          authorization: 'Bearer eyJhbGciOiJIUzI1NiIsInR5cCI6IkpXVCJ9.eyJlbWFpbCI6InN1bmlsMUB5b3BtYWlsLmNvbSIsIl9pZCI6IjYzZjRkMmViYzY2MTA4ODcyYjlkMjNjYyIsImlhdCI6MTY3ODk2NjcyOCwiZXhwIjoxNzEwNTAyNzI4fQ.MRfUk2kos18BWIjIQpeP0qJNN0hWVTyDyxFma2oXmqc',
          'user-agent': 'PostmanRuntime/7.31.1',
          accept: '*/*',
          'postman-token': '777129d0-05df-42ab-95c1-ae110b697863',
          host: 'localhost:3001',
          'accept-encoding': 'gzip, deflate, br',
          connection: 'keep-alive',
          'content-type': 'application/x-www-form-urlencoded',
          'content-length': '18'
        },
        method: 'POST',
        httpVersion: '1.1',
        originalUrl: '/api/v1/user/change_phoneno_send_otp',
        query: {}
      },
      res: { statusCode: 200 },
      responseTime: 941
    },
    timestamp: '2023-03-16T12:50:14.857Z'
  }
}
{
  level: 'warn',
  message: 'HTTP POST /api/v1/user/change_phoneno_verify_otp',
  metadata: {
    meta: {
      req: {
        url: '/api/v1/user/change_phoneno_verify_otp',
        headers: {
          'user-agent': 'PostmanRuntime/7.31.1',
          accept: '*/*',
          'postman-token': '459215ba-070d-42b4-be59-97ec0cd232e8',
          host: 'localhost:3001',
          'accept-encoding': 'gzip, deflate, br',
          connection: 'keep-alive',
          'content-length': '0'
        },
        method: 'POST',
        httpVersion: '1.1',
        originalUrl: '/api/v1/user/change_phoneno_verify_otp',
        query: {}
      },
      res: { statusCode: 401 },
      responseTime: 6
    },
    timestamp: '2023-03-16T12:56:01.627Z'
  }
}
{
  level: 'warn',
  message: 'HTTP POST /api/v1/user/change_phoneno_verify_otp',
  metadata: {
    meta: {
      req: {
        url: '/api/v1/user/change_phoneno_verify_otp',
        headers: {
          authorization: 'http://localhost:3001/api/v1/',
          'user-agent': 'PostmanRuntime/7.31.1',
          accept: '*/*',
          'postman-token': 'a40fc3ae-6dab-40e5-aa6f-8cd04c6efb7c',
          host: 'localhost:3001',
          'accept-encoding': 'gzip, deflate, br',
          connection: 'keep-alive',
          'content-length': '0'
        },
        method: 'POST',
        httpVersion: '1.1',
        originalUrl: '/api/v1/user/change_phoneno_verify_otp',
        query: {}
      },
      res: { statusCode: 401 },
      responseTime: 1
    },
    timestamp: '2023-03-16T12:56:24.776Z'
  }
}
{
  level: 'info',
  message: 'HTTP POST /api/v1/user/change_phoneno_verify_otp',
  metadata: {
    meta: {
      req: {
        url: '/api/v1/user/change_phoneno_verify_otp',
        headers: {
          authorization: 'Bearer eyJhbGciOiJIUzI1NiIsInR5cCI6IkpXVCJ9.eyJlbWFpbCI6InN1bmlsMUB5b3BtYWlsLmNvbSIsIl9pZCI6IjYzZjRkMmViYzY2MTA4ODcyYjlkMjNjYyIsImlhdCI6MTY3ODk2NjcyOCwiZXhwIjoxNzEwNTAyNzI4fQ.MRfUk2kos18BWIjIQpeP0qJNN0hWVTyDyxFma2oXmqc',
          'user-agent': 'PostmanRuntime/7.31.1',
          accept: '*/*',
          'postman-token': '082edaf1-99c5-4f03-b01c-4e59498a8444',
          host: 'localhost:3001',
          'accept-encoding': 'gzip, deflate, br',
          connection: 'keep-alive',
          'content-length': '0'
        },
        method: 'POST',
        httpVersion: '1.1',
        originalUrl: '/api/v1/user/change_phoneno_verify_otp',
        query: {}
      },
      res: { statusCode: 203 },
      responseTime: 331
    },
    timestamp: '2023-03-16T12:56:35.619Z'
  }
}
{
  level: 'info',
  message: 'HTTP POST /api/v1/user/change_phoneno_verify_otp',
  metadata: {
    meta: {
      req: {
        url: '/api/v1/user/change_phoneno_verify_otp',
        headers: {
          authorization: 'Bearer eyJhbGciOiJIUzI1NiIsInR5cCI6IkpXVCJ9.eyJlbWFpbCI6InN1bmlsMUB5b3BtYWlsLmNvbSIsIl9pZCI6IjYzZjRkMmViYzY2MTA4ODcyYjlkMjNjYyIsImlhdCI6MTY3ODk2NjcyOCwiZXhwIjoxNzEwNTAyNzI4fQ.MRfUk2kos18BWIjIQpeP0qJNN0hWVTyDyxFma2oXmqc',
          'user-agent': 'PostmanRuntime/7.31.1',
          accept: '*/*',
          'postman-token': 'd7bfa9aa-97b8-4d11-8857-c8786108cae9',
          host: 'localhost:3001',
          'accept-encoding': 'gzip, deflate, br',
          connection: 'keep-alive',
          'content-type': 'application/x-www-form-urlencoded',
          'content-length': '8'
        },
        method: 'POST',
        httpVersion: '1.1',
        originalUrl: '/api/v1/user/change_phoneno_verify_otp',
        query: {}
      },
      res: { statusCode: 200 },
      responseTime: 669
    },
    timestamp: '2023-03-16T12:58:15.187Z'
  }
}
{
  level: 'info',
  message: 'HTTP POST /api/v1/user/change_phoneno_verify_otp',
  metadata: {
    meta: {
      req: {
        url: '/api/v1/user/change_phoneno_verify_otp',
        headers: {
          authorization: 'Bearer eyJhbGciOiJIUzI1NiIsInR5cCI6IkpXVCJ9.eyJlbWFpbCI6InN1bmlsMUB5b3BtYWlsLmNvbSIsIl9pZCI6IjYzZjRkMmViYzY2MTA4ODcyYjlkMjNjYyIsImlhdCI6MTY3ODk2NjcyOCwiZXhwIjoxNzEwNTAyNzI4fQ.MRfUk2kos18BWIjIQpeP0qJNN0hWVTyDyxFma2oXmqc',
          'user-agent': 'PostmanRuntime/7.31.1',
          accept: '*/*',
          'postman-token': '4fe55ed7-7cac-4ab7-bb23-64cc0bf3131f',
          host: 'localhost:3001',
          'accept-encoding': 'gzip, deflate, br',
          connection: 'keep-alive',
          'content-type': 'application/x-www-form-urlencoded',
          'content-length': '8'
        },
        method: 'POST',
        httpVersion: '1.1',
        originalUrl: '/api/v1/user/change_phoneno_verify_otp',
        query: {}
      },
      res: { statusCode: 200 },
      responseTime: 627
    },
    timestamp: '2023-03-16T12:58:17.379Z'
  }
}
{
  level: 'info',
  message: 'HTTP POST /api/v1/user/change_phoneno_verify_otp',
  metadata: {
    meta: {
      req: {
        url: '/api/v1/user/change_phoneno_verify_otp',
        headers: {
          authorization: 'Bearer eyJhbGciOiJIUzI1NiIsInR5cCI6IkpXVCJ9.eyJlbWFpbCI6InN1bmlsMUB5b3BtYWlsLmNvbSIsIl9pZCI6IjYzZjRkMmViYzY2MTA4ODcyYjlkMjNjYyIsImlhdCI6MTY3ODk2NjcyOCwiZXhwIjoxNzEwNTAyNzI4fQ.MRfUk2kos18BWIjIQpeP0qJNN0hWVTyDyxFma2oXmqc',
          'user-agent': 'PostmanRuntime/7.31.1',
          accept: '*/*',
          'postman-token': '30b0c22f-2a4a-407e-80b4-496846e7b264',
          host: 'localhost:3001',
          'accept-encoding': 'gzip, deflate, br',
          connection: 'keep-alive',
          'content-type': 'application/x-www-form-urlencoded',
          'content-length': '8'
        },
        method: 'POST',
        httpVersion: '1.1',
        originalUrl: '/api/v1/user/change_phoneno_verify_otp',
        query: {}
      },
      res: { statusCode: 200 },
      responseTime: 719
    },
    timestamp: '2023-03-16T12:58:19.423Z'
  }
}
{
  level: 'info',
  message: 'HTTP POST /api/v1/user/change_phoneno_verify_otp',
  metadata: {
    meta: {
      req: {
        url: '/api/v1/user/change_phoneno_verify_otp',
        headers: {
          authorization: 'Bearer eyJhbGciOiJIUzI1NiIsInR5cCI6IkpXVCJ9.eyJlbWFpbCI6InN1bmlsMUB5b3BtYWlsLmNvbSIsIl9pZCI6IjYzZjRkMmViYzY2MTA4ODcyYjlkMjNjYyIsImlhdCI6MTY3ODk2NjcyOCwiZXhwIjoxNzEwNTAyNzI4fQ.MRfUk2kos18BWIjIQpeP0qJNN0hWVTyDyxFma2oXmqc',
          'user-agent': 'PostmanRuntime/7.31.1',
          accept: '*/*',
          'postman-token': 'ff4d067b-d1f9-4a61-ab98-44a2bf1ac932',
          host: 'localhost:3001',
          'accept-encoding': 'gzip, deflate, br',
          connection: 'keep-alive',
          'content-type': 'application/x-www-form-urlencoded',
          'content-length': '9'
        },
        method: 'POST',
        httpVersion: '1.1',
        originalUrl: '/api/v1/user/change_phoneno_verify_otp',
        query: {}
      },
      res: { statusCode: 200 },
      responseTime: 694
    },
    timestamp: '2023-03-16T12:58:24.781Z'
  }
}
{
  level: 'info',
  message: 'HTTP POST /api/v1/user/change_phoneno_verify_otp',
  metadata: {
    meta: {
      req: {
        url: '/api/v1/user/change_phoneno_verify_otp',
        headers: {
          authorization: 'Bearer eyJhbGciOiJIUzI1NiIsInR5cCI6IkpXVCJ9.eyJlbWFpbCI6InN1bmlsMUB5b3BtYWlsLmNvbSIsIl9pZCI6IjYzZjRkMmViYzY2MTA4ODcyYjlkMjNjYyIsImlhdCI6MTY3ODk2NjcyOCwiZXhwIjoxNzEwNTAyNzI4fQ.MRfUk2kos18BWIjIQpeP0qJNN0hWVTyDyxFma2oXmqc',
          'user-agent': 'PostmanRuntime/7.31.1',
          accept: '*/*',
          'postman-token': 'f54ff3eb-9657-4910-be5f-893cdc9a3950',
          host: 'localhost:3001',
          'accept-encoding': 'gzip, deflate, br',
          connection: 'keep-alive',
          'content-type': 'application/x-www-form-urlencoded',
          'content-length': '8'
        },
        method: 'POST',
        httpVersion: '1.1',
        originalUrl: '/api/v1/user/change_phoneno_verify_otp',
        query: {}
      },
      res: { statusCode: 200 },
      responseTime: 637
    },
    timestamp: '2023-03-16T12:58:27.825Z'
  }
}
{
  level: 'info',
  message: 'HTTP POST /api/v1/user/login',
  metadata: {
    meta: {
      req: {
        url: '/api/v1/user/login',
        headers: {
          'content-type': 'application/json',
          'user-agent': 'PostmanRuntime/7.31.1',
          accept: '*/*',
          'postman-token': 'bf770897-b418-40a6-9266-4231eda77b58',
          host: 'localhost:3001',
          'accept-encoding': 'gzip, deflate, br',
          connection: 'keep-alive',
          'content-length': '88'
        },
        method: 'POST',
        httpVersion: '1.1',
        originalUrl: '/api/v1/user/login',
        query: {}
      },
      res: { statusCode: 200 },
      responseTime: 996
    },
    timestamp: '2023-03-17T07:31:18.414Z'
  }
}
{
  level: 'warn',
  message: 'HTTP PATCH /api/v1/user/update_profile',
  metadata: {
    meta: {
      req: {
        url: '/api/v1/user/update_profile',
        headers: {
          authorization: '{{TOKEN}}',
          'content-type': 'application/json',
          'user-agent': 'PostmanRuntime/7.31.1',
          accept: '*/*',
          'postman-token': '5fdd3dd3-8841-4d50-826f-41aa8cc13504',
          host: 'localhost:3001',
          'accept-encoding': 'gzip, deflate, br',
          connection: 'keep-alive',
          'content-length': '22'
        },
        method: 'PATCH',
        httpVersion: '1.1',
        originalUrl: '/api/v1/user/update_profile',
        query: {}
      },
      res: { statusCode: 401 },
      responseTime: 18
    },
    timestamp: '2023-03-17T07:36:41.566Z'
  }
}
{
  level: 'info',
  message: 'HTTP POST /api/v1/user/login',
  metadata: {
    meta: {
      req: {
        url: '/api/v1/user/login',
        headers: {
          'content-type': 'application/json',
          'user-agent': 'PostmanRuntime/7.31.1',
          accept: '*/*',
          'postman-token': '481e8f92-6ef0-4152-b0e7-9b76a33b209f',
          host: 'localhost:3001',
          'accept-encoding': 'gzip, deflate, br',
          connection: 'keep-alive',
          'content-length': '88'
        },
        method: 'POST',
        httpVersion: '1.1',
        originalUrl: '/api/v1/user/login',
        query: {}
      },
      res: { statusCode: 200 },
      responseTime: 1065
    },
    timestamp: '2023-03-17T07:36:53.953Z'
  }
}
{
  level: 'info',
  message: 'HTTP PATCH /api/v1/user/update_profile',
  metadata: {
    meta: {
      req: {
        url: '/api/v1/user/update_profile',
        headers: {
          authorization: 'Bearer eyJhbGciOiJIUzI1NiIsInR5cCI6IkpXVCJ9.eyJlbWFpbCI6InN1bmlsMUB5b3BtYWlsLmNvbSIsIl9pZCI6IjYzZjRkMmViYzY2MTA4ODcyYjlkMjNjYyIsImlhdCI6MTY3OTAzODYxMywiZXhwIjoxNzEwNTc0NjEzfQ.iV9UDJGDPd6dHYlMtt3UMkg2zWcEIqoeL798S7fRh3g',
          'content-type': 'application/json',
          'user-agent': 'PostmanRuntime/7.31.1',
          accept: '*/*',
          'postman-token': 'af9eb17c-9e75-4729-a2d6-5e41319b7c73',
          host: 'localhost:3001',
          'accept-encoding': 'gzip, deflate, br',
          connection: 'keep-alive',
          'content-length': '47'
        },
        method: 'PATCH',
        httpVersion: '1.1',
        originalUrl: '/api/v1/user/update_profile',
        query: {}
      },
      res: { statusCode: 200 },
      responseTime: 1740
    },
    timestamp: '2023-03-17T07:39:33.568Z'
  }
}
{
  level: 'info',
  message: 'HTTP PATCH /api/v1/user/update_profile',
  metadata: {
    meta: {
      req: {
        url: '/api/v1/user/update_profile',
        headers: {
          authorization: 'Bearer eyJhbGciOiJIUzI1NiIsInR5cCI6IkpXVCJ9.eyJlbWFpbCI6InN1bmlsMUB5b3BtYWlsLmNvbSIsIl9pZCI6IjYzZjRkMmViYzY2MTA4ODcyYjlkMjNjYyIsImlhdCI6MTY3OTAzODYxMywiZXhwIjoxNzEwNTc0NjEzfQ.iV9UDJGDPd6dHYlMtt3UMkg2zWcEIqoeL798S7fRh3g',
          'content-type': 'application/json',
          'user-agent': 'PostmanRuntime/7.31.1',
          accept: '*/*',
          'postman-token': 'cfbff913-95fd-441e-ab50-32e4298fc9fc',
          host: 'localhost:3001',
          'accept-encoding': 'gzip, deflate, br',
          connection: 'keep-alive',
          'content-length': '50'
        },
        method: 'PATCH',
        httpVersion: '1.1',
        originalUrl: '/api/v1/user/update_profile',
        query: {}
      },
      res: { statusCode: 200 },
      responseTime: 981
    },
    timestamp: '2023-03-17T07:40:01.610Z'
  }
}
{
  level: 'info',
  message: 'HTTP PATCH /api/v1/user/update_profile',
  metadata: {
    meta: {
      req: {
        url: '/api/v1/user/update_profile',
        headers: {
          authorization: 'Bearer eyJhbGciOiJIUzI1NiIsInR5cCI6IkpXVCJ9.eyJlbWFpbCI6InN1bmlsMUB5b3BtYWlsLmNvbSIsIl9pZCI6IjYzZjRkMmViYzY2MTA4ODcyYjlkMjNjYyIsImlhdCI6MTY3OTAzODYxMywiZXhwIjoxNzEwNTc0NjEzfQ.iV9UDJGDPd6dHYlMtt3UMkg2zWcEIqoeL798S7fRh3g',
          'content-type': 'application/json',
          'user-agent': 'PostmanRuntime/7.31.1',
          accept: '*/*',
          'postman-token': '810c221c-8aa3-496c-a41c-6d34d6fca55a',
          host: 'localhost:3001',
          'accept-encoding': 'gzip, deflate, br',
          connection: 'keep-alive',
          'content-length': '52'
        },
        method: 'PATCH',
        httpVersion: '1.1',
        originalUrl: '/api/v1/user/update_profile',
        query: {}
      },
      res: { statusCode: 200 },
      responseTime: 1007
    },
    timestamp: '2023-03-17T07:46:23.990Z'
  }
}
{
  level: 'info',
  message: 'HTTP PATCH /api/v1/user/update_profile',
  metadata: {
    meta: {
      req: {
        url: '/api/v1/user/update_profile',
        headers: {
          authorization: 'Bearer eyJhbGciOiJIUzI1NiIsInR5cCI6IkpXVCJ9.eyJlbWFpbCI6InN1bmlsMUB5b3BtYWlsLmNvbSIsIl9pZCI6IjYzZjRkMmViYzY2MTA4ODcyYjlkMjNjYyIsImlhdCI6MTY3OTAzODYxMywiZXhwIjoxNzEwNTc0NjEzfQ.iV9UDJGDPd6dHYlMtt3UMkg2zWcEIqoeL798S7fRh3g',
          'content-type': 'application/json',
          'user-agent': 'PostmanRuntime/7.31.1',
          accept: '*/*',
          'postman-token': 'c121578d-65f2-48e5-9fcf-5c24daccdfec',
          host: 'localhost:3001',
          'accept-encoding': 'gzip, deflate, br',
          connection: 'keep-alive',
          'content-length': '49'
        },
        method: 'PATCH',
        httpVersion: '1.1',
        originalUrl: '/api/v1/user/update_profile',
        query: {}
      },
      res: { statusCode: 200 },
      responseTime: 964
    },
    timestamp: '2023-03-17T07:54:46.882Z'
  }
}
{
  level: 'info',
  message: 'HTTP POST /api/v1/user/login',
  metadata: {
    meta: {
      req: {
        url: '/api/v1/user/login',
        headers: {
          'content-type': 'application/json',
          'user-agent': 'PostmanRuntime/7.31.1',
          accept: '*/*',
          'postman-token': 'd342b94a-7c68-4b33-a902-0cd538137bc3',
          host: 'localhost:3001',
          'accept-encoding': 'gzip, deflate, br',
          connection: 'keep-alive',
          'content-length': '88'
        },
        method: 'POST',
        httpVersion: '1.1',
        originalUrl: '/api/v1/user/login',
        query: {}
      },
      res: { statusCode: 200 },
      responseTime: 1000
    },
    timestamp: '2023-03-17T09:03:28.985Z'
  }
}
{
  level: 'info',
  message: 'HTTP GET /api/v1/user/cards',
  metadata: {
    meta: {
      req: {
        url: '/api/v1/user/cards',
        headers: {
          authorization: 'Bearer eyJhbGciOiJIUzI1NiIsInR5cCI6IkpXVCJ9.eyJlbWFpbCI6InN1bmlsMUB5b3BtYWlsLmNvbSIsIl9pZCI6IjYzZjRkMmViYzY2MTA4ODcyYjlkMjNjYyIsImlhdCI6MTY3OTA0MzgwOCwiZXhwIjoxNzEwNTc5ODA4fQ.jref2nq8ilTiAuo_98lNNjKvBxiXaNp4SdDzLoDgoUo',
          'user-agent': 'PostmanRuntime/7.31.1',
          accept: '*/*',
          'postman-token': '55f3ac0a-7c84-4268-b954-bddb9060ede0',
          host: 'localhost:3001',
          'accept-encoding': 'gzip, deflate, br',
          connection: 'keep-alive'
        },
        method: 'GET',
        httpVersion: '1.1',
        originalUrl: '/api/v1/user/cards',
        query: {}
      },
      res: { statusCode: 200 },
      responseTime: 1276
    },
    timestamp: '2023-03-17T09:03:36.591Z'
  }
}
{
  level: 'info',
  message: 'HTTP POST /api/v1/bookings/check_slot_availability',
  metadata: {
    meta: {
      req: {
        url: '/api/v1/bookings/check_slot_availability',
        headers: {
          authorization: 'Bearer eyJhbGciOiJIUzI1NiIsInR5cCI6IkpXVCJ9.eyJlbWFpbCI6InN1bmlsMUB5b3BtYWlsLmNvbSIsIl9pZCI6IjYzZjRkMmViYzY2MTA4ODcyYjlkMjNjYyIsImlhdCI6MTY3OTA0MzgwOCwiZXhwIjoxNzEwNTc5ODA4fQ.jref2nq8ilTiAuo_98lNNjKvBxiXaNp4SdDzLoDgoUo',
          'user-agent': 'PostmanRuntime/7.31.1',
          accept: '*/*',
          'postman-token': 'db9d1225-ac7e-45b4-8a42-c7f54175a127',
          host: 'localhost:3001',
          'accept-encoding': 'gzip, deflate, br',
          connection: 'keep-alive',
          'content-type': 'application/x-www-form-urlencoded',
          'content-length': '243'
        },
        method: 'POST',
        httpVersion: '1.1',
        originalUrl: '/api/v1/bookings/check_slot_availability',
        query: {}
      },
      res: { statusCode: 200 },
      responseTime: 10016
    },
    timestamp: '2023-03-17T09:03:54.571Z'
  }
}
{
  level: 'info',
  message: 'HTTP POST /api/v1/bookings/check_slot_availability',
  metadata: {
    meta: {
      req: {
        url: '/api/v1/bookings/check_slot_availability',
        headers: {
          authorization: 'Bearer eyJhbGciOiJIUzI1NiIsInR5cCI6IkpXVCJ9.eyJlbWFpbCI6InN1bmlsMUB5b3BtYWlsLmNvbSIsIl9pZCI6IjYzZjRkMmViYzY2MTA4ODcyYjlkMjNjYyIsImlhdCI6MTY3OTA0MzgwOCwiZXhwIjoxNzEwNTc5ODA4fQ.jref2nq8ilTiAuo_98lNNjKvBxiXaNp4SdDzLoDgoUo',
          'user-agent': 'PostmanRuntime/7.31.1',
          accept: '*/*',
          'postman-token': '4ec677dd-06e6-4ab9-ada5-a3a454363ec9',
          host: 'localhost:3001',
          'accept-encoding': 'gzip, deflate, br',
          connection: 'keep-alive',
          'content-type': 'application/x-www-form-urlencoded',
          'content-length': '243'
        },
        method: 'POST',
        httpVersion: '1.1',
        originalUrl: '/api/v1/bookings/check_slot_availability',
        query: {}
      },
      res: { statusCode: 200 },
      responseTime: 10543
    },
    timestamp: '2023-03-17T09:07:08.550Z'
  }
}
{
  level: 'info',
  message: 'HTTP POST /api/v1/user/login',
  metadata: {
    meta: {
      req: {
        url: '/api/v1/user/login',
        headers: {
          'content-type': 'application/json',
          'user-agent': 'PostmanRuntime/7.31.1',
          accept: '*/*',
          'postman-token': '4e21ed8d-7e94-43bd-b15f-c75b856f62e9',
          host: 'localhost:3001',
          'accept-encoding': 'gzip, deflate, br',
          connection: 'keep-alive',
          'content-length': '88'
        },
        method: 'POST',
        httpVersion: '1.1',
        originalUrl: '/api/v1/user/login',
        query: {}
      },
      res: { statusCode: 200 },
      responseTime: 1030
    },
    timestamp: '2023-03-17T11:00:50.219Z'
  }
}
{
  level: 'warn',
  message: 'HTTP POST /api/v1/admin/get_dashboard_data_by_admin',
  metadata: {
    meta: {
      req: {
        url: '/api/v1/admin/get_dashboard_data_by_admin',
        headers: {
          'user-agent': 'PostmanRuntime/7.31.1',
          accept: '*/*',
          'postman-token': 'b1b763eb-bf99-4732-8fdf-c632abcfc0e4',
          host: 'localhost:3001',
          'accept-encoding': 'gzip, deflate, br',
          connection: 'keep-alive',
          'content-length': '0'
        },
        method: 'POST',
        httpVersion: '1.1',
        originalUrl: '/api/v1/admin/get_dashboard_data_by_admin',
        query: {}
      },
      res: { statusCode: 401 },
      responseTime: 6
    },
    timestamp: '2023-03-17T11:24:21.844Z'
  }
}
{
  level: 'warn',
  message: 'HTTP POST /api/v1/admin/get_dashboard_data_by_admin',
  metadata: {
    meta: {
      req: {
        url: '/api/v1/admin/get_dashboard_data_by_admin',
        headers: {
          authorization: 'Bearer eyJhbGciOiJIUzI1NiIsInR5cCI6IkpXVCJ9.eyJlbWFpbCI6InN1bmlsMUB5b3BtYWlsLmNvbSIsIl9pZCI6IjYzZjRkMmViYzY2MTA4ODcyYjlkMjNjYyIsImlhdCI6MTY3OTA1MDg0OSwiZXhwIjoxNzEwNTg2ODQ5fQ.zUlRjf6QUEHhCOXpchRv8UPV6ohzPTCo48TJb8HbE7c',
          'user-agent': 'PostmanRuntime/7.31.1',
          accept: '*/*',
          'postman-token': '05093a73-c15c-4db2-8416-e3b08014583e',
          host: 'localhost:3001',
          'accept-encoding': 'gzip, deflate, br',
          connection: 'keep-alive',
          'content-length': '0'
        },
        method: 'POST',
        httpVersion: '1.1',
        originalUrl: '/api/v1/admin/get_dashboard_data_by_admin',
        query: {}
      },
      res: { statusCode: 451 },
      responseTime: 362
    },
    timestamp: '2023-03-17T11:24:30.740Z'
  }
}
{
  level: 'info',
  message: 'HTTP POST /api/v1/admin/login',
  metadata: {
    meta: {
      req: {
        url: '/api/v1/admin/login',
        headers: {
          'user-agent': 'PostmanRuntime/7.31.1',
          accept: '*/*',
          'postman-token': '56a8fff6-ed2e-4afe-a0be-066c556ef709',
          host: 'localhost:3001',
          'accept-encoding': 'gzip, deflate, br',
          connection: 'keep-alive',
          'content-type': 'application/x-www-form-urlencoded',
          'content-length': '44'
        },
        method: 'POST',
        httpVersion: '1.1',
        originalUrl: '/api/v1/admin/login',
        query: {}
      },
      res: { statusCode: 200 },
      responseTime: 363
    },
    timestamp: '2023-03-17T11:24:51.665Z'
  }
}
{
  level: 'info',
  message: 'HTTP POST /api/v1/admin/get_dashboard_data_by_admin',
  metadata: {
    meta: {
      req: {
        url: '/api/v1/admin/get_dashboard_data_by_admin',
        headers: {
          authorization: 'Bearer eyJhbGciOiJIUzI1NiIsInR5cCI6IkpXVCJ9.eyJhZG1pbl9pZCI6IjYzYWMzNDliMjE4OTk0NTYyZjdhNTY3NSIsImlhdCI6MTY3OTA1MjI5MSwiZXhwIjoxNzEwNTg4MjkxfQ.9s8kzHWfE354aPvrjYok7utEi7rGd6NGtsa0AgksTiQ',
          'user-agent': 'PostmanRuntime/7.31.1',
          accept: '*/*',
          'postman-token': '673256a8-48d4-428e-bd43-7585e978d293',
          host: 'localhost:3001',
          'accept-encoding': 'gzip, deflate, br',
          connection: 'keep-alive',
          'content-type': 'application/x-www-form-urlencoded',
          'content-length': '13'
        },
        method: 'POST',
        httpVersion: '1.1',
        originalUrl: '/api/v1/admin/get_dashboard_data_by_admin',
        query: {}
      },
      res: { statusCode: 203 },
      responseTime: 1550
    },
    timestamp: '2023-03-17T11:26:29.196Z'
  }
}
{
  level: 'warn',
  message: 'HTTP POST /api/v1/bookings/get_empty_slots_count',
  metadata: {
    meta: {
      req: {
        url: '/api/v1/bookings/get_empty_slots_count',
        headers: {
          authorization: 'Bearer eyJhbGciOiJIUzI1NiIsInR5cCI6IkpXVCJ9.eyJlbWFpbCI6InJhaS52aW5lZXQyMDE1QGdtYWlsLmNvbSIsIl9pZCI6IjYzZTRkODQxZGVmNWUyYzM0Y2E5YmFjYiIsImlhdCI6MTY3ODQzMDMzMCwiZXhwIjoxNzA5OTY2MzMwfQ.Ya0p4C_MgHdT2P9U7XRk9aitZk4gx46hl0Tnit07SZ0',
          'user-agent': 'PostmanRuntime/7.31.1',
          accept: '*/*',
          'postman-token': '344758bb-edc0-4f58-9bc9-af92b6a895da',
          host: 'localhost:3001',
          'accept-encoding': 'gzip, deflate, br',
          connection: 'keep-alive',
          'content-type': 'application/x-www-form-urlencoded',
          'content-length': '138'
        },
        method: 'POST',
        httpVersion: '1.1',
        originalUrl: '/api/v1/bookings/get_empty_slots_count',
        query: {}
      },
      res: { statusCode: 423 },
      responseTime: 354
    },
    timestamp: '2023-03-17T12:16:37.488Z'
  }
}
{
  level: 'warn',
  message: 'HTTP POST /api/v1/bookings/get_empty_slots_count',
  metadata: {
    meta: {
      req: {
        url: '/api/v1/bookings/get_empty_slots_count',
        headers: {
          authorization: 'Bearer eyJhbGciOiJIUzI1NiIsInR5cCI6IkpXVCJ9.eyJlbWFpbCI6InJhaS52aW5lZXQyMDE1QGdtYWlsLmNvbSIsIl9pZCI6IjYzZTRkODQxZGVmNWUyYzM0Y2E5YmFjYiIsImlhdCI6MTY3ODQzMDMzMCwiZXhwIjoxNzA5OTY2MzMwfQ.Ya0p4C_MgHdT2P9U7XRk9aitZk4gx46hl0Tnit07SZ0',
          'user-agent': 'PostmanRuntime/7.31.1',
          accept: '*/*',
          'postman-token': 'b212d1c2-62f5-4f4c-bf22-d8ed653413c4',
          host: 'localhost:3001',
          'accept-encoding': 'gzip, deflate, br',
          connection: 'keep-alive',
          'content-type': 'application/x-www-form-urlencoded',
          'content-length': '138'
        },
        method: 'POST',
        httpVersion: '1.1',
        originalUrl: '/api/v1/bookings/get_empty_slots_count',
        query: {}
      },
      res: { statusCode: 423 },
      responseTime: 310
    },
    timestamp: '2023-03-17T12:16:40.751Z'
  }
}
{
  level: 'warn',
  message: 'HTTP POST /api/v1/bookings/get_empty_slots_count',
  metadata: {
    meta: {
      req: {
        url: '/api/v1/bookings/get_empty_slots_count',
        headers: {
          authorization: 'Bearer eyJhbGciOiJIUzI1NiIsInR5cCI6IkpXVCJ9.eyJlbWFpbCI6InJhaS52aW5lZXQyMDE1QGdtYWlsLmNvbSIsIl9pZCI6IjYzZTRkODQxZGVmNWUyYzM0Y2E5YmFjYiIsImlhdCI6MTY3ODQzMDMzMCwiZXhwIjoxNzA5OTY2MzMwfQ.Ya0p4C_MgHdT2P9U7XRk9aitZk4gx46hl0Tnit07SZ0',
          'user-agent': 'PostmanRuntime/7.31.1',
          accept: '*/*',
          'postman-token': 'f5b92fd1-1d55-48a0-8cf7-565afe3e6510',
          host: 'localhost:3001',
          'accept-encoding': 'gzip, deflate, br',
          connection: 'keep-alive',
          'content-type': 'application/x-www-form-urlencoded',
          'content-length': '138'
        },
        method: 'POST',
        httpVersion: '1.1',
        originalUrl: '/api/v1/bookings/get_empty_slots_count',
        query: {}
      },
      res: { statusCode: 423 },
      responseTime: 345
    },
    timestamp: '2023-03-17T12:19:28.444Z'
  }
}
{
  level: 'warn',
  message: 'HTTP POST /api/v1/user/login',
  metadata: {
    meta: {
      req: {
        url: '/api/v1/user/login',
        headers: {
          'content-type': 'application/json',
          'user-agent': 'PostmanRuntime/7.31.1',
          accept: '*/*',
          'postman-token': 'df984685-7750-4097-a671-86b5a0182f69',
          host: 'localhost:3001',
          'accept-encoding': 'gzip, deflate, br',
          connection: 'keep-alive',
          'content-length': '88'
        },
        method: 'POST',
        httpVersion: '1.1',
        originalUrl: '/api/v1/user/login',
        query: {}
      },
      res: { statusCode: 404 },
      responseTime: 327
    },
    timestamp: '2023-03-17T12:19:45.345Z'
  }
}
{
  level: 'warn',
  message: 'HTTP POST /api/v1/user/login',
  metadata: {
    meta: {
      req: {
        url: '/api/v1/user/login',
        headers: {
          'content-type': 'application/json',
          'user-agent': 'PostmanRuntime/7.31.1',
          accept: '*/*',
          'postman-token': '82d596a0-a3e0-42f8-815a-d46a36a1d42e',
          host: 'localhost:3001',
          'accept-encoding': 'gzip, deflate, br',
          connection: 'keep-alive',
          'content-length': '89'
        },
        method: 'POST',
        httpVersion: '1.1',
        originalUrl: '/api/v1/user/login',
        query: {}
      },
      res: { statusCode: 404 },
      responseTime: 328
    },
    timestamp: '2023-03-17T12:20:08.117Z'
  }
}
{
  level: 'info',
  message: 'HTTP POST /api/v1/user/login',
  metadata: {
    meta: {
      req: {
        url: '/api/v1/user/login',
        headers: {
          'content-type': 'application/json',
          'user-agent': 'PostmanRuntime/7.31.1',
          accept: '*/*',
          'postman-token': '3f359b36-9477-402c-ac53-a649839c778f',
          host: 'localhost:3001',
          'accept-encoding': 'gzip, deflate, br',
          connection: 'keep-alive',
          'content-length': '88'
        },
        method: 'POST',
        httpVersion: '1.1',
        originalUrl: '/api/v1/user/login',
        query: {}
      },
      res: { statusCode: 200 },
      responseTime: 1028
    },
    timestamp: '2023-03-17T12:20:12.907Z'
  }
}
{
  level: 'warn',
  message: 'HTTP POST /api/v1/bookings/get_empty_slots_count',
  metadata: {
    meta: {
      req: {
        url: '/api/v1/bookings/get_empty_slots_count',
        headers: {
          authorization: 'Bearer eyJhbGciOiJIUzI1NiIsInR5cCI6IkpXVCJ9.eyJlbWFpbCI6InJhaS52aW5lZXQyMDE1QGdtYWlsLmNvbSIsIl9pZCI6IjYzZTRkODQxZGVmNWUyYzM0Y2E5YmFjYiIsImlhdCI6MTY3ODQzMDMzMCwiZXhwIjoxNzA5OTY2MzMwfQ.Ya0p4C_MgHdT2P9U7XRk9aitZk4gx46hl0Tnit07SZ0',
          'user-agent': 'PostmanRuntime/7.31.1',
          accept: '*/*',
          'postman-token': 'c4de6f42-fe45-47dd-9051-c3eef7d24859',
          host: 'localhost:3001',
          'accept-encoding': 'gzip, deflate, br',
          connection: 'keep-alive',
          'content-type': 'application/x-www-form-urlencoded',
          'content-length': '138'
        },
        method: 'POST',
        httpVersion: '1.1',
        originalUrl: '/api/v1/bookings/get_empty_slots_count',
        query: {}
      },
      res: { statusCode: 423 },
      responseTime: 324
    },
    timestamp: '2023-03-17T12:20:18.156Z'
  }
}
{
  level: 'warn',
  message: 'HTTP POST /api/v1/bookings/get_empty_slots_count',
  metadata: {
    meta: {
      req: {
        url: '/api/v1/bookings/get_empty_slots_count',
        headers: {
          authorization: 'Bearer eyJhbGciOiJIUzI1NiIsInR5cCI6IkpXVCJ9.eyJlbWFpbCI6InJhaS52aW5lZXQyMDE1QGdtYWlsLmNvbSIsIl9pZCI6IjYzZTRkODQxZGVmNWUyYzM0Y2E5YmFjYiIsImlhdCI6MTY3ODQzMDMzMCwiZXhwIjoxNzA5OTY2MzMwfQ.Ya0p4C_MgHdT2P9U7XRk9aitZk4gx46hl0Tnit07SZ0',
          'user-agent': 'PostmanRuntime/7.31.1',
          accept: '*/*',
          'postman-token': '45edbdcc-4053-483e-bd45-c3bc60f77011',
          host: 'localhost:3001',
          'accept-encoding': 'gzip, deflate, br',
          connection: 'keep-alive',
          'content-type': 'application/x-www-form-urlencoded',
          'content-length': '138'
        },
        method: 'POST',
        httpVersion: '1.1',
        originalUrl: '/api/v1/bookings/get_empty_slots_count',
        query: {}
      },
      res: { statusCode: 423 },
      responseTime: 324
    },
    timestamp: '2023-03-17T12:20:20.098Z'
  }
}
{
  level: 'info',
  message: 'HTTP POST /api/v1/bookings/get_empty_slots_count',
  metadata: {
    meta: {
      req: {
        url: '/api/v1/bookings/get_empty_slots_count',
        headers: {
          authorization: 'Bearer eyJhbGciOiJIUzI1NiIsInR5cCI6IkpXVCJ9.eyJlbWFpbCI6Impvbm55MTIzNEBnbWFpbC5jb20iLCJfaWQiOiI2NDE0NDY1MTEzNjU5NDcyYjdhOWM2MzEiLCJpYXQiOjE2NzkwNTU2MTIsImV4cCI6MTcxMDU5MTYxMn0.60fonfQxrLDGXNQgZVqxQT8GWVxMI1Z2a7cRpFSs7kg',
          'user-agent': 'PostmanRuntime/7.31.1',
          accept: '*/*',
          'postman-token': '07f7c456-b925-47e2-ac08-78fc308e85e5',
          host: 'localhost:3001',
          'accept-encoding': 'gzip, deflate, br',
          connection: 'keep-alive',
          'content-type': 'application/x-www-form-urlencoded',
          'content-length': '138'
        },
        method: 'POST',
        httpVersion: '1.1',
        originalUrl: '/api/v1/bookings/get_empty_slots_count',
        query: {}
      },
      res: { statusCode: 200 },
      responseTime: 1005
    },
    timestamp: '2023-03-17T12:20:47.926Z'
  }
}
{
  level: 'info',
  message: 'HTTP POST /api/v1/bookings/get_empty_slots_count',
  metadata: {
    meta: {
      req: {
        url: '/api/v1/bookings/get_empty_slots_count',
        headers: {
          authorization: 'Bearer eyJhbGciOiJIUzI1NiIsInR5cCI6IkpXVCJ9.eyJlbWFpbCI6Impvbm55MTIzNEBnbWFpbC5jb20iLCJfaWQiOiI2NDE0NDY1MTEzNjU5NDcyYjdhOWM2MzEiLCJpYXQiOjE2NzkwNTU2MTIsImV4cCI6MTcxMDU5MTYxMn0.60fonfQxrLDGXNQgZVqxQT8GWVxMI1Z2a7cRpFSs7kg',
          'user-agent': 'PostmanRuntime/7.31.1',
          accept: '*/*',
          'postman-token': 'da4d67a0-b29a-4ba3-8c2d-441f12e28522',
          host: 'localhost:3001',
          'accept-encoding': 'gzip, deflate, br',
          connection: 'keep-alive',
          'content-type': 'application/x-www-form-urlencoded',
          'content-length': '138'
        },
        method: 'POST',
        httpVersion: '1.1',
        originalUrl: '/api/v1/bookings/get_empty_slots_count',
        query: {}
      },
      res: { statusCode: 200 },
      responseTime: 1003
    },
    timestamp: '2023-03-17T12:23:57.631Z'
  }
}
{
  level: 'info',
  message: 'HTTP POST /api/v1/bookings/get_empty_slots_count',
  metadata: {
    meta: {
      req: {
        url: '/api/v1/bookings/get_empty_slots_count',
        headers: {
          authorization: 'Bearer eyJhbGciOiJIUzI1NiIsInR5cCI6IkpXVCJ9.eyJlbWFpbCI6Impvbm55MTIzNEBnbWFpbC5jb20iLCJfaWQiOiI2NDE0NDY1MTEzNjU5NDcyYjdhOWM2MzEiLCJpYXQiOjE2NzkwNTU2MTIsImV4cCI6MTcxMDU5MTYxMn0.60fonfQxrLDGXNQgZVqxQT8GWVxMI1Z2a7cRpFSs7kg',
          'user-agent': 'PostmanRuntime/7.31.1',
          accept: '*/*',
          'postman-token': '4ff1c721-5fad-4f03-8c61-0d2a723e8f32',
          host: 'localhost:3001',
          'accept-encoding': 'gzip, deflate, br',
          connection: 'keep-alive',
          'content-type': 'application/x-www-form-urlencoded',
          'content-length': '138'
        },
        method: 'POST',
        httpVersion: '1.1',
        originalUrl: '/api/v1/bookings/get_empty_slots_count',
        query: {}
      },
      res: { statusCode: 200 },
      responseTime: 961
    },
    timestamp: '2023-03-17T12:26:05.809Z'
  }
}
{
  level: 'info',
  message: 'HTTP POST /api/v1/bookings/get_empty_slots_count',
  metadata: {
    meta: {
      req: {
        url: '/api/v1/bookings/get_empty_slots_count',
        headers: {
          authorization: 'Bearer eyJhbGciOiJIUzI1NiIsInR5cCI6IkpXVCJ9.eyJlbWFpbCI6Impvbm55MTIzNEBnbWFpbC5jb20iLCJfaWQiOiI2NDE0NDY1MTEzNjU5NDcyYjdhOWM2MzEiLCJpYXQiOjE2NzkwNTU2MTIsImV4cCI6MTcxMDU5MTYxMn0.60fonfQxrLDGXNQgZVqxQT8GWVxMI1Z2a7cRpFSs7kg',
          'user-agent': 'PostmanRuntime/7.31.1',
          accept: '*/*',
          'postman-token': '479bccc7-1673-4cc9-b9a1-d03985e0115e',
          host: 'localhost:3001',
          'accept-encoding': 'gzip, deflate, br',
          connection: 'keep-alive',
          'content-type': 'application/x-www-form-urlencoded',
          'content-length': '138'
        },
        method: 'POST',
        httpVersion: '1.1',
        originalUrl: '/api/v1/bookings/get_empty_slots_count',
        query: {}
      },
      res: { statusCode: 200 },
      responseTime: 957
    },
    timestamp: '2023-03-17T12:27:07.434Z'
  }
}
{
  level: 'info',
  message: 'HTTP POST /api/v1/user/logout',
  metadata: {
    meta: {
      req: {
        url: '/api/v1/user/logout',
        headers: {
          'user-agent': 'PostmanRuntime/7.31.1',
          accept: '*/*',
          'postman-token': '007aba4b-a902-4126-932a-9b6739d292a7',
          host: 'localhost:3001',
          'accept-encoding': 'gzip, deflate, br',
          connection: 'keep-alive',
          'content-length': '0'
        },
        method: 'POST',
        httpVersion: '1.1',
        originalUrl: '/api/v1/user/logout',
        query: {}
      },
      res: { statusCode: 203 },
      responseTime: 6
    },
    timestamp: '2023-03-17T12:42:32.691Z'
  }
}
{
  level: 'info',
  message: 'HTTP POST /api/v1/user/login',
  metadata: {
    meta: {
      req: {
        url: '/api/v1/user/login',
        headers: {
          'content-type': 'application/json',
          'user-agent': 'PostmanRuntime/7.31.1',
          accept: '*/*',
          'postman-token': '180053d7-5a84-4d1b-bf02-676e8ff2cb08',
          host: 'localhost:3001',
          'accept-encoding': 'gzip, deflate, br',
          connection: 'keep-alive',
          'content-length': '88'
        },
        method: 'POST',
        httpVersion: '1.1',
        originalUrl: '/api/v1/user/login',
        query: {}
      },
      res: { statusCode: 200 },
      responseTime: 978
    },
    timestamp: '2023-03-17T12:45:47.927Z'
  }
}
{
  level: 'info',
  message: 'HTTP POST /api/v1/bookings/get_all_bookings',
  metadata: {
    meta: {
      req: {
        url: '/api/v1/bookings/get_all_bookings',
        headers: {
          authorization: 'Bearer eyJhbGciOiJIUzI1NiIsInR5cCI6IkpXVCJ9.eyJlbWFpbCI6Impvbm55MTIzNEBnbWFpbC5jb20iLCJfaWQiOiI2NDE0NDY1MTEzNjU5NDcyYjdhOWM2MzEiLCJpYXQiOjE2NzkwNTc1MDMsImV4cCI6MTcxMDU5MzUwM30._8sudQ5U2rOxC8iBQiX1VEkQX0CED6j-Y014X_gcd08',
          'user-agent': 'PostmanRuntime/7.31.1',
          accept: '*/*',
          'postman-token': '3e0195ef-3fa6-470e-9c35-76de36f38a22',
          host: 'localhost:3001',
          'accept-encoding': 'gzip, deflate, br',
          connection: 'keep-alive',
          'content-type': 'application/x-www-form-urlencoded',
          'content-length': '25'
        },
        method: 'POST',
        httpVersion: '1.1',
        originalUrl: '/api/v1/bookings/get_all_bookings',
        query: {}
      },
      res: { statusCode: 200 },
      responseTime: 1510
    },
    timestamp: '2023-03-17T12:58:48.785Z'
  }
}
{
  level: 'info',
  message: 'HTTP POST /api/v1/bookings/get_empty_slots_count',
  metadata: {
    meta: {
      req: {
        url: '/api/v1/bookings/get_empty_slots_count',
        headers: {
          authorization: 'Bearer eyJhbGciOiJIUzI1NiIsInR5cCI6IkpXVCJ9.eyJlbWFpbCI6Impvbm55MTIzNEBnbWFpbC5jb20iLCJfaWQiOiI2NDE0NDY1MTEzNjU5NDcyYjdhOWM2MzEiLCJpYXQiOjE2NzkwNTc1MDMsImV4cCI6MTcxMDU5MzUwM30._8sudQ5U2rOxC8iBQiX1VEkQX0CED6j-Y014X_gcd08',
          'user-agent': 'PostmanRuntime/7.31.1',
          accept: '*/*',
          'postman-token': '4d254760-78aa-4293-88da-e08db46bb82b',
          host: 'localhost:3001',
          'accept-encoding': 'gzip, deflate, br',
          connection: 'keep-alive',
          'content-type': 'application/x-www-form-urlencoded',
          'content-length': '138'
        },
        method: 'POST',
        httpVersion: '1.1',
        originalUrl: '/api/v1/bookings/get_empty_slots_count',
        query: {}
      },
      res: { statusCode: 200 },
      responseTime: 975
    },
    timestamp: '2023-03-17T13:07:17.781Z'
  }
}
{
  level: 'info',
  message: 'HTTP POST /api/v1/bookings/get_empty_slots_count',
  metadata: {
    meta: {
      req: {
        url: '/api/v1/bookings/get_empty_slots_count',
        headers: {
          authorization: 'Bearer eyJhbGciOiJIUzI1NiIsInR5cCI6IkpXVCJ9.eyJlbWFpbCI6Impvbm55MTIzNEBnbWFpbC5jb20iLCJfaWQiOiI2NDE0NDY1MTEzNjU5NDcyYjdhOWM2MzEiLCJpYXQiOjE2NzkwNTc1MDMsImV4cCI6MTcxMDU5MzUwM30._8sudQ5U2rOxC8iBQiX1VEkQX0CED6j-Y014X_gcd08',
          'user-agent': 'PostmanRuntime/7.31.1',
          accept: '*/*',
          'postman-token': '3a8522e5-9039-4755-a9b4-49d6fd0f5015',
          host: 'localhost:3001',
          'accept-encoding': 'gzip, deflate, br',
          connection: 'keep-alive',
          'content-type': 'application/x-www-form-urlencoded',
          'content-length': '138'
        },
        method: 'POST',
        httpVersion: '1.1',
        originalUrl: '/api/v1/bookings/get_empty_slots_count',
        query: {}
      },
      res: { statusCode: 200 },
      responseTime: 1014
    },
    timestamp: '2023-03-17T13:09:02.791Z'
  }
}
{
  level: 'info',
  message: 'HTTP POST /api/v1/bookings/get_empty_slots_count',
  metadata: {
    meta: {
      req: {
        url: '/api/v1/bookings/get_empty_slots_count',
        headers: {
          authorization: 'Bearer eyJhbGciOiJIUzI1NiIsInR5cCI6IkpXVCJ9.eyJlbWFpbCI6Impvbm55MTIzNEBnbWFpbC5jb20iLCJfaWQiOiI2NDE0NDY1MTEzNjU5NDcyYjdhOWM2MzEiLCJpYXQiOjE2NzkwNTc1MDMsImV4cCI6MTcxMDU5MzUwM30._8sudQ5U2rOxC8iBQiX1VEkQX0CED6j-Y014X_gcd08',
          'user-agent': 'PostmanRuntime/7.31.1',
          accept: '*/*',
          'postman-token': 'aab4d953-f42d-4290-9a50-1d01d4f0bf37',
          host: 'localhost:3001',
          'accept-encoding': 'gzip, deflate, br',
          connection: 'keep-alive',
          'content-type': 'application/x-www-form-urlencoded',
          'content-length': '138'
        },
        method: 'POST',
        httpVersion: '1.1',
        originalUrl: '/api/v1/bookings/get_empty_slots_count',
        query: {}
      },
      res: { statusCode: 200 },
      responseTime: 739
    },
    timestamp: '2023-03-17T13:11:52.658Z'
  }
}
{
  level: 'info',
  message: 'HTTP POST /api/v1/bookings/get_empty_slots_count',
  metadata: {
    meta: {
      req: {
        url: '/api/v1/bookings/get_empty_slots_count',
        headers: {
          authorization: 'Bearer eyJhbGciOiJIUzI1NiIsInR5cCI6IkpXVCJ9.eyJlbWFpbCI6Impvbm55MTIzNEBnbWFpbC5jb20iLCJfaWQiOiI2NDE0NDY1MTEzNjU5NDcyYjdhOWM2MzEiLCJpYXQiOjE2NzkwNTc1MDMsImV4cCI6MTcxMDU5MzUwM30._8sudQ5U2rOxC8iBQiX1VEkQX0CED6j-Y014X_gcd08',
          'user-agent': 'PostmanRuntime/7.31.1',
          accept: '*/*',
          'postman-token': 'bc42ece3-b2ee-4a1c-88a5-9408885f38b7',
          host: 'localhost:3001',
          'accept-encoding': 'gzip, deflate, br',
          connection: 'keep-alive',
          'content-type': 'application/x-www-form-urlencoded',
          'content-length': '138'
        },
        method: 'POST',
        httpVersion: '1.1',
        originalUrl: '/api/v1/bookings/get_empty_slots_count',
        query: {}
      },
      res: { statusCode: 200 },
      responseTime: 2254
    },
    timestamp: '2023-03-17T13:12:05.762Z'
  }
}
{
  level: 'info',
  message: 'HTTP POST /api/v1/bookings/get_empty_slots_count',
  metadata: {
    meta: {
      req: {
        url: '/api/v1/bookings/get_empty_slots_count',
        headers: {
          authorization: 'Bearer eyJhbGciOiJIUzI1NiIsInR5cCI6IkpXVCJ9.eyJlbWFpbCI6Impvbm55MTIzNEBnbWFpbC5jb20iLCJfaWQiOiI2NDE0NDY1MTEzNjU5NDcyYjdhOWM2MzEiLCJpYXQiOjE2NzkwNTc1MDMsImV4cCI6MTcxMDU5MzUwM30._8sudQ5U2rOxC8iBQiX1VEkQX0CED6j-Y014X_gcd08',
          'user-agent': 'PostmanRuntime/7.31.1',
          accept: '*/*',
          'postman-token': '51320438-fe26-495e-aad6-eb10b7831bd3',
          host: 'localhost:3001',
          'accept-encoding': 'gzip, deflate, br',
          connection: 'keep-alive',
          'content-type': 'application/x-www-form-urlencoded',
          'content-length': '138'
        },
        method: 'POST',
        httpVersion: '1.1',
        originalUrl: '/api/v1/bookings/get_empty_slots_count',
        query: {}
      },
      res: { statusCode: 200 },
      responseTime: 960
    },
    timestamp: '2023-03-17T13:12:11.381Z'
  }
}
{
  level: 'info',
  message: 'HTTP POST /api/v1/bookings/get_empty_slots_count',
  metadata: {
    meta: {
      req: {
        url: '/api/v1/bookings/get_empty_slots_count',
        headers: {
          authorization: 'Bearer eyJhbGciOiJIUzI1NiIsInR5cCI6IkpXVCJ9.eyJlbWFpbCI6Impvbm55MTIzNEBnbWFpbC5jb20iLCJfaWQiOiI2NDE0NDY1MTEzNjU5NDcyYjdhOWM2MzEiLCJpYXQiOjE2NzkwNTc1MDMsImV4cCI6MTcxMDU5MzUwM30._8sudQ5U2rOxC8iBQiX1VEkQX0CED6j-Y014X_gcd08',
          'user-agent': 'PostmanRuntime/7.31.1',
          accept: '*/*',
          'postman-token': 'f88425d8-78c4-46c3-a17e-37547d060410',
          host: 'localhost:3001',
          'accept-encoding': 'gzip, deflate, br',
          connection: 'keep-alive',
          'content-type': 'application/x-www-form-urlencoded',
          'content-length': '138'
        },
        method: 'POST',
        httpVersion: '1.1',
        originalUrl: '/api/v1/bookings/get_empty_slots_count',
        query: {}
      },
      res: { statusCode: 200 },
      responseTime: 1053
    },
    timestamp: '2023-03-17T13:13:06.502Z'
  }
}
{
  level: 'info',
  message: 'HTTP POST /api/v1/bookings/get_empty_slots_count',
  metadata: {
    meta: {
      req: {
        url: '/api/v1/bookings/get_empty_slots_count',
        headers: {
          authorization: 'Bearer eyJhbGciOiJIUzI1NiIsInR5cCI6IkpXVCJ9.eyJlbWFpbCI6Impvbm55MTIzNEBnbWFpbC5jb20iLCJfaWQiOiI2NDE0NDY1MTEzNjU5NDcyYjdhOWM2MzEiLCJpYXQiOjE2NzkwNTc1MDMsImV4cCI6MTcxMDU5MzUwM30._8sudQ5U2rOxC8iBQiX1VEkQX0CED6j-Y014X_gcd08',
          'user-agent': 'PostmanRuntime/7.31.1',
          accept: '*/*',
          'postman-token': '45abafc4-f1f6-49d6-89c5-0f055f266057',
          host: 'localhost:3001',
          'accept-encoding': 'gzip, deflate, br',
          connection: 'keep-alive',
          'content-type': 'application/x-www-form-urlencoded',
          'content-length': '138'
        },
        method: 'POST',
        httpVersion: '1.1',
        originalUrl: '/api/v1/bookings/get_empty_slots_count',
        query: {}
      },
      res: { statusCode: 200 },
      responseTime: 671
    },
    timestamp: '2023-03-17T13:13:09.970Z'
  }
}
{
  level: 'info',
  message: 'HTTP POST /api/v1/bookings/get_empty_slots_count',
  metadata: {
    meta: {
      req: {
        url: '/api/v1/bookings/get_empty_slots_count',
        headers: {
          authorization: 'Bearer eyJhbGciOiJIUzI1NiIsInR5cCI6IkpXVCJ9.eyJlbWFpbCI6Impvbm55MTIzNEBnbWFpbC5jb20iLCJfaWQiOiI2NDE0NDY1MTEzNjU5NDcyYjdhOWM2MzEiLCJpYXQiOjE2NzkwNTc1MDMsImV4cCI6MTcxMDU5MzUwM30._8sudQ5U2rOxC8iBQiX1VEkQX0CED6j-Y014X_gcd08',
          'user-agent': 'PostmanRuntime/7.31.1',
          accept: '*/*',
          'postman-token': 'a7957748-8150-4e7d-a33a-662c5fddf6e6',
          host: 'localhost:3001',
          'accept-encoding': 'gzip, deflate, br',
          connection: 'keep-alive',
          'content-type': 'application/x-www-form-urlencoded',
          'content-length': '138'
        },
        method: 'POST',
        httpVersion: '1.1',
        originalUrl: '/api/v1/bookings/get_empty_slots_count',
        query: {}
      },
      res: { statusCode: 200 },
      responseTime: 669
    },
    timestamp: '2023-03-17T13:13:22.898Z'
  }
}
{
  level: 'info',
  message: 'HTTP POST /api/v1/bookings/get_empty_slots_count',
  metadata: {
    meta: {
      req: {
        url: '/api/v1/bookings/get_empty_slots_count',
        headers: {
          authorization: 'Bearer eyJhbGciOiJIUzI1NiIsInR5cCI6IkpXVCJ9.eyJlbWFpbCI6Impvbm55MTIzNEBnbWFpbC5jb20iLCJfaWQiOiI2NDE0NDY1MTEzNjU5NDcyYjdhOWM2MzEiLCJpYXQiOjE2NzkwNTc1MDMsImV4cCI6MTcxMDU5MzUwM30._8sudQ5U2rOxC8iBQiX1VEkQX0CED6j-Y014X_gcd08',
          'user-agent': 'PostmanRuntime/7.31.1',
          accept: '*/*',
          'postman-token': '1cf014c4-f74f-4ac5-b995-1fc18b820633',
          host: 'localhost:3001',
          'accept-encoding': 'gzip, deflate, br',
          connection: 'keep-alive',
          'content-type': 'application/x-www-form-urlencoded',
          'content-length': '138'
        },
        method: 'POST',
        httpVersion: '1.1',
        originalUrl: '/api/v1/bookings/get_empty_slots_count',
        query: {}
      },
      res: { statusCode: 200 },
      responseTime: 1000
    },
    timestamp: '2023-03-17T13:13:32.070Z'
  }
}
