{
  level: 'warn',
  message: 'HTTP POST /api/v1/user/login',
  metadata: {
    meta: {
      req: {
        url: '/api/v1/user/login',
        headers: {
          'content-type': 'application/json',
          'user-agent': 'PostmanRuntime/7.31.1',
          accept: '*/*',
          'postman-token': 'f0387269-09f0-40a5-9229-9f8e8a99bb23',
          host: 'localhost:3001',
          'accept-encoding': 'gzip, deflate, br',
          connection: 'keep-alive',
          'content-length': '246'
        },
        method: 'POST',
        httpVersion: '1.1',
        originalUrl: '/api/v1/user/login',
        query: {}
      },
      res: { statusCode: 404 },
      responseTime: 338
    },
    timestamp: '2023-03-16T08:47:16.831Z'
  }
}
{
  level: 'warn',
  message: 'HTTP POST /api/v1/user/login',
  metadata: {
    meta: {
      req: {
        url: '/api/v1/user/login',
        headers: {
          'content-type': 'application/json',
          'user-agent': 'PostmanRuntime/7.31.1',
          accept: '*/*',
          'postman-token': 'bde7a2b3-9c13-489a-808d-fa906c4bd289',
          host: 'localhost:3001',
          'accept-encoding': 'gzip, deflate, br',
          connection: 'keep-alive',
          'content-length': '245'
        },
        method: 'POST',
        httpVersion: '1.1',
        originalUrl: '/api/v1/user/login',
        query: {}
      },
      res: { statusCode: 404 },
      responseTime: 311
    },
    timestamp: '2023-03-16T08:47:21.919Z'
  }
}
{
  level: 'warn',
  message: 'HTTP POST /api/v1/user/login',
  metadata: {
    meta: {
      req: {
        url: '/api/v1/user/login',
        headers: {
          'content-type': 'application/json',
          'user-agent': 'PostmanRuntime/7.31.1',
          accept: '*/*',
          'postman-token': '1202ba19-f2cd-4d00-ac37-3c7b89095729',
          host: 'localhost:3001',
          'accept-encoding': 'gzip, deflate, br',
          connection: 'keep-alive',
          'content-length': '244'
        },
        method: 'POST',
        httpVersion: '1.1',
        originalUrl: '/api/v1/user/login',
        query: {}
      },
      res: { statusCode: 404 },
      responseTime: 311
    },
    timestamp: '2023-03-16T08:47:25.505Z'
  }
}
{
  level: 'warn',
  message: 'HTTP POST /api/v1/user/add_card',
  metadata: {
    meta: {
      req: {
        url: '/api/v1/user/add_card',
        headers: {
          'user-agent': 'PostmanRuntime/7.31.1',
          accept: '*/*',
          'postman-token': 'e0bfeaad-695a-4c81-9783-38207f779a56',
          host: 'localhost:3001',
          'accept-encoding': 'gzip, deflate, br',
          connection: 'keep-alive',
          'content-length': '0'
        },
        method: 'POST',
        httpVersion: '1.1',
        originalUrl: '/api/v1/user/add_card',
        query: {}
      },
      res: { statusCode: 401 },
      responseTime: 7
    },
    timestamp: '2023-03-16T09:14:43.544Z'
  }
}
{
  level: 'warn',
  message: 'HTTP POST /api/v1/user/add_card',
  metadata: {
    meta: {
      req: {
        url: '/api/v1/user/add_card',
        headers: {
          'user-agent': 'PostmanRuntime/7.31.1',
          accept: '*/*',
          'postman-token': 'ddfddb60-9bba-4116-8286-11a1e3b83e8a',
          host: 'localhost:3001',
          'accept-encoding': 'gzip, deflate, br',
          connection: 'keep-alive',
          'content-type': 'application/x-www-form-urlencoded',
          'content-length': '34'
        },
        method: 'POST',
        httpVersion: '1.1',
        originalUrl: '/api/v1/user/add_card',
        query: {}
      },
      res: { statusCode: 401 },
      responseTime: 15
    },
    timestamp: '2023-03-16T09:37:19.593Z'
  }
}
{
  level: 'warn',
  message: 'HTTP POST /api/v1/user/add_card',
  metadata: {
    meta: {
      req: {
        url: '/api/v1/user/add_card',
        headers: {
          'user-agent': 'PostmanRuntime/7.31.1',
          accept: '*/*',
          'postman-token': 'cbffd59d-df9e-4f31-aba9-af62ebcf61bc',
          host: 'localhost:3001',
          'accept-encoding': 'gzip, deflate, br',
          connection: 'keep-alive',
          'content-type': 'application/x-www-form-urlencoded',
          'content-length': '34'
        },
        method: 'POST',
        httpVersion: '1.1',
        originalUrl: '/api/v1/user/add_card',
        query: {}
      },
      res: { statusCode: 401 },
      responseTime: 2
    },
    timestamp: '2023-03-16T09:37:26.074Z'
  }
}
{
  level: 'warn',
  message: 'HTTP POST /api/v1/user/add_card',
  metadata: {
    meta: {
      req: {
        url: '/api/v1/user/add_card',
        headers: {
          'user-agent': 'PostmanRuntime/7.31.1',
          accept: '*/*',
          'postman-token': '53adea61-efcd-45ec-a0a2-821218a19324',
          host: 'localhost:3001',
          'accept-encoding': 'gzip, deflate, br',
          connection: 'keep-alive',
          'content-type': 'application/x-www-form-urlencoded',
          'content-length': '34'
        },
        method: 'POST',
        httpVersion: '1.1',
        originalUrl: '/api/v1/user/add_card',
        query: {}
      },
      res: { statusCode: 401 },
      responseTime: 2
    },
    timestamp: '2023-03-16T09:37:46.298Z'
  }
}
{
  level: 'warn',
  message: 'HTTP POST /api/v1/user/login',
  metadata: {
    meta: {
      req: {
        url: '/api/v1/user/login',
        headers: {
          'content-type': 'application/json',
          'user-agent': 'PostmanRuntime/7.31.1',
          accept: '*/*',
          'postman-token': 'b602003d-fb83-41f6-aa28-721bdd1abfd1',
          host: 'localhost:3001',
          'accept-encoding': 'gzip, deflate, br',
          connection: 'keep-alive',
          'content-length': '88'
        },
        method: 'POST',
        httpVersion: '1.1',
        originalUrl: '/api/v1/user/login',
        query: {}
      },
      res: { statusCode: 404 },
      responseTime: 313
    },
    timestamp: '2023-03-16T09:46:15.307Z'
  }
}
{
  level: 'warn',
  message: 'HTTP POST /api/v1/user/login',
  metadata: {
    meta: {
      req: {
        url: '/api/v1/user/login',
        headers: {
          'content-type': 'application/json',
          'user-agent': 'PostmanRuntime/7.31.1',
          accept: '*/*',
          'postman-token': '9ea98b59-09bb-4ea6-b180-ac4e8b9e9a41',
          host: 'localhost:3001',
          'accept-encoding': 'gzip, deflate, br',
          connection: 'keep-alive',
          'content-length': '94'
        },
        method: 'POST',
        httpVersion: '1.1',
        originalUrl: '/api/v1/user/login',
        query: {}
      },
      res: { statusCode: 404 },
      responseTime: 2477
    },
    timestamp: '2023-03-16T11:38:25.990Z'
  }
}
{
  level: 'warn',
  message: 'HTTP POST /api/v1/user/login',
  metadata: {
    meta: {
      req: {
        url: '/api/v1/user/login',
        headers: {
          'content-type': 'application/json',
          'user-agent': 'PostmanRuntime/7.31.1',
          accept: '*/*',
          'postman-token': '44b50dd4-50fc-4022-b17d-a2940a8329a5',
          host: 'localhost:3001',
          'accept-encoding': 'gzip, deflate, br',
          connection: 'keep-alive',
          'content-length': '87'
        },
        method: 'POST',
        httpVersion: '1.1',
        originalUrl: '/api/v1/user/login',
        query: {}
      },
      res: { statusCode: 404 },
      responseTime: 319
    },
    timestamp: '2023-03-16T11:38:35.177Z'
  }
}
{
  level: 'warn',
  message: 'HTTP POST /api/v1/user/login',
  metadata: {
    meta: {
      req: {
        url: '/api/v1/user/login',
        headers: {
          'content-type': 'application/json',
          'user-agent': 'PostmanRuntime/7.31.1',
          accept: '*/*',
          'postman-token': 'a674b489-ddaa-40b2-a35e-be47c584613f',
          host: 'localhost:3001',
          'accept-encoding': 'gzip, deflate, br',
          connection: 'keep-alive',
          'content-length': '87'
        },
        method: 'POST',
        httpVersion: '1.1',
        originalUrl: '/api/v1/user/login',
        query: {}
      },
      res: { statusCode: 404 },
      responseTime: 390
    },
    timestamp: '2023-03-16T11:38:39.532Z'
  }
}
{
  level: 'warn',
  message: 'HTTP POST /api/v1/user/change_phoneno_send_otp',
  metadata: {
    meta: {
      req: {
        url: '/api/v1/user/change_phoneno_send_otp',
        headers: {
          'user-agent': 'PostmanRuntime/7.31.1',
          accept: '*/*',
          'postman-token': '675006a1-4353-4305-82e2-5be34235127b',
          host: 'localhost:3001',
          'accept-encoding': 'gzip, deflate, br',
          connection: 'keep-alive',
          'content-length': '0'
        },
        method: 'POST',
        httpVersion: '1.1',
        originalUrl: '/api/v1/user/change_phoneno_send_otp',
        query: {}
      },
      res: { statusCode: 401 },
      responseTime: 7
    },
    timestamp: '2023-03-16T12:22:42.869Z'
  }
}
{
  level: 'warn',
  message: 'HTTP POST /api/v1/user/change_phoneno_verify_otp',
  metadata: {
    meta: {
      req: {
        url: '/api/v1/user/change_phoneno_verify_otp',
        headers: {
          'user-agent': 'PostmanRuntime/7.31.1',
          accept: '*/*',
          'postman-token': '459215ba-070d-42b4-be59-97ec0cd232e8',
          host: 'localhost:3001',
          'accept-encoding': 'gzip, deflate, br',
          connection: 'keep-alive',
          'content-length': '0'
        },
        method: 'POST',
        httpVersion: '1.1',
        originalUrl: '/api/v1/user/change_phoneno_verify_otp',
        query: {}
      },
      res: { statusCode: 401 },
      responseTime: 6
    },
    timestamp: '2023-03-16T12:56:01.627Z'
  }
}
{
  level: 'warn',
  message: 'HTTP POST /api/v1/user/change_phoneno_verify_otp',
  metadata: {
    meta: {
      req: {
        url: '/api/v1/user/change_phoneno_verify_otp',
        headers: {
          authorization: 'http://localhost:3001/api/v1/',
          'user-agent': 'PostmanRuntime/7.31.1',
          accept: '*/*',
          'postman-token': 'a40fc3ae-6dab-40e5-aa6f-8cd04c6efb7c',
          host: 'localhost:3001',
          'accept-encoding': 'gzip, deflate, br',
          connection: 'keep-alive',
          'content-length': '0'
        },
        method: 'POST',
        httpVersion: '1.1',
        originalUrl: '/api/v1/user/change_phoneno_verify_otp',
        query: {}
      },
      res: { statusCode: 401 },
      responseTime: 1
    },
    timestamp: '2023-03-16T12:56:24.776Z'
  }
}
{
  level: 'warn',
  message: 'HTTP PATCH /api/v1/user/update_profile',
  metadata: {
    meta: {
      req: {
        url: '/api/v1/user/update_profile',
        headers: {
          authorization: '{{TOKEN}}',
          'content-type': 'application/json',
          'user-agent': 'PostmanRuntime/7.31.1',
          accept: '*/*',
          'postman-token': '5fdd3dd3-8841-4d50-826f-41aa8cc13504',
          host: 'localhost:3001',
          'accept-encoding': 'gzip, deflate, br',
          connection: 'keep-alive',
          'content-length': '22'
        },
        method: 'PATCH',
        httpVersion: '1.1',
        originalUrl: '/api/v1/user/update_profile',
        query: {}
      },
      res: { statusCode: 401 },
      responseTime: 18
    },
    timestamp: '2023-03-17T07:36:41.566Z'
  }
}
{
  level: 'warn',
  message: 'HTTP POST /api/v1/admin/get_dashboard_data_by_admin',
  metadata: {
    meta: {
      req: {
        url: '/api/v1/admin/get_dashboard_data_by_admin',
        headers: {
          'user-agent': 'PostmanRuntime/7.31.1',
          accept: '*/*',
          'postman-token': 'b1b763eb-bf99-4732-8fdf-c632abcfc0e4',
          host: 'localhost:3001',
          'accept-encoding': 'gzip, deflate, br',
          connection: 'keep-alive',
          'content-length': '0'
        },
        method: 'POST',
        httpVersion: '1.1',
        originalUrl: '/api/v1/admin/get_dashboard_data_by_admin',
        query: {}
      },
      res: { statusCode: 401 },
      responseTime: 6
    },
    timestamp: '2023-03-17T11:24:21.844Z'
  }
}
{
  level: 'warn',
  message: 'HTTP POST /api/v1/admin/get_dashboard_data_by_admin',
  metadata: {
    meta: {
      req: {
        url: '/api/v1/admin/get_dashboard_data_by_admin',
        headers: {
          authorization: 'Bearer eyJhbGciOiJIUzI1NiIsInR5cCI6IkpXVCJ9.eyJlbWFpbCI6InN1bmlsMUB5b3BtYWlsLmNvbSIsIl9pZCI6IjYzZjRkMmViYzY2MTA4ODcyYjlkMjNjYyIsImlhdCI6MTY3OTA1MDg0OSwiZXhwIjoxNzEwNTg2ODQ5fQ.zUlRjf6QUEHhCOXpchRv8UPV6ohzPTCo48TJb8HbE7c',
          'user-agent': 'PostmanRuntime/7.31.1',
          accept: '*/*',
          'postman-token': '05093a73-c15c-4db2-8416-e3b08014583e',
          host: 'localhost:3001',
          'accept-encoding': 'gzip, deflate, br',
          connection: 'keep-alive',
          'content-length': '0'
        },
        method: 'POST',
        httpVersion: '1.1',
        originalUrl: '/api/v1/admin/get_dashboard_data_by_admin',
        query: {}
      },
      res: { statusCode: 451 },
      responseTime: 362
    },
    timestamp: '2023-03-17T11:24:30.740Z'
  }
}
{
  level: 'warn',
  message: 'HTTP POST /api/v1/bookings/get_empty_slots_count',
  metadata: {
    meta: {
      req: {
        url: '/api/v1/bookings/get_empty_slots_count',
        headers: {
          authorization: 'Bearer eyJhbGciOiJIUzI1NiIsInR5cCI6IkpXVCJ9.eyJlbWFpbCI6InJhaS52aW5lZXQyMDE1QGdtYWlsLmNvbSIsIl9pZCI6IjYzZTRkODQxZGVmNWUyYzM0Y2E5YmFjYiIsImlhdCI6MTY3ODQzMDMzMCwiZXhwIjoxNzA5OTY2MzMwfQ.Ya0p4C_MgHdT2P9U7XRk9aitZk4gx46hl0Tnit07SZ0',
          'user-agent': 'PostmanRuntime/7.31.1',
          accept: '*/*',
          'postman-token': '344758bb-edc0-4f58-9bc9-af92b6a895da',
          host: 'localhost:3001',
          'accept-encoding': 'gzip, deflate, br',
          connection: 'keep-alive',
          'content-type': 'application/x-www-form-urlencoded',
          'content-length': '138'
        },
        method: 'POST',
        httpVersion: '1.1',
        originalUrl: '/api/v1/bookings/get_empty_slots_count',
        query: {}
      },
      res: { statusCode: 423 },
      responseTime: 354
    },
    timestamp: '2023-03-17T12:16:37.488Z'
  }
}
{
  level: 'warn',
  message: 'HTTP POST /api/v1/bookings/get_empty_slots_count',
  metadata: {
    meta: {
      req: {
        url: '/api/v1/bookings/get_empty_slots_count',
        headers: {
          authorization: 'Bearer eyJhbGciOiJIUzI1NiIsInR5cCI6IkpXVCJ9.eyJlbWFpbCI6InJhaS52aW5lZXQyMDE1QGdtYWlsLmNvbSIsIl9pZCI6IjYzZTRkODQxZGVmNWUyYzM0Y2E5YmFjYiIsImlhdCI6MTY3ODQzMDMzMCwiZXhwIjoxNzA5OTY2MzMwfQ.Ya0p4C_MgHdT2P9U7XRk9aitZk4gx46hl0Tnit07SZ0',
          'user-agent': 'PostmanRuntime/7.31.1',
          accept: '*/*',
          'postman-token': 'b212d1c2-62f5-4f4c-bf22-d8ed653413c4',
          host: 'localhost:3001',
          'accept-encoding': 'gzip, deflate, br',
          connection: 'keep-alive',
          'content-type': 'application/x-www-form-urlencoded',
          'content-length': '138'
        },
        method: 'POST',
        httpVersion: '1.1',
        originalUrl: '/api/v1/bookings/get_empty_slots_count',
        query: {}
      },
      res: { statusCode: 423 },
      responseTime: 310
    },
    timestamp: '2023-03-17T12:16:40.751Z'
  }
}
{
  level: 'warn',
  message: 'HTTP POST /api/v1/bookings/get_empty_slots_count',
  metadata: {
    meta: {
      req: {
        url: '/api/v1/bookings/get_empty_slots_count',
        headers: {
          authorization: 'Bearer eyJhbGciOiJIUzI1NiIsInR5cCI6IkpXVCJ9.eyJlbWFpbCI6InJhaS52aW5lZXQyMDE1QGdtYWlsLmNvbSIsIl9pZCI6IjYzZTRkODQxZGVmNWUyYzM0Y2E5YmFjYiIsImlhdCI6MTY3ODQzMDMzMCwiZXhwIjoxNzA5OTY2MzMwfQ.Ya0p4C_MgHdT2P9U7XRk9aitZk4gx46hl0Tnit07SZ0',
          'user-agent': 'PostmanRuntime/7.31.1',
          accept: '*/*',
          'postman-token': 'f5b92fd1-1d55-48a0-8cf7-565afe3e6510',
          host: 'localhost:3001',
          'accept-encoding': 'gzip, deflate, br',
          connection: 'keep-alive',
          'content-type': 'application/x-www-form-urlencoded',
          'content-length': '138'
        },
        method: 'POST',
        httpVersion: '1.1',
        originalUrl: '/api/v1/bookings/get_empty_slots_count',
        query: {}
      },
      res: { statusCode: 423 },
      responseTime: 345
    },
    timestamp: '2023-03-17T12:19:28.444Z'
  }
}
{
  level: 'warn',
  message: 'HTTP POST /api/v1/user/login',
  metadata: {
    meta: {
      req: {
        url: '/api/v1/user/login',
        headers: {
          'content-type': 'application/json',
          'user-agent': 'PostmanRuntime/7.31.1',
          accept: '*/*',
          'postman-token': 'df984685-7750-4097-a671-86b5a0182f69',
          host: 'localhost:3001',
          'accept-encoding': 'gzip, deflate, br',
          connection: 'keep-alive',
          'content-length': '88'
        },
        method: 'POST',
        httpVersion: '1.1',
        originalUrl: '/api/v1/user/login',
        query: {}
      },
      res: { statusCode: 404 },
      responseTime: 327
    },
    timestamp: '2023-03-17T12:19:45.345Z'
  }
}
{
  level: 'warn',
  message: 'HTTP POST /api/v1/user/login',
  metadata: {
    meta: {
      req: {
        url: '/api/v1/user/login',
        headers: {
          'content-type': 'application/json',
          'user-agent': 'PostmanRuntime/7.31.1',
          accept: '*/*',
          'postman-token': '82d596a0-a3e0-42f8-815a-d46a36a1d42e',
          host: 'localhost:3001',
          'accept-encoding': 'gzip, deflate, br',
          connection: 'keep-alive',
          'content-length': '89'
        },
        method: 'POST',
        httpVersion: '1.1',
        originalUrl: '/api/v1/user/login',
        query: {}
      },
      res: { statusCode: 404 },
      responseTime: 328
    },
    timestamp: '2023-03-17T12:20:08.117Z'
  }
}
{
  level: 'warn',
  message: 'HTTP POST /api/v1/bookings/get_empty_slots_count',
  metadata: {
    meta: {
      req: {
        url: '/api/v1/bookings/get_empty_slots_count',
        headers: {
          authorization: 'Bearer eyJhbGciOiJIUzI1NiIsInR5cCI6IkpXVCJ9.eyJlbWFpbCI6InJhaS52aW5lZXQyMDE1QGdtYWlsLmNvbSIsIl9pZCI6IjYzZTRkODQxZGVmNWUyYzM0Y2E5YmFjYiIsImlhdCI6MTY3ODQzMDMzMCwiZXhwIjoxNzA5OTY2MzMwfQ.Ya0p4C_MgHdT2P9U7XRk9aitZk4gx46hl0Tnit07SZ0',
          'user-agent': 'PostmanRuntime/7.31.1',
          accept: '*/*',
          'postman-token': 'c4de6f42-fe45-47dd-9051-c3eef7d24859',
          host: 'localhost:3001',
          'accept-encoding': 'gzip, deflate, br',
          connection: 'keep-alive',
          'content-type': 'application/x-www-form-urlencoded',
          'content-length': '138'
        },
        method: 'POST',
        httpVersion: '1.1',
        originalUrl: '/api/v1/bookings/get_empty_slots_count',
        query: {}
      },
      res: { statusCode: 423 },
      responseTime: 324
    },
    timestamp: '2023-03-17T12:20:18.156Z'
  }
}
{
  level: 'warn',
  message: 'HTTP POST /api/v1/bookings/get_empty_slots_count',
  metadata: {
    meta: {
      req: {
        url: '/api/v1/bookings/get_empty_slots_count',
        headers: {
          authorization: 'Bearer eyJhbGciOiJIUzI1NiIsInR5cCI6IkpXVCJ9.eyJlbWFpbCI6InJhaS52aW5lZXQyMDE1QGdtYWlsLmNvbSIsIl9pZCI6IjYzZTRkODQxZGVmNWUyYzM0Y2E5YmFjYiIsImlhdCI6MTY3ODQzMDMzMCwiZXhwIjoxNzA5OTY2MzMwfQ.Ya0p4C_MgHdT2P9U7XRk9aitZk4gx46hl0Tnit07SZ0',
          'user-agent': 'PostmanRuntime/7.31.1',
          accept: '*/*',
          'postman-token': '45edbdcc-4053-483e-bd45-c3bc60f77011',
          host: 'localhost:3001',
          'accept-encoding': 'gzip, deflate, br',
          connection: 'keep-alive',
          'content-type': 'application/x-www-form-urlencoded',
          'content-length': '138'
        },
        method: 'POST',
        httpVersion: '1.1',
        originalUrl: '/api/v1/bookings/get_empty_slots_count',
        query: {}
      },
      res: { statusCode: 423 },
      responseTime: 324
    },
    timestamp: '2023-03-17T12:20:20.098Z'
  }
}
